11:10:01.437 [main] ERROR o.s.b.SpringApplication - [reportFailure,820] - Application run failed
org.springframework.beans.factory.BeanDefinitionStoreException: Failed to parse configuration class [com.bite.gateway.OjGatewayApplication]
	at org.springframework.context.annotation.ConfigurationClassParser.parse(ConfigurationClassParser.java:178)
	at org.springframework.context.annotation.ConfigurationClassPostProcessor.processConfigBeanDefinitions(ConfigurationClassPostProcessor.java:398)
	at org.springframework.context.annotation.ConfigurationClassPostProcessor.postProcessBeanDefinitionRegistry(ConfigurationClassPostProcessor.java:283)
	at org.springframework.context.support.PostProcessorRegistrationDelegate.invokeBeanDefinitionRegistryPostProcessors(PostProcessorRegistrationDelegate.java:344)
	at org.springframework.context.support.PostProcessorRegistrationDelegate.invokeBeanFactoryPostProcessors(PostProcessorRegistrationDelegate.java:115)
	at org.springframework.context.support.AbstractApplicationContext.invokeBeanFactoryPostProcessors(AbstractApplicationContext.java:745)
	at org.springframework.context.support.AbstractApplicationContext.refresh(AbstractApplicationContext.java:565)
	at org.springframework.boot.web.reactive.context.ReactiveWebServerApplicationContext.refresh(ReactiveWebServerApplicationContext.java:66)
	at org.springframework.boot.SpringApplication.refresh(SpringApplication.java:730)
	at org.springframework.boot.SpringApplication.refreshContext(SpringApplication.java:432)
	at org.springframework.boot.SpringApplication.run(SpringApplication.java:308)
	at org.springframework.boot.SpringApplication.run(SpringApplication.java:1302)
	at org.springframework.boot.SpringApplication.run(SpringApplication.java:1291)
	at com.bite.gateway.OjGatewayApplication.main(OjGatewayApplication.java:9)
Caused by: org.springframework.context.annotation.ConflictingBeanDefinitionException: Annotation-specified bean name 'authFilter' for bean class [com.bite.gateway.filter.AuthFilter] conflicts with existing, non-compatible bean definition of same name and class [com.bite.gateway.AuthFilter]
	at org.springframework.context.annotation.ClassPathBeanDefinitionScanner.checkCandidate(ClassPathBeanDefinitionScanner.java:349)
	at org.springframework.context.annotation.ClassPathBeanDefinitionScanner.doScan(ClassPathBeanDefinitionScanner.java:287)
	at org.springframework.context.annotation.ComponentScanAnnotationParser.parse(ComponentScanAnnotationParser.java:128)
	at org.springframework.context.annotation.ConfigurationClassParser.doProcessConfigurationClass(ConfigurationClassParser.java:289)
	at org.springframework.context.annotation.ConfigurationClassParser.processConfigurationClass(ConfigurationClassParser.java:243)
	at org.springframework.context.annotation.ConfigurationClassParser.parse(ConfigurationClassParser.java:196)
	at org.springframework.context.annotation.ConfigurationClassParser.parse(ConfigurationClassParser.java:164)
	... 13 common frames omitted
11:31:17.473 [reactor-http-nio-2] ERROR c.b.g.f.AuthFilter - [unauthorizedResponse,162] - [鉴权异常处理]请求路径:/system/sysUser/login/
11:32:07.359 [reactor-http-nio-2] ERROR c.b.g.f.AuthFilter - [unauthorizedResponse,162] - [鉴权异常处理]请求路径:/system/sysUser/login/
11:33:41.803 [reactor-http-nio-2] ERROR c.b.g.f.AuthFilter - [unauthorizedResponse,162] - [鉴权异常处理]请求路径:/system/sysUser/login/
11:34:01.577 [reactor-http-nio-2] ERROR c.b.g.f.AuthFilter - [unauthorizedResponse,162] - [鉴权异常处理]请求路径:/system/sysUser/login/
11:43:12.655 [reactor-http-nio-2] ERROR c.b.g.f.AuthFilter - [unauthorizedResponse,162] - [鉴权异常处理]请求路径:/system/sysUser/login/
11:43:13.624 [reactor-http-nio-2] ERROR o.s.w.s.a.HttpWebHandlerAdapter - [handleUnresolvedError,311] - [e389eeee-1] Error [java.io.IOException: 你的主机中的软件中止了一个已建立的连接。] for HTTP POST "/system/sysUser/login/", but ServerHttpResponse already committed (200 OK)
12:29:01.507 [reactor-http-nio-2] ERROR c.b.g.f.AuthFilter - [unauthorizedResponse,162] - [鉴权异常处理]请求路径:/system/test/list
12:35:50.358 [reactor-http-nio-2] ERROR c.b.g.f.AuthFilter - [unauthorizedResponse,162] - [鉴权异常处理]请求路径:/system/test/list
12:36:21.261 [reactor-http-nio-2] ERROR c.b.g.f.AuthFilter - [unauthorizedResponse,162] - [鉴权异常处理]请求路径:/system/test/list
12:36:53.803 [reactor-http-nio-2] ERROR c.b.g.f.AuthFilter - [unauthorizedResponse,162] - [鉴权异常处理]请求路径:/system/test/list
12:37:11.311 [reactor-http-nio-2] ERROR c.b.g.f.AuthFilter - [unauthorizedResponse,162] - [鉴权异常处理]请求路径:/system/test/list
12:38:36.227 [reactor-http-nio-2] ERROR c.b.g.f.AuthFilter - [unauthorizedResponse,162] - [鉴权异常处理]请求路径:/system/test/list
12:47:05.265 [reactor-http-nio-2] ERROR c.b.g.f.AuthFilter - [unauthorizedResponse,162] - [鉴权异常处理]请求路径:/system/test/list
