16:09:02.082 [background-preinit] INFO  o.h.v.i.util.Version - [<clinit>,21] - HV000001: Hibernate Validator 8.0.0.Final
16:09:02.300 [main] INFO  c.a.n.c.u.ParamUtil - [<clinit>,87] - [settings] [req-serv] nacos-server port:8848
16:09:02.300 [main] INFO  c.a.n.c.u.ParamUtil - [<clinit>,98] - [settings] [http-client] connect timeout:1000
16:09:02.301 [main] INFO  c.a.n.c.u.ParamUtil - [<clinit>,105] - PER_TASK_CONFIG_SIZE: 3000.0
16:09:02.331 [main] INFO  c.a.n.p.a.s.c.ClientAuthPluginManager - [init,56] - [ClientAuthPluginManager] Load ClientAuthService com.alibaba.nacos.client.auth.impl.NacosClientAuthServiceImpl success.
16:09:02.331 [main] INFO  c.a.n.p.a.s.c.ClientAuthPluginManager - [init,56] - [ClientAuthPluginManager] Load ClientAuthService com.alibaba.nacos.client.auth.ram.RamClientAuthServiceImpl success.
16:09:02.336 [main] INFO  c.a.n.c.a.r.i.CredentialWatcher - [loadCredential,165] - null No credential found
16:09:03.828 [main] INFO  c.a.n.c.c.i.LocalConfigInfoProcessor - [<clinit>,63] - LOCAL_SNAPSHOT_PATH:C:\Users\YUAN\nacos\config
16:09:03.831 [main] INFO  c.a.n.c.r.client - [lambda$createClient$0,108] - [RpcClientFactory] create a new rpc client of 7cb4ee37-20b0-42e1-b44a-650b77bb8c70_config-0
16:09:03.846 [main] INFO  c.a.n.c.r.client - [printIfInfoEnabled,63] - [7cb4ee37-20b0-42e1-b44a-650b77bb8c70_config-0] Register server push request handler:com.alibaba.nacos.client.config.impl.ClientWorker$ConfigRpcTransportClient$$Lambda$574/0x000001a50c376698
16:09:03.847 [main] INFO  c.a.n.c.r.client - [printIfInfoEnabled,63] - [7cb4ee37-20b0-42e1-b44a-650b77bb8c70_config-0] Register server push request handler:com.alibaba.nacos.client.config.impl.ClientWorker$ConfigRpcTransportClient$$Lambda$575/0x000001a50c376ab8
16:09:03.847 [main] INFO  c.a.n.c.r.client - [printIfInfoEnabled,63] - [7cb4ee37-20b0-42e1-b44a-650b77bb8c70_config-0] Registry connection listener to current client:com.alibaba.nacos.client.config.impl.ClientWorker$ConfigRpcTransportClient$1
16:09:03.847 [main] INFO  c.a.n.c.r.client - [printIfInfoEnabled,63] - [7cb4ee37-20b0-42e1-b44a-650b77bb8c70_config-0] RpcClient init, ServerListFactory = com.alibaba.nacos.client.config.impl.ClientWorker$ConfigRpcTransportClient$2
16:09:03.853 [main] INFO  c.a.n.c.r.client - [printIfInfoEnabled,63] - [7cb4ee37-20b0-42e1-b44a-650b77bb8c70_config-0] Try to connect to server on start up, server: {serverIp = 'localhost', server main port = 8848}
16:09:03.882 [main] INFO  c.a.n.c.r.c.g.GrpcClient - [createNewManagedChannel,182] - grpc client connection server:localhost ip,serverPort:9848,grpcTslConfig:{"sslProvider":"OPENSSL","enableTls":false,"mutualAuthEnable":false,"trustAll":false}
16:09:05.084 [main] INFO  c.a.n.c.r.client - [printIfInfoEnabled,63] - [7cb4ee37-20b0-42e1-b44a-650b77bb8c70_config-0] Success to connect to server [localhost:8848] on start up, connectionId = 1770538144874_172.17.0.1_52812
16:09:05.088 [com.alibaba.nacos.client.remote.worker] INFO  c.a.n.c.r.client - [printIfInfoEnabled,63] - [7cb4ee37-20b0-42e1-b44a-650b77bb8c70_config-0] Notify connected event to listeners.
16:09:05.089 [com.alibaba.nacos.client.remote.worker] INFO  c.a.n.c.c.i.ClientWorker - [onConnected,639] - [7cb4ee37-20b0-42e1-b44a-650b77bb8c70_config-0] Connected,notify listen context...
16:09:05.089 [main] INFO  c.a.n.c.r.client - [printIfInfoEnabled,63] - [7cb4ee37-20b0-42e1-b44a-650b77bb8c70_config-0] Register server push request handler:com.alibaba.nacos.common.remote.client.RpcClient$ConnectResetRequestHandler
16:09:05.089 [main] INFO  c.a.n.c.r.client - [printIfInfoEnabled,63] - [7cb4ee37-20b0-42e1-b44a-650b77bb8c70_config-0] Register server push request handler:com.alibaba.nacos.common.remote.client.RpcClient$$Lambda$596/0x000001a50c4cdaf0
16:09:05.129 [main] INFO  c.a.n.c.c.i.Limiter - [<clinit>,62] - limitTime:5.0
16:09:05.173 [main] INFO  c.a.n.c.c.u.JvmUtil - [<clinit>,54] - isMultiInstance:false
16:09:05.179 [main] INFO  o.s.c.b.c.PropertySourceBootstrapConfiguration - [initialize,108] - Located property source: [BootstrapPropertySource {name='bootstrapProperties-oj-gateway-local.yaml,DEFAULT_GROUP'}, BootstrapPropertySource {name='bootstrapProperties-oj-gateway.yaml,DEFAULT_GROUP'}, BootstrapPropertySource {name='bootstrapProperties-oj-gateway,DEFAULT_GROUP'}]
16:09:05.184 [main] INFO  c.b.g.OjGatewayApplication - [logStartupProfileInfo,636] - The following 1 profile is active: "local"
16:09:05.629 [main] INFO  o.s.d.r.c.RepositoryConfigurationDelegate - [multipleStoresDetected,294] - Multiple Spring Data modules found, entering strict repository configuration mode
16:09:05.632 [main] INFO  o.s.d.r.c.RepositoryConfigurationDelegate - [registerRepositoriesIn,138] - Bootstrapping Spring Data Redis repositories in DEFAULT mode.
16:09:05.658 [main] INFO  o.s.d.r.c.RepositoryConfigurationDelegate - [registerRepositoriesIn,208] - Finished Spring Data repository scanning in 12 ms. Found 0 Redis repository interfaces.
16:09:05.801 [main] INFO  o.s.c.c.s.GenericScope - [setSerializationId,282] - BeanFactory id=f9ea4a78-e918-311a-a3c8-477634846a44
16:09:05.835 [main] INFO  o.s.c.s.PostProcessorRegistrationDelegate$BeanPostProcessorChecker - [postProcessAfterInitialization,409] - Bean 'org.springframework.cloud.client.loadbalancer.reactive.LoadBalancerBeanPostProcessorAutoConfiguration' of type [org.springframework.cloud.client.loadbalancer.reactive.LoadBalancerBeanPostProcessorAutoConfiguration] is not eligible for getting processed by all BeanPostProcessors (for example: not eligible for auto-proxying)
16:09:05.836 [main] INFO  o.s.c.s.PostProcessorRegistrationDelegate$BeanPostProcessorChecker - [postProcessAfterInitialization,409] - Bean 'org.springframework.cloud.client.loadbalancer.reactive.LoadBalancerBeanPostProcessorAutoConfiguration$ReactorDeferringLoadBalancerFilterConfig' of type [org.springframework.cloud.client.loadbalancer.reactive.LoadBalancerBeanPostProcessorAutoConfiguration$ReactorDeferringLoadBalancerFilterConfig] is not eligible for getting processed by all BeanPostProcessors (for example: not eligible for auto-proxying)
16:09:05.837 [main] INFO  o.s.c.s.PostProcessorRegistrationDelegate$BeanPostProcessorChecker - [postProcessAfterInitialization,409] - Bean 'reactorDeferringLoadBalancerExchangeFilterFunction' of type [org.springframework.cloud.client.loadbalancer.reactive.DeferringLoadBalancerExchangeFilterFunction] is not eligible for getting processed by all BeanPostProcessors (for example: not eligible for auto-proxying)
16:09:07.850 [main] INFO  o.s.c.c.u.InetUtils - [convertAddress,170] - Cannot determine local hostname
16:09:21.584 [main] INFO  o.s.c.c.u.InetUtils - [convertAddress,170] - Cannot determine local hostname
16:09:21.942 [main] INFO  o.s.c.g.r.RouteDefinitionRouteLocator - [lambda$initFactories$1,88] - Loaded RoutePredicateFactory [After]
16:09:21.943 [main] INFO  o.s.c.g.r.RouteDefinitionRouteLocator - [lambda$initFactories$1,88] - Loaded RoutePredicateFactory [Before]
16:09:21.943 [main] INFO  o.s.c.g.r.RouteDefinitionRouteLocator - [lambda$initFactories$1,88] - Loaded RoutePredicateFactory [Between]
16:09:21.943 [main] INFO  o.s.c.g.r.RouteDefinitionRouteLocator - [lambda$initFactories$1,88] - Loaded RoutePredicateFactory [Cookie]
16:09:21.943 [main] INFO  o.s.c.g.r.RouteDefinitionRouteLocator - [lambda$initFactories$1,88] - Loaded RoutePredicateFactory [Header]
16:09:21.943 [main] INFO  o.s.c.g.r.RouteDefinitionRouteLocator - [lambda$initFactories$1,88] - Loaded RoutePredicateFactory [Host]
16:09:21.943 [main] INFO  o.s.c.g.r.RouteDefinitionRouteLocator - [lambda$initFactories$1,88] - Loaded RoutePredicateFactory [Method]
16:09:21.943 [main] INFO  o.s.c.g.r.RouteDefinitionRouteLocator - [lambda$initFactories$1,88] - Loaded RoutePredicateFactory [Path]
16:09:21.943 [main] INFO  o.s.c.g.r.RouteDefinitionRouteLocator - [lambda$initFactories$1,88] - Loaded RoutePredicateFactory [Query]
16:09:21.943 [main] INFO  o.s.c.g.r.RouteDefinitionRouteLocator - [lambda$initFactories$1,88] - Loaded RoutePredicateFactory [ReadBody]
16:09:21.943 [main] INFO  o.s.c.g.r.RouteDefinitionRouteLocator - [lambda$initFactories$1,88] - Loaded RoutePredicateFactory [RemoteAddr]
16:09:21.944 [main] INFO  o.s.c.g.r.RouteDefinitionRouteLocator - [lambda$initFactories$1,88] - Loaded RoutePredicateFactory [XForwardedRemoteAddr]
16:09:21.944 [main] INFO  o.s.c.g.r.RouteDefinitionRouteLocator - [lambda$initFactories$1,88] - Loaded RoutePredicateFactory [Weight]
16:09:21.944 [main] INFO  o.s.c.g.r.RouteDefinitionRouteLocator - [lambda$initFactories$1,88] - Loaded RoutePredicateFactory [CloudFoundryRouteService]
16:09:23.713 [main] INFO  o.s.c.c.u.InetUtils - [convertAddress,170] - Cannot determine local hostname
16:09:24.232 [main] INFO  o.s.b.w.e.n.NettyWebServer - [start,111] - Netty started on port 19090
16:09:25.909 [main] INFO  o.s.c.c.u.InetUtils - [convertAddress,170] - Cannot determine local hostname
16:09:27.612 [main] INFO  o.s.c.c.u.InetUtils - [convertAddress,170] - Cannot determine local hostname
16:09:27.616 [main] INFO  c.a.n.client.naming - [initNamespaceForNaming,62] - initializer namespace from ans.namespace attribute : null
16:09:27.617 [main] INFO  c.a.n.client.naming - [lambda$initNamespaceForNaming$0,66] - initializer namespace from ALIBABA_ALIWARE_NAMESPACE attribute :null
16:09:27.618 [main] INFO  c.a.n.client.naming - [lambda$initNamespaceForNaming$1,73] - initializer namespace from namespace attribute :null
16:09:27.627 [main] INFO  c.a.n.p.a.s.c.ClientAuthPluginManager - [init,56] - [ClientAuthPluginManager] Load ClientAuthService com.alibaba.nacos.client.auth.impl.NacosClientAuthServiceImpl success.
16:09:27.628 [main] INFO  c.a.n.p.a.s.c.ClientAuthPluginManager - [init,56] - [ClientAuthPluginManager] Load ClientAuthService com.alibaba.nacos.client.auth.ram.RamClientAuthServiceImpl success.
16:09:27.631 [main] INFO  c.a.n.c.r.client - [lambda$createClient$0,108] - [RpcClientFactory] create a new rpc client of c0763fab-2695-43fc-95bd-99f66b974670
16:09:27.633 [main] INFO  c.a.n.c.r.client - [printIfInfoEnabled,63] - [c0763fab-2695-43fc-95bd-99f66b974670] RpcClient init, ServerListFactory = com.alibaba.nacos.client.naming.core.ServerListManager
16:09:27.633 [main] INFO  c.a.n.c.r.client - [printIfInfoEnabled,63] - [c0763fab-2695-43fc-95bd-99f66b974670] Registry connection listener to current client:com.alibaba.nacos.client.naming.remote.gprc.redo.NamingGrpcRedoService
16:09:27.634 [main] INFO  c.a.n.c.r.client - [printIfInfoEnabled,63] - [c0763fab-2695-43fc-95bd-99f66b974670] Register server push request handler:com.alibaba.nacos.client.naming.remote.gprc.NamingPushRequestHandler
16:09:27.635 [main] INFO  c.a.n.c.r.client - [printIfInfoEnabled,63] - [c0763fab-2695-43fc-95bd-99f66b974670] Try to connect to server on start up, server: {serverIp = 'localhost', server main port = 8848}
16:09:27.635 [main] INFO  c.a.n.c.r.c.g.GrpcClient - [createNewManagedChannel,182] - grpc client connection server:localhost ip,serverPort:9848,grpcTslConfig:{"sslProvider":"OPENSSL","enableTls":false,"mutualAuthEnable":false,"trustAll":false}
16:09:27.751 [main] INFO  c.a.n.c.r.client - [printIfInfoEnabled,63] - [c0763fab-2695-43fc-95bd-99f66b974670] Success to connect to server [localhost:8848] on start up, connectionId = 1770538167643_172.17.0.1_56364
16:09:27.752 [main] INFO  c.a.n.c.r.client - [printIfInfoEnabled,63] - [c0763fab-2695-43fc-95bd-99f66b974670] Register server push request handler:com.alibaba.nacos.common.remote.client.RpcClient$ConnectResetRequestHandler
16:09:27.752 [main] INFO  c.a.n.c.r.client - [printIfInfoEnabled,63] - [c0763fab-2695-43fc-95bd-99f66b974670] Register server push request handler:com.alibaba.nacos.common.remote.client.RpcClient$$Lambda$596/0x000001a50c4cdaf0
16:09:27.752 [com.alibaba.nacos.client.remote.worker] INFO  c.a.n.c.r.client - [printIfInfoEnabled,63] - [c0763fab-2695-43fc-95bd-99f66b974670] Notify connected event to listeners.
16:09:27.752 [com.alibaba.nacos.client.remote.worker] INFO  c.a.n.client.naming - [onConnected,78] - Grpc connection connect
16:09:27.753 [main] INFO  c.a.n.client.naming - [registerService,121] - [REGISTER-SERVICE] 1b90f136-42ba-4e2e-9214-fe3fa7476e5e registering service oj-gateway with instance Instance{instanceId='null', ip='26.167.161.225', port=19090, weight=1.0, healthy=true, enabled=true, ephemeral=true, clusterName='DEFAULT', serviceName='null', metadata={IPv6=[2001:0:14c9:d502:20d2:21a3:d85d:6b08], preserved.register.source=SPRING_CLOUD}}
16:09:27.768 [main] INFO  c.a.c.n.r.NacosServiceRegistry - [register,76] - nacos registry, DEFAULT_GROUP oj-gateway 26.167.161.225:19090 register finished
16:09:27.820 [main] INFO  c.b.g.OjGatewayApplication - [logStarted,57] - Started OjGatewayApplication in 27.422 seconds (process running for 28.249)
16:09:27.824 [main] INFO  c.a.n.c.c.i.CacheData - [<clinit>,67] - nacos.cache.data.init.snapshot = true 
16:09:27.826 [main] INFO  c.a.n.c.c.i.ClientWorker - [addCacheDataIfAbsent,380] - [fixed-1b90f136-42ba-4e2e-9214-fe3fa7476e5e-localhost_8848] [subscribe] oj-gateway-local.yaml+DEFAULT_GROUP+1b90f136-42ba-4e2e-9214-fe3fa7476e5e
16:09:27.834 [main] INFO  c.a.n.c.c.i.CacheData - [addListener,197] - [fixed-1b90f136-42ba-4e2e-9214-fe3fa7476e5e-localhost_8848] [add-listener] ok, tenant=1b90f136-42ba-4e2e-9214-fe3fa7476e5e, dataId=oj-gateway-local.yaml, group=DEFAULT_GROUP, cnt=1
16:09:27.834 [main] INFO  c.a.c.n.r.NacosContextRefresher - [registerNacosListener,129] - [Nacos Config] Listening config: dataId=oj-gateway-local.yaml, group=DEFAULT_GROUP
16:09:27.835 [main] INFO  c.a.n.c.c.i.ClientWorker - [addCacheDataIfAbsent,380] - [fixed-1b90f136-42ba-4e2e-9214-fe3fa7476e5e-localhost_8848] [subscribe] oj-gateway+DEFAULT_GROUP+1b90f136-42ba-4e2e-9214-fe3fa7476e5e
16:09:27.835 [main] INFO  c.a.n.c.c.i.CacheData - [addListener,197] - [fixed-1b90f136-42ba-4e2e-9214-fe3fa7476e5e-localhost_8848] [add-listener] ok, tenant=1b90f136-42ba-4e2e-9214-fe3fa7476e5e, dataId=oj-gateway, group=DEFAULT_GROUP, cnt=1
16:09:27.835 [main] INFO  c.a.c.n.r.NacosContextRefresher - [registerNacosListener,129] - [Nacos Config] Listening config: dataId=oj-gateway, group=DEFAULT_GROUP
16:09:27.835 [main] INFO  c.a.n.c.c.i.ClientWorker - [addCacheDataIfAbsent,380] - [fixed-1b90f136-42ba-4e2e-9214-fe3fa7476e5e-localhost_8848] [subscribe] oj-gateway.yaml+DEFAULT_GROUP+1b90f136-42ba-4e2e-9214-fe3fa7476e5e
16:09:27.835 [main] INFO  c.a.n.c.c.i.CacheData - [addListener,197] - [fixed-1b90f136-42ba-4e2e-9214-fe3fa7476e5e-localhost_8848] [add-listener] ok, tenant=1b90f136-42ba-4e2e-9214-fe3fa7476e5e, dataId=oj-gateway.yaml, group=DEFAULT_GROUP, cnt=1
16:09:27.835 [main] INFO  c.a.c.n.r.NacosContextRefresher - [registerNacosListener,129] - [Nacos Config] Listening config: dataId=oj-gateway.yaml, group=DEFAULT_GROUP
16:34:34.869 [boundedElastic-1] INFO  c.a.n.client.naming - [subscribe,167] - [SUBSCRIBE-SERVICE] service:oj-system, group:DEFAULT_GROUP, clusters: 
16:34:35.003 [boundedElastic-1] INFO  c.a.n.client.naming - [isChangedServiceInfo,184] - init new ips(1) service: DEFAULT_GROUP@@oj-system -> [{"ip":"26.167.161.225","port":9201,"weight":1.0,"healthy":true,"enabled":true,"ephemeral":true,"clusterName":"DEFAULT","serviceName":"DEFAULT_GROUP@@oj-system","metadata":{"preserved.register.source":"SPRING_CLOUD","IPv6":"[2001:0:14c9:d502:20d2:21a3:d85d:6b08]"},"instanceHeartBeatInterval":5000,"instanceHeartBeatTimeOut":15000,"ipDeleteTimeout":30000}]
16:34:35.004 [boundedElastic-1] INFO  c.a.n.client.naming - [processServiceInfo,169] - current ips:(1) service: DEFAULT_GROUP@@oj-system -> [{"ip":"26.167.161.225","port":9201,"weight":1.0,"healthy":true,"enabled":true,"ephemeral":true,"clusterName":"DEFAULT","serviceName":"DEFAULT_GROUP@@oj-system","metadata":{"preserved.register.source":"SPRING_CLOUD","IPv6":"[2001:0:14c9:d502:20d2:21a3:d85d:6b08]"},"instanceHeartBeatInterval":5000,"instanceHeartBeatTimeOut":15000,"ipDeleteTimeout":30000}]
16:34:35.622 [nacos-grpc-client-executor-localhost-323] INFO  c.a.n.c.r.client - [printIfInfoEnabled,63] - [c0763fab-2695-43fc-95bd-99f66b974670] Receive server push request, request = NotifySubscriberRequest, requestId = 1
16:34:35.623 [nacos-grpc-client-executor-localhost-323] INFO  c.a.n.c.r.client - [printIfInfoEnabled,63] - [c0763fab-2695-43fc-95bd-99f66b974670] Ack server push request, request = NotifySubscriberRequest, requestId = 1
