09:04:24.618 [background-preinit] INFO  o.h.v.i.util.Version - [<clinit>,21] - HV000001: Hibernate Validator 8.0.0.Final
09:04:24.977 [main] INFO  c.a.n.c.u.ParamUtil - [<clinit>,87] - [settings] [req-serv] nacos-server port:8848
09:04:24.979 [main] INFO  c.a.n.c.u.ParamUtil - [<clinit>,98] - [settings] [http-client] connect timeout:1000
09:04:24.980 [main] INFO  c.a.n.c.u.ParamUtil - [<clinit>,105] - PER_TASK_CONFIG_SIZE: 3000.0
09:04:25.024 [main] INFO  c.a.n.p.a.s.c.ClientAuthPluginManager - [init,56] - [ClientAuthPluginManager] Load ClientAuthService com.alibaba.nacos.client.auth.impl.NacosClientAuthServiceImpl success.
09:04:25.024 [main] INFO  c.a.n.p.a.s.c.ClientAuthPluginManager - [init,56] - [ClientAuthPluginManager] Load ClientAuthService com.alibaba.nacos.client.auth.ram.RamClientAuthServiceImpl success.
09:04:25.028 [main] INFO  c.a.n.c.a.r.i.CredentialWatcher - [loadCredential,165] - null No credential found
09:04:26.622 [main] INFO  c.a.n.c.c.i.LocalConfigInfoProcessor - [<clinit>,63] - LOCAL_SNAPSHOT_PATH:C:\Users\YUAN\nacos\config
09:04:26.626 [main] INFO  c.a.n.c.r.client - [lambda$createClient$0,108] - [RpcClientFactory] create a new rpc client of e1da7abd-7a63-45b1-a06d-0f8ef220b7e1_config-0
09:04:26.658 [main] INFO  c.a.n.c.r.client - [printIfInfoEnabled,63] - [e1da7abd-7a63-45b1-a06d-0f8ef220b7e1_config-0] Register server push request handler:com.alibaba.nacos.client.config.impl.ClientWorker$ConfigRpcTransportClient$$Lambda$582/0x000001c2b3396b58
09:04:26.658 [main] INFO  c.a.n.c.r.client - [printIfInfoEnabled,63] - [e1da7abd-7a63-45b1-a06d-0f8ef220b7e1_config-0] Register server push request handler:com.alibaba.nacos.client.config.impl.ClientWorker$ConfigRpcTransportClient$$Lambda$583/0x000001c2b3396f78
09:04:26.659 [main] INFO  c.a.n.c.r.client - [printIfInfoEnabled,63] - [e1da7abd-7a63-45b1-a06d-0f8ef220b7e1_config-0] Registry connection listener to current client:com.alibaba.nacos.client.config.impl.ClientWorker$ConfigRpcTransportClient$1
09:04:26.659 [main] INFO  c.a.n.c.r.client - [printIfInfoEnabled,63] - [e1da7abd-7a63-45b1-a06d-0f8ef220b7e1_config-0] RpcClient init, ServerListFactory = com.alibaba.nacos.client.config.impl.ClientWorker$ConfigRpcTransportClient$2
09:04:26.669 [main] INFO  c.a.n.c.r.client - [printIfInfoEnabled,63] - [e1da7abd-7a63-45b1-a06d-0f8ef220b7e1_config-0] Try to connect to server on start up, server: {serverIp = 'localhost', server main port = 8848}
09:04:26.714 [main] INFO  c.a.n.c.r.c.g.GrpcClient - [createNewManagedChannel,182] - grpc client connection server:localhost ip,serverPort:9848,grpcTslConfig:{"sslProvider":"OPENSSL","enableTls":false,"mutualAuthEnable":false,"trustAll":false}
09:04:28.232 [main] INFO  c.a.n.c.r.client - [printIfInfoEnabled,63] - [e1da7abd-7a63-45b1-a06d-0f8ef220b7e1_config-0] Success to connect to server [localhost:8848] on start up, connectionId = 1771549468006_172.17.0.1_34056
09:04:28.234 [com.alibaba.nacos.client.remote.worker] INFO  c.a.n.c.r.client - [printIfInfoEnabled,63] - [e1da7abd-7a63-45b1-a06d-0f8ef220b7e1_config-0] Notify connected event to listeners.
09:04:28.234 [com.alibaba.nacos.client.remote.worker] INFO  c.a.n.c.c.i.ClientWorker - [onConnected,639] - [e1da7abd-7a63-45b1-a06d-0f8ef220b7e1_config-0] Connected,notify listen context...
09:04:28.234 [main] INFO  c.a.n.c.r.client - [printIfInfoEnabled,63] - [e1da7abd-7a63-45b1-a06d-0f8ef220b7e1_config-0] Register server push request handler:com.alibaba.nacos.common.remote.client.RpcClient$ConnectResetRequestHandler
09:04:28.234 [main] INFO  c.a.n.c.r.client - [printIfInfoEnabled,63] - [e1da7abd-7a63-45b1-a06d-0f8ef220b7e1_config-0] Register server push request handler:com.alibaba.nacos.common.remote.client.RpcClient$$Lambda$604/0x000001c2b34de788
09:04:28.296 [main] INFO  c.a.n.c.c.i.Limiter - [<clinit>,62] - limitTime:5.0
09:04:28.352 [main] INFO  c.a.n.c.c.u.JvmUtil - [<clinit>,54] - isMultiInstance:false
09:04:28.358 [main] INFO  o.s.c.b.c.PropertySourceBootstrapConfiguration - [initialize,108] - Located property source: [BootstrapPropertySource {name='bootstrapProperties-oj-system-local.yaml,DEFAULT_GROUP'}, BootstrapPropertySource {name='bootstrapProperties-oj-system.yaml,DEFAULT_GROUP'}, BootstrapPropertySource {name='bootstrapProperties-oj-system,DEFAULT_GROUP'}]
09:04:28.363 [main] INFO  c.b.s.OjSystemApplication - [logStartupProfileInfo,636] - The following 1 profile is active: "local"
09:04:29.125 [main] INFO  o.s.d.r.c.RepositoryConfigurationDelegate - [multipleStoresDetected,294] - Multiple Spring Data modules found, entering strict repository configuration mode
09:04:29.128 [main] INFO  o.s.d.r.c.RepositoryConfigurationDelegate - [registerRepositoriesIn,138] - Bootstrapping Spring Data Redis repositories in DEFAULT mode.
09:04:29.158 [main] INFO  o.s.d.r.c.RepositoryConfigurationDelegate - [registerRepositoriesIn,208] - Finished Spring Data repository scanning in 15 ms. Found 0 Redis repository interfaces.
09:04:29.373 [main] INFO  o.s.c.c.s.GenericScope - [setSerializationId,282] - BeanFactory id=a4123f74-2ad8-3cb1-b066-c891a5094f09
09:04:29.895 [main] INFO  o.s.b.w.e.t.TomcatWebServer - [initialize,108] - Tomcat initialized with port(s): 9201 (http)
09:04:29.896 [main] INFO  o.a.c.c.AprLifecycleListener - [log,173] - An older version [1.3.1] of the Apache Tomcat Native library is installed, while Tomcat recommends a minimum version of [2.0.1]
09:04:29.896 [main] INFO  o.a.c.c.AprLifecycleListener - [log,173] - Loaded Apache Tomcat Native library [1.3.1] using APR version [1.7.4].
09:04:29.902 [main] INFO  o.a.c.c.AprLifecycleListener - [log,173] - OpenSSL successfully initialized [OpenSSL 3.0.14 4 Jun 2024]
09:04:29.919 [main] INFO  o.a.c.h.Http11NioProtocol - [log,173] - Initializing ProtocolHandler ["http-nio-9201"]
09:04:29.919 [main] INFO  o.a.c.c.StandardService - [log,173] - Starting service [Tomcat]
09:04:29.920 [main] INFO  o.a.c.c.StandardEngine - [log,173] - Starting Servlet engine: [Apache Tomcat/10.1.4]
09:04:30.052 [main] INFO  o.a.c.c.C.[.[.[/] - [log,173] - Initializing Spring embedded WebApplicationContext
09:04:30.052 [main] INFO  o.s.b.w.s.c.ServletWebServerApplicationContext - [prepareWebApplicationContext,291] - Root WebApplicationContext: initialization completed in 1674 ms
09:04:32.777 [main] INFO  o.s.c.c.u.InetUtils - [convertAddress,170] - Cannot determine local hostname
09:04:45.145 [main] INFO  o.s.c.c.u.InetUtils - [convertAddress,170] - Cannot determine local hostname
09:04:45.206 [main] INFO  o.a.c.h.Http11NioProtocol - [log,173] - Starting ProtocolHandler ["http-nio-9201"]
09:04:45.224 [main] INFO  o.s.b.w.e.t.TomcatWebServer - [start,220] - Tomcat started on port(s): 9201 (http) with context path ''
09:04:45.229 [main] INFO  c.a.n.client.naming - [initNamespaceForNaming,62] - initializer namespace from ans.namespace attribute : null
09:04:45.229 [main] INFO  c.a.n.client.naming - [lambda$initNamespaceForNaming$0,66] - initializer namespace from ALIBABA_ALIWARE_NAMESPACE attribute :null
09:04:45.230 [main] INFO  c.a.n.client.naming - [lambda$initNamespaceForNaming$1,73] - initializer namespace from namespace attribute :null
09:04:45.244 [main] INFO  c.a.n.p.a.s.c.ClientAuthPluginManager - [init,56] - [ClientAuthPluginManager] Load ClientAuthService com.alibaba.nacos.client.auth.impl.NacosClientAuthServiceImpl success.
09:04:45.244 [main] INFO  c.a.n.p.a.s.c.ClientAuthPluginManager - [init,56] - [ClientAuthPluginManager] Load ClientAuthService com.alibaba.nacos.client.auth.ram.RamClientAuthServiceImpl success.
09:04:45.248 [main] INFO  c.a.n.c.r.client - [lambda$createClient$0,108] - [RpcClientFactory] create a new rpc client of d2d466ad-2aaa-4283-a867-14880d42674a
09:04:45.251 [main] INFO  c.a.n.c.r.client - [printIfInfoEnabled,63] - [d2d466ad-2aaa-4283-a867-14880d42674a] RpcClient init, ServerListFactory = com.alibaba.nacos.client.naming.core.ServerListManager
09:04:45.251 [main] INFO  c.a.n.c.r.client - [printIfInfoEnabled,63] - [d2d466ad-2aaa-4283-a867-14880d42674a] Registry connection listener to current client:com.alibaba.nacos.client.naming.remote.gprc.redo.NamingGrpcRedoService
09:04:45.251 [main] INFO  c.a.n.c.r.client - [printIfInfoEnabled,63] - [d2d466ad-2aaa-4283-a867-14880d42674a] Register server push request handler:com.alibaba.nacos.client.naming.remote.gprc.NamingPushRequestHandler
09:04:45.251 [main] INFO  c.a.n.c.r.client - [printIfInfoEnabled,63] - [d2d466ad-2aaa-4283-a867-14880d42674a] Try to connect to server on start up, server: {serverIp = 'localhost', server main port = 8848}
09:04:45.252 [main] INFO  c.a.n.c.r.c.g.GrpcClient - [createNewManagedChannel,182] - grpc client connection server:localhost ip,serverPort:9848,grpcTslConfig:{"sslProvider":"OPENSSL","enableTls":false,"mutualAuthEnable":false,"trustAll":false}
09:04:45.410 [main] INFO  c.a.n.c.r.client - [printIfInfoEnabled,63] - [d2d466ad-2aaa-4283-a867-14880d42674a] Success to connect to server [localhost:8848] on start up, connectionId = 1771549485295_172.17.0.1_45936
09:04:45.410 [main] INFO  c.a.n.c.r.client - [printIfInfoEnabled,63] - [d2d466ad-2aaa-4283-a867-14880d42674a] Register server push request handler:com.alibaba.nacos.common.remote.client.RpcClient$ConnectResetRequestHandler
09:04:45.410 [com.alibaba.nacos.client.remote.worker] INFO  c.a.n.c.r.client - [printIfInfoEnabled,63] - [d2d466ad-2aaa-4283-a867-14880d42674a] Notify connected event to listeners.
09:04:45.410 [main] INFO  c.a.n.c.r.client - [printIfInfoEnabled,63] - [d2d466ad-2aaa-4283-a867-14880d42674a] Register server push request handler:com.alibaba.nacos.common.remote.client.RpcClient$$Lambda$604/0x000001c2b34de788
09:04:45.410 [com.alibaba.nacos.client.remote.worker] INFO  c.a.n.client.naming - [onConnected,78] - Grpc connection connect
09:04:45.411 [main] INFO  c.a.n.client.naming - [registerService,121] - [REGISTER-SERVICE] 1b90f136-42ba-4e2e-9214-fe3fa7476e5e registering service oj-system with instance Instance{instanceId='null', ip='26.167.161.225', port=9201, weight=1.0, healthy=true, enabled=true, ephemeral=true, clusterName='DEFAULT', serviceName='null', metadata={IPv6=[2001:0:14c9:d502:4e5:5cf1:d85d:6bd5], preserved.register.source=SPRING_CLOUD}}
09:04:45.426 [main] INFO  c.a.c.n.r.NacosServiceRegistry - [register,76] - nacos registry, DEFAULT_GROUP oj-system 26.167.161.225:9201 register finished
09:04:46.840 [main] INFO  o.s.c.c.u.InetUtils - [convertAddress,170] - Cannot determine local hostname
09:04:46.851 [main] INFO  c.b.s.OjSystemApplication - [logStarted,57] - Started OjSystemApplication in 24.325 seconds (process running for 26.093)
09:04:46.855 [main] INFO  c.a.n.c.c.i.CacheData - [<clinit>,67] - nacos.cache.data.init.snapshot = true 
09:04:46.857 [main] INFO  c.a.n.c.c.i.ClientWorker - [addCacheDataIfAbsent,380] - [fixed-1b90f136-42ba-4e2e-9214-fe3fa7476e5e-localhost_8848] [subscribe] oj-system-local.yaml+DEFAULT_GROUP+1b90f136-42ba-4e2e-9214-fe3fa7476e5e
09:04:46.868 [main] INFO  c.a.n.c.c.i.CacheData - [addListener,197] - [fixed-1b90f136-42ba-4e2e-9214-fe3fa7476e5e-localhost_8848] [add-listener] ok, tenant=1b90f136-42ba-4e2e-9214-fe3fa7476e5e, dataId=oj-system-local.yaml, group=DEFAULT_GROUP, cnt=1
09:04:46.868 [main] INFO  c.a.c.n.r.NacosContextRefresher - [registerNacosListener,129] - [Nacos Config] Listening config: dataId=oj-system-local.yaml, group=DEFAULT_GROUP
09:04:46.868 [main] INFO  c.a.n.c.c.i.ClientWorker - [addCacheDataIfAbsent,380] - [fixed-1b90f136-42ba-4e2e-9214-fe3fa7476e5e-localhost_8848] [subscribe] oj-system+DEFAULT_GROUP+1b90f136-42ba-4e2e-9214-fe3fa7476e5e
09:04:46.868 [main] INFO  c.a.n.c.c.i.CacheData - [addListener,197] - [fixed-1b90f136-42ba-4e2e-9214-fe3fa7476e5e-localhost_8848] [add-listener] ok, tenant=1b90f136-42ba-4e2e-9214-fe3fa7476e5e, dataId=oj-system, group=DEFAULT_GROUP, cnt=1
09:04:46.868 [main] INFO  c.a.c.n.r.NacosContextRefresher - [registerNacosListener,129] - [Nacos Config] Listening config: dataId=oj-system, group=DEFAULT_GROUP
09:04:46.869 [main] INFO  c.a.n.c.c.i.ClientWorker - [addCacheDataIfAbsent,380] - [fixed-1b90f136-42ba-4e2e-9214-fe3fa7476e5e-localhost_8848] [subscribe] oj-system.yaml+DEFAULT_GROUP+1b90f136-42ba-4e2e-9214-fe3fa7476e5e
09:04:46.869 [main] INFO  c.a.n.c.c.i.CacheData - [addListener,197] - [fixed-1b90f136-42ba-4e2e-9214-fe3fa7476e5e-localhost_8848] [add-listener] ok, tenant=1b90f136-42ba-4e2e-9214-fe3fa7476e5e, dataId=oj-system.yaml, group=DEFAULT_GROUP, cnt=1
09:04:46.869 [main] INFO  c.a.c.n.r.NacosContextRefresher - [registerNacosListener,129] - [Nacos Config] Listening config: dataId=oj-system.yaml, group=DEFAULT_GROUP
09:05:11.097 [http-nio-9201-exec-1] INFO  o.a.c.c.C.[.[.[/] - [log,173] - Initializing Spring DispatcherServlet 'dispatcherServlet'
09:05:11.097 [http-nio-9201-exec-1] INFO  o.s.w.s.DispatcherServlet - [initServletBean,532] - Initializing Servlet 'dispatcherServlet'
09:05:11.099 [http-nio-9201-exec-1] INFO  o.s.w.s.DispatcherServlet - [initServletBean,554] - Completed initialization in 0 ms
09:05:11.244 [http-nio-9201-exec-1] INFO  c.z.h.HikariDataSource - [getConnection,110] - HikariPool-1 - Starting...
09:05:11.582 [http-nio-9201-exec-1] INFO  c.z.h.p.HikariPool - [checkFailFast,565] - HikariPool-1 - Added connection com.mysql.cj.jdbc.ConnectionImpl@290999e3
09:05:11.584 [http-nio-9201-exec-1] INFO  c.z.h.HikariDataSource - [getConnection,123] - HikariPool-1 - Start completed.
09:34:25.233 [SpringApplicationShutdownHook] INFO  c.a.c.n.r.NacosServiceRegistry - [deregister,95] - De-registering from Nacos Server now...
09:34:25.237 [SpringApplicationShutdownHook] INFO  c.a.n.client.naming - [deregisterService,217] - [DEREGISTER-SERVICE] 1b90f136-42ba-4e2e-9214-fe3fa7476e5e deregistering service oj-system with instance: Instance{instanceId='null', ip='26.167.161.225', port=9201, weight=1.0, healthy=true, enabled=true, ephemeral=true, clusterName='DEFAULT', serviceName='null', metadata={}}
09:34:25.244 [SpringApplicationShutdownHook] INFO  c.a.c.n.r.NacosServiceRegistry - [deregister,115] - De-registration finished.
09:34:25.245 [SpringApplicationShutdownHook] INFO  c.a.n.client.naming - [shutdown,256] - com.alibaba.nacos.client.naming.cache.ServiceInfoHolder do shutdown begin
09:34:25.246 [SpringApplicationShutdownHook] INFO  c.a.n.client.naming - [shutdown,136] - com.alibaba.nacos.client.naming.backups.FailoverReactor do shutdown begin
09:34:25.246 [SpringApplicationShutdownHook] INFO  c.a.n.client.naming - [shutdown,138] - com.alibaba.nacos.client.naming.backups.FailoverReactor do shutdown stop
09:34:25.246 [SpringApplicationShutdownHook] INFO  c.a.n.client.naming - [shutdown,258] - com.alibaba.nacos.client.naming.cache.ServiceInfoHolder do shutdown stop
09:34:25.246 [SpringApplicationShutdownHook] INFO  c.a.n.client.naming - [shutdown,204] - com.alibaba.nacos.client.naming.remote.NamingClientProxyDelegate do shutdown begin
09:34:25.246 [SpringApplicationShutdownHook] INFO  c.a.n.client.naming - [shutdown,143] - com.alibaba.nacos.client.naming.core.ServiceInfoUpdateService do shutdown begin
09:34:25.246 [SpringApplicationShutdownHook] INFO  c.a.n.client.naming - [shutdown,145] - com.alibaba.nacos.client.naming.core.ServiceInfoUpdateService do shutdown stop
09:34:25.247 [SpringApplicationShutdownHook] INFO  c.a.n.client.naming - [shutdown,194] - com.alibaba.nacos.client.naming.core.ServerListManager do shutdown begin
09:34:25.247 [SpringApplicationShutdownHook] INFO  c.a.n.client.naming - [shutdown,199] - com.alibaba.nacos.client.naming.core.ServerListManager do shutdown stop
09:34:25.247 [SpringApplicationShutdownHook] INFO  c.a.n.client.naming - [shutdown,484] - com.alibaba.nacos.client.naming.remote.http.NamingHttpClientProxy do shutdown begin
09:34:25.247 [SpringApplicationShutdownHook] INFO  c.a.n.client.naming - [shutdown,486] - com.alibaba.nacos.client.naming.remote.http.NamingHttpClientProxy do shutdown stop
09:34:25.248 [SpringApplicationShutdownHook] INFO  c.a.n.c.r.client - [shutdown,429] - Shutdown rpc client, set status to shutdown
09:34:25.248 [SpringApplicationShutdownHook] INFO  c.a.n.c.r.client - [shutdown,431] - Shutdown client event executor java.util.concurrent.ScheduledThreadPoolExecutor@9129582[Running, pool size = 2, active threads = 2, queued tasks = 0, completed tasks = 0]
09:34:25.248 [SpringApplicationShutdownHook] INFO  c.a.n.c.r.client - [closeConnection,584] - Close current connection 1771549485295_172.17.0.1_45936
09:34:25.253 [nacos-grpc-client-executor-localhost-316] INFO  c.a.n.c.r.c.g.GrpcClient - [printIfInfoEnabled,63] - [1771549485295_172.17.0.1_45936]Ignore complete event,isRunning:false,isAbandon=false
09:34:25.263 [SpringApplicationShutdownHook] INFO  c.a.n.c.r.c.g.GrpcClient - [shutdown,159] - Shutdown grpc executor java.util.concurrent.ThreadPoolExecutor@51fe0632[Running, pool size = 4, active threads = 0, queued tasks = 0, completed tasks = 317]
09:34:25.263 [SpringApplicationShutdownHook] INFO  c.a.n.client.naming - [shutdown,318] - Shutdown grpc redo service executor java.util.concurrent.ScheduledThreadPoolExecutor@3525032f[Running, pool size = 1, active threads = 0, queued tasks = 1, completed tasks = 512]
09:34:25.264 [SpringApplicationShutdownHook] INFO  c.a.n.c.a.r.i.CredentialWatcher - [stop,106] - [null] CredentialWatcher is stopped
09:34:25.264 [SpringApplicationShutdownHook] INFO  c.a.n.c.a.r.i.CredentialService - [free,100] - [null] CredentialService is freed
09:34:25.264 [SpringApplicationShutdownHook] INFO  c.a.n.client.naming - [shutdown,211] - com.alibaba.nacos.client.naming.remote.NamingClientProxyDelegate do shutdown stop
09:34:25.441 [SpringApplicationShutdownHook] INFO  c.z.h.HikariDataSource - [close,350] - HikariPool-1 - Shutdown initiated...
09:34:25.457 [SpringApplicationShutdownHook] INFO  c.z.h.HikariDataSource - [close,352] - HikariPool-1 - Shutdown completed.
09:34:31.609 [background-preinit] INFO  o.h.v.i.util.Version - [<clinit>,21] - HV000001: Hibernate Validator 8.0.0.Final
09:34:31.905 [main] INFO  c.a.n.c.u.ParamUtil - [<clinit>,87] - [settings] [req-serv] nacos-server port:8848
09:34:31.905 [main] INFO  c.a.n.c.u.ParamUtil - [<clinit>,98] - [settings] [http-client] connect timeout:1000
09:34:31.906 [main] INFO  c.a.n.c.u.ParamUtil - [<clinit>,105] - PER_TASK_CONFIG_SIZE: 3000.0
09:34:31.949 [main] INFO  c.a.n.p.a.s.c.ClientAuthPluginManager - [init,56] - [ClientAuthPluginManager] Load ClientAuthService com.alibaba.nacos.client.auth.impl.NacosClientAuthServiceImpl success.
09:34:31.949 [main] INFO  c.a.n.p.a.s.c.ClientAuthPluginManager - [init,56] - [ClientAuthPluginManager] Load ClientAuthService com.alibaba.nacos.client.auth.ram.RamClientAuthServiceImpl success.
09:34:31.953 [main] INFO  c.a.n.c.a.r.i.CredentialWatcher - [loadCredential,165] - null No credential found
09:34:33.501 [main] INFO  c.a.n.c.c.i.LocalConfigInfoProcessor - [<clinit>,63] - LOCAL_SNAPSHOT_PATH:C:\Users\YUAN\nacos\config
09:34:33.508 [main] INFO  c.a.n.c.r.client - [lambda$createClient$0,108] - [RpcClientFactory] create a new rpc client of 6a713c81-f26c-4a71-b918-c801c70a8da5_config-0
09:34:33.534 [main] INFO  c.a.n.c.r.client - [printIfInfoEnabled,63] - [6a713c81-f26c-4a71-b918-c801c70a8da5_config-0] Register server push request handler:com.alibaba.nacos.client.config.impl.ClientWorker$ConfigRpcTransportClient$$Lambda$582/0x000001d9a23973b0
09:34:33.534 [main] INFO  c.a.n.c.r.client - [printIfInfoEnabled,63] - [6a713c81-f26c-4a71-b918-c801c70a8da5_config-0] Register server push request handler:com.alibaba.nacos.client.config.impl.ClientWorker$ConfigRpcTransportClient$$Lambda$583/0x000001d9a23977d0
09:34:33.534 [main] INFO  c.a.n.c.r.client - [printIfInfoEnabled,63] - [6a713c81-f26c-4a71-b918-c801c70a8da5_config-0] Registry connection listener to current client:com.alibaba.nacos.client.config.impl.ClientWorker$ConfigRpcTransportClient$1
09:34:33.534 [main] INFO  c.a.n.c.r.client - [printIfInfoEnabled,63] - [6a713c81-f26c-4a71-b918-c801c70a8da5_config-0] RpcClient init, ServerListFactory = com.alibaba.nacos.client.config.impl.ClientWorker$ConfigRpcTransportClient$2
09:34:33.544 [main] INFO  c.a.n.c.r.client - [printIfInfoEnabled,63] - [6a713c81-f26c-4a71-b918-c801c70a8da5_config-0] Try to connect to server on start up, server: {serverIp = 'localhost', server main port = 8848}
09:34:33.582 [main] INFO  c.a.n.c.r.c.g.GrpcClient - [createNewManagedChannel,182] - grpc client connection server:localhost ip,serverPort:9848,grpcTslConfig:{"sslProvider":"OPENSSL","enableTls":false,"mutualAuthEnable":false,"trustAll":false}
09:34:34.969 [main] INFO  c.a.n.c.r.client - [printIfInfoEnabled,63] - [6a713c81-f26c-4a71-b918-c801c70a8da5_config-0] Success to connect to server [localhost:8848] on start up, connectionId = 1771551274744_172.17.0.1_48296
09:34:34.970 [com.alibaba.nacos.client.remote.worker] INFO  c.a.n.c.r.client - [printIfInfoEnabled,63] - [6a713c81-f26c-4a71-b918-c801c70a8da5_config-0] Notify connected event to listeners.
09:34:34.970 [com.alibaba.nacos.client.remote.worker] INFO  c.a.n.c.c.i.ClientWorker - [onConnected,639] - [6a713c81-f26c-4a71-b918-c801c70a8da5_config-0] Connected,notify listen context...
09:34:34.970 [main] INFO  c.a.n.c.r.client - [printIfInfoEnabled,63] - [6a713c81-f26c-4a71-b918-c801c70a8da5_config-0] Register server push request handler:com.alibaba.nacos.common.remote.client.RpcClient$ConnectResetRequestHandler
09:34:34.970 [main] INFO  c.a.n.c.r.client - [printIfInfoEnabled,63] - [6a713c81-f26c-4a71-b918-c801c70a8da5_config-0] Register server push request handler:com.alibaba.nacos.common.remote.client.RpcClient$$Lambda$604/0x000001d9a24de150
09:34:35.019 [main] INFO  c.a.n.c.c.i.Limiter - [<clinit>,62] - limitTime:5.0
09:34:35.054 [main] INFO  c.a.n.c.c.u.JvmUtil - [<clinit>,54] - isMultiInstance:false
09:34:35.059 [main] INFO  o.s.c.b.c.PropertySourceBootstrapConfiguration - [initialize,108] - Located property source: [BootstrapPropertySource {name='bootstrapProperties-oj-system-local.yaml,DEFAULT_GROUP'}, BootstrapPropertySource {name='bootstrapProperties-oj-system.yaml,DEFAULT_GROUP'}, BootstrapPropertySource {name='bootstrapProperties-oj-system,DEFAULT_GROUP'}]
09:34:35.065 [main] INFO  c.b.s.OjSystemApplication - [logStartupProfileInfo,636] - The following 1 profile is active: "local"
09:34:35.734 [main] INFO  o.s.d.r.c.RepositoryConfigurationDelegate - [multipleStoresDetected,294] - Multiple Spring Data modules found, entering strict repository configuration mode
09:34:35.737 [main] INFO  o.s.d.r.c.RepositoryConfigurationDelegate - [registerRepositoriesIn,138] - Bootstrapping Spring Data Redis repositories in DEFAULT mode.
09:34:35.764 [main] INFO  o.s.d.r.c.RepositoryConfigurationDelegate - [registerRepositoriesIn,208] - Finished Spring Data repository scanning in 14 ms. Found 0 Redis repository interfaces.
09:34:35.970 [main] INFO  o.s.c.c.s.GenericScope - [setSerializationId,282] - BeanFactory id=a4123f74-2ad8-3cb1-b066-c891a5094f09
09:34:36.426 [main] INFO  o.s.b.w.e.t.TomcatWebServer - [initialize,108] - Tomcat initialized with port(s): 9201 (http)
09:34:36.428 [main] INFO  o.a.c.c.AprLifecycleListener - [log,173] - An older version [1.3.1] of the Apache Tomcat Native library is installed, while Tomcat recommends a minimum version of [2.0.1]
09:34:36.428 [main] INFO  o.a.c.c.AprLifecycleListener - [log,173] - Loaded Apache Tomcat Native library [1.3.1] using APR version [1.7.4].
09:34:36.449 [main] INFO  o.a.c.c.AprLifecycleListener - [log,173] - OpenSSL successfully initialized [OpenSSL 3.0.14 4 Jun 2024]
09:34:36.461 [main] INFO  o.a.c.h.Http11NioProtocol - [log,173] - Initializing ProtocolHandler ["http-nio-9201"]
09:34:36.462 [main] INFO  o.a.c.c.StandardService - [log,173] - Starting service [Tomcat]
09:34:36.462 [main] INFO  o.a.c.c.StandardEngine - [log,173] - Starting Servlet engine: [Apache Tomcat/10.1.4]
09:34:36.574 [main] INFO  o.a.c.c.C.[.[.[/] - [log,173] - Initializing Spring embedded WebApplicationContext
09:34:36.575 [main] INFO  o.s.b.w.s.c.ServletWebServerApplicationContext - [prepareWebApplicationContext,291] - Root WebApplicationContext: initialization completed in 1494 ms
09:34:39.180 [main] INFO  o.s.c.c.u.InetUtils - [convertAddress,170] - Cannot determine local hostname
09:34:51.352 [main] INFO  o.s.c.c.u.InetUtils - [convertAddress,170] - Cannot determine local hostname
09:34:51.409 [main] INFO  o.a.c.h.Http11NioProtocol - [log,173] - Starting ProtocolHandler ["http-nio-9201"]
09:34:51.423 [main] INFO  o.s.b.w.e.t.TomcatWebServer - [start,220] - Tomcat started on port(s): 9201 (http) with context path ''
09:34:51.427 [main] INFO  c.a.n.client.naming - [initNamespaceForNaming,62] - initializer namespace from ans.namespace attribute : null
09:34:51.427 [main] INFO  c.a.n.client.naming - [lambda$initNamespaceForNaming$0,66] - initializer namespace from ALIBABA_ALIWARE_NAMESPACE attribute :null
09:34:51.428 [main] INFO  c.a.n.client.naming - [lambda$initNamespaceForNaming$1,73] - initializer namespace from namespace attribute :null
09:34:51.436 [main] INFO  c.a.n.p.a.s.c.ClientAuthPluginManager - [init,56] - [ClientAuthPluginManager] Load ClientAuthService com.alibaba.nacos.client.auth.impl.NacosClientAuthServiceImpl success.
09:34:51.436 [main] INFO  c.a.n.p.a.s.c.ClientAuthPluginManager - [init,56] - [ClientAuthPluginManager] Load ClientAuthService com.alibaba.nacos.client.auth.ram.RamClientAuthServiceImpl success.
09:34:51.439 [main] INFO  c.a.n.c.r.client - [lambda$createClient$0,108] - [RpcClientFactory] create a new rpc client of b6ec5dbf-255b-41b1-a39c-7dd9179e2c51
09:34:51.441 [main] INFO  c.a.n.c.r.client - [printIfInfoEnabled,63] - [b6ec5dbf-255b-41b1-a39c-7dd9179e2c51] RpcClient init, ServerListFactory = com.alibaba.nacos.client.naming.core.ServerListManager
09:34:51.441 [main] INFO  c.a.n.c.r.client - [printIfInfoEnabled,63] - [b6ec5dbf-255b-41b1-a39c-7dd9179e2c51] Registry connection listener to current client:com.alibaba.nacos.client.naming.remote.gprc.redo.NamingGrpcRedoService
09:34:51.442 [main] INFO  c.a.n.c.r.client - [printIfInfoEnabled,63] - [b6ec5dbf-255b-41b1-a39c-7dd9179e2c51] Register server push request handler:com.alibaba.nacos.client.naming.remote.gprc.NamingPushRequestHandler
09:34:51.442 [main] INFO  c.a.n.c.r.client - [printIfInfoEnabled,63] - [b6ec5dbf-255b-41b1-a39c-7dd9179e2c51] Try to connect to server on start up, server: {serverIp = 'localhost', server main port = 8848}
09:34:51.442 [main] INFO  c.a.n.c.r.c.g.GrpcClient - [createNewManagedChannel,182] - grpc client connection server:localhost ip,serverPort:9848,grpcTslConfig:{"sslProvider":"OPENSSL","enableTls":false,"mutualAuthEnable":false,"trustAll":false}
09:34:51.569 [main] INFO  c.a.n.c.r.client - [printIfInfoEnabled,63] - [b6ec5dbf-255b-41b1-a39c-7dd9179e2c51] Success to connect to server [localhost:8848] on start up, connectionId = 1771551291451_172.17.0.1_35012
09:34:51.569 [main] INFO  c.a.n.c.r.client - [printIfInfoEnabled,63] - [b6ec5dbf-255b-41b1-a39c-7dd9179e2c51] Register server push request handler:com.alibaba.nacos.common.remote.client.RpcClient$ConnectResetRequestHandler
09:34:51.569 [main] INFO  c.a.n.c.r.client - [printIfInfoEnabled,63] - [b6ec5dbf-255b-41b1-a39c-7dd9179e2c51] Register server push request handler:com.alibaba.nacos.common.remote.client.RpcClient$$Lambda$604/0x000001d9a24de150
09:34:51.569 [com.alibaba.nacos.client.remote.worker] INFO  c.a.n.c.r.client - [printIfInfoEnabled,63] - [b6ec5dbf-255b-41b1-a39c-7dd9179e2c51] Notify connected event to listeners.
09:34:51.569 [com.alibaba.nacos.client.remote.worker] INFO  c.a.n.client.naming - [onConnected,78] - Grpc connection connect
09:34:51.571 [main] INFO  c.a.n.client.naming - [registerService,121] - [REGISTER-SERVICE] 1b90f136-42ba-4e2e-9214-fe3fa7476e5e registering service oj-system with instance Instance{instanceId='null', ip='26.167.161.225', port=9201, weight=1.0, healthy=true, enabled=true, ephemeral=true, clusterName='DEFAULT', serviceName='null', metadata={IPv6=[2001:0:14c9:d502:348f:5cec:d85d:6bd5], preserved.register.source=SPRING_CLOUD}}
09:34:51.580 [main] INFO  c.a.c.n.r.NacosServiceRegistry - [register,76] - nacos registry, DEFAULT_GROUP oj-system 26.167.161.225:9201 register finished
09:34:53.034 [main] INFO  o.s.c.c.u.InetUtils - [convertAddress,170] - Cannot determine local hostname
09:34:53.044 [main] INFO  c.b.s.OjSystemApplication - [logStarted,57] - Started OjSystemApplication in 23.314 seconds (process running for 24.343)
09:34:53.047 [main] INFO  c.a.n.c.c.i.CacheData - [<clinit>,67] - nacos.cache.data.init.snapshot = true 
09:34:53.049 [main] INFO  c.a.n.c.c.i.ClientWorker - [addCacheDataIfAbsent,380] - [fixed-1b90f136-42ba-4e2e-9214-fe3fa7476e5e-localhost_8848] [subscribe] oj-system-local.yaml+DEFAULT_GROUP+1b90f136-42ba-4e2e-9214-fe3fa7476e5e
09:34:53.057 [main] INFO  c.a.n.c.c.i.CacheData - [addListener,197] - [fixed-1b90f136-42ba-4e2e-9214-fe3fa7476e5e-localhost_8848] [add-listener] ok, tenant=1b90f136-42ba-4e2e-9214-fe3fa7476e5e, dataId=oj-system-local.yaml, group=DEFAULT_GROUP, cnt=1
09:34:53.057 [main] INFO  c.a.c.n.r.NacosContextRefresher - [registerNacosListener,129] - [Nacos Config] Listening config: dataId=oj-system-local.yaml, group=DEFAULT_GROUP
09:34:53.058 [main] INFO  c.a.n.c.c.i.ClientWorker - [addCacheDataIfAbsent,380] - [fixed-1b90f136-42ba-4e2e-9214-fe3fa7476e5e-localhost_8848] [subscribe] oj-system+DEFAULT_GROUP+1b90f136-42ba-4e2e-9214-fe3fa7476e5e
09:34:53.058 [main] INFO  c.a.n.c.c.i.CacheData - [addListener,197] - [fixed-1b90f136-42ba-4e2e-9214-fe3fa7476e5e-localhost_8848] [add-listener] ok, tenant=1b90f136-42ba-4e2e-9214-fe3fa7476e5e, dataId=oj-system, group=DEFAULT_GROUP, cnt=1
09:34:53.058 [main] INFO  c.a.c.n.r.NacosContextRefresher - [registerNacosListener,129] - [Nacos Config] Listening config: dataId=oj-system, group=DEFAULT_GROUP
09:34:53.058 [main] INFO  c.a.n.c.c.i.ClientWorker - [addCacheDataIfAbsent,380] - [fixed-1b90f136-42ba-4e2e-9214-fe3fa7476e5e-localhost_8848] [subscribe] oj-system.yaml+DEFAULT_GROUP+1b90f136-42ba-4e2e-9214-fe3fa7476e5e
09:34:53.058 [main] INFO  c.a.n.c.c.i.CacheData - [addListener,197] - [fixed-1b90f136-42ba-4e2e-9214-fe3fa7476e5e-localhost_8848] [add-listener] ok, tenant=1b90f136-42ba-4e2e-9214-fe3fa7476e5e, dataId=oj-system.yaml, group=DEFAULT_GROUP, cnt=1
09:34:53.058 [main] INFO  c.a.c.n.r.NacosContextRefresher - [registerNacosListener,129] - [Nacos Config] Listening config: dataId=oj-system.yaml, group=DEFAULT_GROUP
09:35:51.206 [http-nio-9201-exec-2] INFO  o.a.c.c.C.[.[.[/] - [log,173] - Initializing Spring DispatcherServlet 'dispatcherServlet'
09:35:51.207 [http-nio-9201-exec-2] INFO  o.s.w.s.DispatcherServlet - [initServletBean,532] - Initializing Servlet 'dispatcherServlet'
09:35:51.207 [http-nio-9201-exec-2] INFO  o.s.w.s.DispatcherServlet - [initServletBean,554] - Completed initialization in 0 ms
09:35:52.116 [http-nio-9201-exec-1] INFO  c.z.h.HikariDataSource - [getConnection,110] - HikariPool-1 - Starting...
09:35:52.411 [http-nio-9201-exec-1] INFO  c.z.h.p.HikariPool - [checkFailFast,565] - HikariPool-1 - Added connection com.mysql.cj.jdbc.ConnectionImpl@396b61d3
09:35:52.413 [http-nio-9201-exec-1] INFO  c.z.h.HikariDataSource - [getConnection,123] - HikariPool-1 - Start completed.
09:51:39.202 [SpringApplicationShutdownHook] INFO  c.a.c.n.r.NacosServiceRegistry - [deregister,95] - De-registering from Nacos Server now...
09:51:39.203 [SpringApplicationShutdownHook] INFO  c.a.n.client.naming - [deregisterService,217] - [DEREGISTER-SERVICE] 1b90f136-42ba-4e2e-9214-fe3fa7476e5e deregistering service oj-system with instance: Instance{instanceId='null', ip='26.167.161.225', port=9201, weight=1.0, healthy=true, enabled=true, ephemeral=true, clusterName='DEFAULT', serviceName='null', metadata={}}
09:51:39.208 [SpringApplicationShutdownHook] INFO  c.a.c.n.r.NacosServiceRegistry - [deregister,115] - De-registration finished.
09:51:39.209 [SpringApplicationShutdownHook] INFO  c.a.n.client.naming - [shutdown,256] - com.alibaba.nacos.client.naming.cache.ServiceInfoHolder do shutdown begin
09:51:39.209 [SpringApplicationShutdownHook] INFO  c.a.n.client.naming - [shutdown,136] - com.alibaba.nacos.client.naming.backups.FailoverReactor do shutdown begin
09:51:39.209 [SpringApplicationShutdownHook] INFO  c.a.n.client.naming - [shutdown,138] - com.alibaba.nacos.client.naming.backups.FailoverReactor do shutdown stop
09:51:39.209 [SpringApplicationShutdownHook] INFO  c.a.n.client.naming - [shutdown,258] - com.alibaba.nacos.client.naming.cache.ServiceInfoHolder do shutdown stop
09:51:39.209 [SpringApplicationShutdownHook] INFO  c.a.n.client.naming - [shutdown,204] - com.alibaba.nacos.client.naming.remote.NamingClientProxyDelegate do shutdown begin
09:51:39.210 [SpringApplicationShutdownHook] INFO  c.a.n.client.naming - [shutdown,143] - com.alibaba.nacos.client.naming.core.ServiceInfoUpdateService do shutdown begin
09:51:39.210 [SpringApplicationShutdownHook] INFO  c.a.n.client.naming - [shutdown,145] - com.alibaba.nacos.client.naming.core.ServiceInfoUpdateService do shutdown stop
09:51:39.210 [SpringApplicationShutdownHook] INFO  c.a.n.client.naming - [shutdown,194] - com.alibaba.nacos.client.naming.core.ServerListManager do shutdown begin
09:51:39.210 [SpringApplicationShutdownHook] INFO  c.a.n.client.naming - [shutdown,199] - com.alibaba.nacos.client.naming.core.ServerListManager do shutdown stop
09:51:39.210 [SpringApplicationShutdownHook] INFO  c.a.n.client.naming - [shutdown,484] - com.alibaba.nacos.client.naming.remote.http.NamingHttpClientProxy do shutdown begin
09:51:39.210 [SpringApplicationShutdownHook] INFO  c.a.n.client.naming - [shutdown,486] - com.alibaba.nacos.client.naming.remote.http.NamingHttpClientProxy do shutdown stop
09:51:39.211 [SpringApplicationShutdownHook] INFO  c.a.n.c.r.client - [shutdown,429] - Shutdown rpc client, set status to shutdown
09:51:39.211 [SpringApplicationShutdownHook] INFO  c.a.n.c.r.client - [shutdown,431] - Shutdown client event executor java.util.concurrent.ScheduledThreadPoolExecutor@4d09719f[Running, pool size = 2, active threads = 2, queued tasks = 0, completed tasks = 0]
09:51:39.211 [SpringApplicationShutdownHook] INFO  c.a.n.c.r.client - [closeConnection,584] - Close current connection 1771551291451_172.17.0.1_35012
09:51:39.214 [nacos-grpc-client-executor-localhost-138] INFO  c.a.n.c.r.c.g.GrpcClient - [printIfInfoEnabled,63] - [1771551291451_172.17.0.1_35012]Ignore complete event,isRunning:false,isAbandon=false
09:51:39.216 [SpringApplicationShutdownHook] INFO  c.a.n.c.r.c.g.GrpcClient - [shutdown,159] - Shutdown grpc executor java.util.concurrent.ThreadPoolExecutor@222d5281[Running, pool size = 3, active threads = 0, queued tasks = 0, completed tasks = 139]
09:51:39.217 [SpringApplicationShutdownHook] INFO  c.a.n.client.naming - [shutdown,318] - Shutdown grpc redo service executor java.util.concurrent.ScheduledThreadPoolExecutor@44a1e7f1[Running, pool size = 1, active threads = 0, queued tasks = 1, completed tasks = 206]
09:51:39.217 [SpringApplicationShutdownHook] INFO  c.a.n.c.a.r.i.CredentialWatcher - [stop,106] - [null] CredentialWatcher is stopped
09:51:39.217 [SpringApplicationShutdownHook] INFO  c.a.n.c.a.r.i.CredentialService - [free,100] - [null] CredentialService is freed
09:51:39.217 [SpringApplicationShutdownHook] INFO  c.a.n.client.naming - [shutdown,211] - com.alibaba.nacos.client.naming.remote.NamingClientProxyDelegate do shutdown stop
09:51:39.343 [SpringApplicationShutdownHook] INFO  c.z.h.HikariDataSource - [close,350] - HikariPool-1 - Shutdown initiated...
09:51:39.349 [SpringApplicationShutdownHook] INFO  c.z.h.HikariDataSource - [close,352] - HikariPool-1 - Shutdown completed.
10:06:45.920 [background-preinit] INFO  o.h.v.i.util.Version - [<clinit>,21] - HV000001: Hibernate Validator 8.0.0.Final
10:06:46.252 [main] INFO  c.a.n.c.u.ParamUtil - [<clinit>,87] - [settings] [req-serv] nacos-server port:8848
10:06:46.252 [main] INFO  c.a.n.c.u.ParamUtil - [<clinit>,98] - [settings] [http-client] connect timeout:1000
10:06:46.253 [main] INFO  c.a.n.c.u.ParamUtil - [<clinit>,105] - PER_TASK_CONFIG_SIZE: 3000.0
10:06:46.293 [main] INFO  c.a.n.p.a.s.c.ClientAuthPluginManager - [init,56] - [ClientAuthPluginManager] Load ClientAuthService com.alibaba.nacos.client.auth.impl.NacosClientAuthServiceImpl success.
10:06:46.293 [main] INFO  c.a.n.p.a.s.c.ClientAuthPluginManager - [init,56] - [ClientAuthPluginManager] Load ClientAuthService com.alibaba.nacos.client.auth.ram.RamClientAuthServiceImpl success.
10:06:46.297 [main] INFO  c.a.n.c.a.r.i.CredentialWatcher - [loadCredential,165] - null No credential found
10:06:47.842 [main] INFO  c.a.n.c.c.i.LocalConfigInfoProcessor - [<clinit>,63] - LOCAL_SNAPSHOT_PATH:C:\Users\YUAN\nacos\config
10:06:47.846 [main] INFO  c.a.n.c.r.client - [lambda$createClient$0,108] - [RpcClientFactory] create a new rpc client of 90014708-468e-423c-95ae-1f119fef093e_config-0
10:06:47.871 [main] INFO  c.a.n.c.r.client - [printIfInfoEnabled,63] - [90014708-468e-423c-95ae-1f119fef093e_config-0] Register server push request handler:com.alibaba.nacos.client.config.impl.ClientWorker$ConfigRpcTransportClient$$Lambda$582/0x000001e781396bb8
10:06:47.871 [main] INFO  c.a.n.c.r.client - [printIfInfoEnabled,63] - [90014708-468e-423c-95ae-1f119fef093e_config-0] Register server push request handler:com.alibaba.nacos.client.config.impl.ClientWorker$ConfigRpcTransportClient$$Lambda$583/0x000001e781396fd8
10:06:47.872 [main] INFO  c.a.n.c.r.client - [printIfInfoEnabled,63] - [90014708-468e-423c-95ae-1f119fef093e_config-0] Registry connection listener to current client:com.alibaba.nacos.client.config.impl.ClientWorker$ConfigRpcTransportClient$1
10:06:47.872 [main] INFO  c.a.n.c.r.client - [printIfInfoEnabled,63] - [90014708-468e-423c-95ae-1f119fef093e_config-0] RpcClient init, ServerListFactory = com.alibaba.nacos.client.config.impl.ClientWorker$ConfigRpcTransportClient$2
10:06:47.880 [main] INFO  c.a.n.c.r.client - [printIfInfoEnabled,63] - [90014708-468e-423c-95ae-1f119fef093e_config-0] Try to connect to server on start up, server: {serverIp = 'localhost', server main port = 8848}
10:06:47.920 [main] INFO  c.a.n.c.r.c.g.GrpcClient - [createNewManagedChannel,182] - grpc client connection server:localhost ip,serverPort:9848,grpcTslConfig:{"sslProvider":"OPENSSL","enableTls":false,"mutualAuthEnable":false,"trustAll":false}
10:06:49.481 [main] INFO  c.a.n.c.r.client - [printIfInfoEnabled,63] - [90014708-468e-423c-95ae-1f119fef093e_config-0] Success to connect to server [localhost:8848] on start up, connectionId = 1771553209256_172.17.0.1_41646
10:06:49.482 [com.alibaba.nacos.client.remote.worker] INFO  c.a.n.c.r.client - [printIfInfoEnabled,63] - [90014708-468e-423c-95ae-1f119fef093e_config-0] Notify connected event to listeners.
10:06:49.482 [main] INFO  c.a.n.c.r.client - [printIfInfoEnabled,63] - [90014708-468e-423c-95ae-1f119fef093e_config-0] Register server push request handler:com.alibaba.nacos.common.remote.client.RpcClient$ConnectResetRequestHandler
10:06:49.482 [com.alibaba.nacos.client.remote.worker] INFO  c.a.n.c.c.i.ClientWorker - [onConnected,639] - [90014708-468e-423c-95ae-1f119fef093e_config-0] Connected,notify listen context...
10:06:49.482 [main] INFO  c.a.n.c.r.client - [printIfInfoEnabled,63] - [90014708-468e-423c-95ae-1f119fef093e_config-0] Register server push request handler:com.alibaba.nacos.common.remote.client.RpcClient$$Lambda$604/0x000001e7814de150
10:06:49.534 [main] INFO  c.a.n.c.c.i.Limiter - [<clinit>,62] - limitTime:5.0
10:06:49.569 [main] INFO  c.a.n.c.c.u.JvmUtil - [<clinit>,54] - isMultiInstance:false
10:06:49.574 [main] INFO  o.s.c.b.c.PropertySourceBootstrapConfiguration - [initialize,108] - Located property source: [BootstrapPropertySource {name='bootstrapProperties-oj-system-local.yaml,DEFAULT_GROUP'}, BootstrapPropertySource {name='bootstrapProperties-oj-system.yaml,DEFAULT_GROUP'}, BootstrapPropertySource {name='bootstrapProperties-oj-system,DEFAULT_GROUP'}]
10:06:49.579 [main] INFO  c.b.s.OjSystemApplication - [logStartupProfileInfo,636] - The following 1 profile is active: "local"
10:06:50.298 [main] INFO  o.s.d.r.c.RepositoryConfigurationDelegate - [multipleStoresDetected,294] - Multiple Spring Data modules found, entering strict repository configuration mode
10:06:50.302 [main] INFO  o.s.d.r.c.RepositoryConfigurationDelegate - [registerRepositoriesIn,138] - Bootstrapping Spring Data Redis repositories in DEFAULT mode.
10:06:50.331 [main] INFO  o.s.d.r.c.RepositoryConfigurationDelegate - [registerRepositoriesIn,208] - Finished Spring Data repository scanning in 14 ms. Found 0 Redis repository interfaces.
10:06:50.541 [main] INFO  o.s.c.c.s.GenericScope - [setSerializationId,282] - BeanFactory id=a4123f74-2ad8-3cb1-b066-c891a5094f09
10:06:51.031 [main] INFO  o.s.b.w.e.t.TomcatWebServer - [initialize,108] - Tomcat initialized with port(s): 9201 (http)
10:06:51.031 [main] INFO  o.a.c.c.AprLifecycleListener - [log,173] - An older version [1.3.1] of the Apache Tomcat Native library is installed, while Tomcat recommends a minimum version of [2.0.1]
10:06:51.032 [main] INFO  o.a.c.c.AprLifecycleListener - [log,173] - Loaded Apache Tomcat Native library [1.3.1] using APR version [1.7.4].
10:06:51.047 [main] INFO  o.a.c.c.AprLifecycleListener - [log,173] - OpenSSL successfully initialized [OpenSSL 3.0.14 4 Jun 2024]
10:06:51.061 [main] INFO  o.a.c.h.Http11NioProtocol - [log,173] - Initializing ProtocolHandler ["http-nio-9201"]
10:06:51.061 [main] INFO  o.a.c.c.StandardService - [log,173] - Starting service [Tomcat]
10:06:51.061 [main] INFO  o.a.c.c.StandardEngine - [log,173] - Starting Servlet engine: [Apache Tomcat/10.1.4]
10:06:51.202 [main] INFO  o.a.c.c.C.[.[.[/] - [log,173] - Initializing Spring embedded WebApplicationContext
10:06:51.202 [main] INFO  o.s.b.w.s.c.ServletWebServerApplicationContext - [prepareWebApplicationContext,291] - Root WebApplicationContext: initialization completed in 1606 ms
10:06:53.985 [main] INFO  o.s.c.c.u.InetUtils - [convertAddress,170] - Cannot determine local hostname
10:07:06.217 [main] INFO  o.s.c.c.u.InetUtils - [convertAddress,170] - Cannot determine local hostname
10:07:06.296 [main] INFO  o.a.c.h.Http11NioProtocol - [log,173] - Starting ProtocolHandler ["http-nio-9201"]
10:07:06.315 [main] INFO  o.s.b.w.e.t.TomcatWebServer - [start,220] - Tomcat started on port(s): 9201 (http) with context path ''
10:07:06.319 [main] INFO  c.a.n.client.naming - [initNamespaceForNaming,62] - initializer namespace from ans.namespace attribute : null
10:07:06.319 [main] INFO  c.a.n.client.naming - [lambda$initNamespaceForNaming$0,66] - initializer namespace from ALIBABA_ALIWARE_NAMESPACE attribute :null
10:07:06.320 [main] INFO  c.a.n.client.naming - [lambda$initNamespaceForNaming$1,73] - initializer namespace from namespace attribute :null
10:07:06.332 [main] INFO  c.a.n.p.a.s.c.ClientAuthPluginManager - [init,56] - [ClientAuthPluginManager] Load ClientAuthService com.alibaba.nacos.client.auth.impl.NacosClientAuthServiceImpl success.
10:07:06.332 [main] INFO  c.a.n.p.a.s.c.ClientAuthPluginManager - [init,56] - [ClientAuthPluginManager] Load ClientAuthService com.alibaba.nacos.client.auth.ram.RamClientAuthServiceImpl success.
10:07:06.337 [main] INFO  c.a.n.c.r.client - [lambda$createClient$0,108] - [RpcClientFactory] create a new rpc client of befadb38-7164-4633-ae82-3d82a92c36a4
10:07:06.339 [main] INFO  c.a.n.c.r.client - [printIfInfoEnabled,63] - [befadb38-7164-4633-ae82-3d82a92c36a4] RpcClient init, ServerListFactory = com.alibaba.nacos.client.naming.core.ServerListManager
10:07:06.339 [main] INFO  c.a.n.c.r.client - [printIfInfoEnabled,63] - [befadb38-7164-4633-ae82-3d82a92c36a4] Registry connection listener to current client:com.alibaba.nacos.client.naming.remote.gprc.redo.NamingGrpcRedoService
10:07:06.340 [main] INFO  c.a.n.c.r.client - [printIfInfoEnabled,63] - [befadb38-7164-4633-ae82-3d82a92c36a4] Register server push request handler:com.alibaba.nacos.client.naming.remote.gprc.NamingPushRequestHandler
10:07:06.340 [main] INFO  c.a.n.c.r.client - [printIfInfoEnabled,63] - [befadb38-7164-4633-ae82-3d82a92c36a4] Try to connect to server on start up, server: {serverIp = 'localhost', server main port = 8848}
10:07:06.341 [main] INFO  c.a.n.c.r.c.g.GrpcClient - [createNewManagedChannel,182] - grpc client connection server:localhost ip,serverPort:9848,grpcTslConfig:{"sslProvider":"OPENSSL","enableTls":false,"mutualAuthEnable":false,"trustAll":false}
10:07:06.465 [main] INFO  c.a.n.c.r.client - [printIfInfoEnabled,63] - [befadb38-7164-4633-ae82-3d82a92c36a4] Success to connect to server [localhost:8848] on start up, connectionId = 1771553226350_172.17.0.1_42110
10:07:06.465 [main] INFO  c.a.n.c.r.client - [printIfInfoEnabled,63] - [befadb38-7164-4633-ae82-3d82a92c36a4] Register server push request handler:com.alibaba.nacos.common.remote.client.RpcClient$ConnectResetRequestHandler
10:07:06.465 [main] INFO  c.a.n.c.r.client - [printIfInfoEnabled,63] - [befadb38-7164-4633-ae82-3d82a92c36a4] Register server push request handler:com.alibaba.nacos.common.remote.client.RpcClient$$Lambda$604/0x000001e7814de150
10:07:06.465 [com.alibaba.nacos.client.remote.worker] INFO  c.a.n.c.r.client - [printIfInfoEnabled,63] - [befadb38-7164-4633-ae82-3d82a92c36a4] Notify connected event to listeners.
10:07:06.465 [com.alibaba.nacos.client.remote.worker] INFO  c.a.n.client.naming - [onConnected,78] - Grpc connection connect
10:07:06.466 [main] INFO  c.a.n.client.naming - [registerService,121] - [REGISTER-SERVICE] 1b90f136-42ba-4e2e-9214-fe3fa7476e5e registering service oj-system with instance Instance{instanceId='null', ip='26.167.161.225', port=9201, weight=1.0, healthy=true, enabled=true, ephemeral=true, clusterName='DEFAULT', serviceName='null', metadata={IPv6=[2001:0:14c9:d502:348f:5cec:d85d:6bd5], preserved.register.source=SPRING_CLOUD}}
10:07:06.483 [main] INFO  c.a.c.n.r.NacosServiceRegistry - [register,76] - nacos registry, DEFAULT_GROUP oj-system 26.167.161.225:9201 register finished
10:07:07.977 [main] INFO  o.s.c.c.u.InetUtils - [convertAddress,170] - Cannot determine local hostname
10:07:07.987 [main] INFO  c.b.s.OjSystemApplication - [logStarted,57] - Started OjSystemApplication in 23.943 seconds (process running for 25.022)
10:07:07.991 [main] INFO  c.a.n.c.c.i.CacheData - [<clinit>,67] - nacos.cache.data.init.snapshot = true 
10:07:07.993 [main] INFO  c.a.n.c.c.i.ClientWorker - [addCacheDataIfAbsent,380] - [fixed-1b90f136-42ba-4e2e-9214-fe3fa7476e5e-localhost_8848] [subscribe] oj-system-local.yaml+DEFAULT_GROUP+1b90f136-42ba-4e2e-9214-fe3fa7476e5e
10:07:08.003 [main] INFO  c.a.n.c.c.i.CacheData - [addListener,197] - [fixed-1b90f136-42ba-4e2e-9214-fe3fa7476e5e-localhost_8848] [add-listener] ok, tenant=1b90f136-42ba-4e2e-9214-fe3fa7476e5e, dataId=oj-system-local.yaml, group=DEFAULT_GROUP, cnt=1
10:07:08.004 [main] INFO  c.a.c.n.r.NacosContextRefresher - [registerNacosListener,129] - [Nacos Config] Listening config: dataId=oj-system-local.yaml, group=DEFAULT_GROUP
10:07:08.004 [main] INFO  c.a.n.c.c.i.ClientWorker - [addCacheDataIfAbsent,380] - [fixed-1b90f136-42ba-4e2e-9214-fe3fa7476e5e-localhost_8848] [subscribe] oj-system+DEFAULT_GROUP+1b90f136-42ba-4e2e-9214-fe3fa7476e5e
10:07:08.004 [main] INFO  c.a.n.c.c.i.CacheData - [addListener,197] - [fixed-1b90f136-42ba-4e2e-9214-fe3fa7476e5e-localhost_8848] [add-listener] ok, tenant=1b90f136-42ba-4e2e-9214-fe3fa7476e5e, dataId=oj-system, group=DEFAULT_GROUP, cnt=1
10:07:08.004 [main] INFO  c.a.c.n.r.NacosContextRefresher - [registerNacosListener,129] - [Nacos Config] Listening config: dataId=oj-system, group=DEFAULT_GROUP
10:07:08.004 [main] INFO  c.a.n.c.c.i.ClientWorker - [addCacheDataIfAbsent,380] - [fixed-1b90f136-42ba-4e2e-9214-fe3fa7476e5e-localhost_8848] [subscribe] oj-system.yaml+DEFAULT_GROUP+1b90f136-42ba-4e2e-9214-fe3fa7476e5e
10:07:08.004 [main] INFO  c.a.n.c.c.i.CacheData - [addListener,197] - [fixed-1b90f136-42ba-4e2e-9214-fe3fa7476e5e-localhost_8848] [add-listener] ok, tenant=1b90f136-42ba-4e2e-9214-fe3fa7476e5e, dataId=oj-system.yaml, group=DEFAULT_GROUP, cnt=1
10:07:08.004 [main] INFO  c.a.c.n.r.NacosContextRefresher - [registerNacosListener,129] - [Nacos Config] Listening config: dataId=oj-system.yaml, group=DEFAULT_GROUP
10:07:28.749 [http-nio-9201-exec-2] INFO  o.a.c.c.C.[.[.[/] - [log,173] - Initializing Spring DispatcherServlet 'dispatcherServlet'
10:07:28.750 [http-nio-9201-exec-2] INFO  o.s.w.s.DispatcherServlet - [initServletBean,532] - Initializing Servlet 'dispatcherServlet'
10:07:28.751 [http-nio-9201-exec-2] INFO  o.s.w.s.DispatcherServlet - [initServletBean,554] - Completed initialization in 1 ms
10:07:29.762 [http-nio-9201-exec-2] INFO  c.z.h.HikariDataSource - [getConnection,110] - HikariPool-1 - Starting...
10:07:30.110 [http-nio-9201-exec-2] INFO  c.z.h.p.HikariPool - [checkFailFast,565] - HikariPool-1 - Added connection com.mysql.cj.jdbc.ConnectionImpl@5acadeb3
10:07:30.113 [http-nio-9201-exec-2] INFO  c.z.h.HikariDataSource - [getConnection,123] - HikariPool-1 - Start completed.
16:04:39.489 [SpringApplicationShutdownHook] INFO  c.a.c.n.r.NacosServiceRegistry - [deregister,95] - De-registering from Nacos Server now...
16:04:39.492 [SpringApplicationShutdownHook] INFO  c.a.n.client.naming - [deregisterService,217] - [DEREGISTER-SERVICE] 1b90f136-42ba-4e2e-9214-fe3fa7476e5e deregistering service oj-system with instance: Instance{instanceId='null', ip='26.167.161.225', port=9201, weight=1.0, healthy=true, enabled=true, ephemeral=true, clusterName='DEFAULT', serviceName='null', metadata={}}
16:04:39.504 [SpringApplicationShutdownHook] INFO  c.a.c.n.r.NacosServiceRegistry - [deregister,115] - De-registration finished.
16:04:39.506 [SpringApplicationShutdownHook] INFO  c.a.n.client.naming - [shutdown,256] - com.alibaba.nacos.client.naming.cache.ServiceInfoHolder do shutdown begin
16:04:39.506 [SpringApplicationShutdownHook] INFO  c.a.n.client.naming - [shutdown,136] - com.alibaba.nacos.client.naming.backups.FailoverReactor do shutdown begin
16:04:39.507 [SpringApplicationShutdownHook] INFO  c.a.n.client.naming - [shutdown,138] - com.alibaba.nacos.client.naming.backups.FailoverReactor do shutdown stop
16:04:39.507 [SpringApplicationShutdownHook] INFO  c.a.n.client.naming - [shutdown,258] - com.alibaba.nacos.client.naming.cache.ServiceInfoHolder do shutdown stop
16:04:39.507 [SpringApplicationShutdownHook] INFO  c.a.n.client.naming - [shutdown,204] - com.alibaba.nacos.client.naming.remote.NamingClientProxyDelegate do shutdown begin
16:04:39.507 [SpringApplicationShutdownHook] INFO  c.a.n.client.naming - [shutdown,143] - com.alibaba.nacos.client.naming.core.ServiceInfoUpdateService do shutdown begin
16:04:39.508 [SpringApplicationShutdownHook] INFO  c.a.n.client.naming - [shutdown,145] - com.alibaba.nacos.client.naming.core.ServiceInfoUpdateService do shutdown stop
16:04:39.508 [SpringApplicationShutdownHook] INFO  c.a.n.client.naming - [shutdown,194] - com.alibaba.nacos.client.naming.core.ServerListManager do shutdown begin
16:04:39.510 [SpringApplicationShutdownHook] INFO  c.a.n.client.naming - [shutdown,199] - com.alibaba.nacos.client.naming.core.ServerListManager do shutdown stop
16:04:39.510 [SpringApplicationShutdownHook] INFO  c.a.n.client.naming - [shutdown,484] - com.alibaba.nacos.client.naming.remote.http.NamingHttpClientProxy do shutdown begin
16:04:39.510 [SpringApplicationShutdownHook] INFO  c.a.n.client.naming - [shutdown,486] - com.alibaba.nacos.client.naming.remote.http.NamingHttpClientProxy do shutdown stop
16:04:39.511 [SpringApplicationShutdownHook] INFO  c.a.n.c.r.client - [shutdown,429] - Shutdown rpc client, set status to shutdown
16:04:39.511 [SpringApplicationShutdownHook] INFO  c.a.n.c.r.client - [shutdown,431] - Shutdown client event executor java.util.concurrent.ScheduledThreadPoolExecutor@3546d799[Running, pool size = 2, active threads = 2, queued tasks = 0, completed tasks = 0]
16:04:39.512 [SpringApplicationShutdownHook] INFO  c.a.n.c.r.client - [closeConnection,584] - Close current connection 1771553226350_172.17.0.1_42110
16:04:39.517 [nacos-grpc-client-executor-localhost-2192] INFO  c.a.n.c.r.c.g.GrpcClient - [printIfInfoEnabled,63] - [1771553226350_172.17.0.1_42110]Ignore complete event,isRunning:false,isAbandon=false
16:04:39.540 [SpringApplicationShutdownHook] INFO  c.a.n.c.r.c.g.GrpcClient - [shutdown,159] - Shutdown grpc executor java.util.concurrent.ThreadPoolExecutor@304a1f2f[Running, pool size = 4, active threads = 0, queued tasks = 0, completed tasks = 2193]
16:04:39.540 [SpringApplicationShutdownHook] INFO  c.a.n.client.naming - [shutdown,318] - Shutdown grpc redo service executor java.util.concurrent.ScheduledThreadPoolExecutor@66614d93[Running, pool size = 1, active threads = 0, queued tasks = 1, completed tasks = 3608]
16:04:39.542 [SpringApplicationShutdownHook] INFO  c.a.n.c.a.r.i.CredentialWatcher - [stop,106] - [null] CredentialWatcher is stopped
16:04:39.542 [SpringApplicationShutdownHook] INFO  c.a.n.c.a.r.i.CredentialService - [free,100] - [null] CredentialService is freed
16:04:39.543 [SpringApplicationShutdownHook] INFO  c.a.n.client.naming - [shutdown,211] - com.alibaba.nacos.client.naming.remote.NamingClientProxyDelegate do shutdown stop
16:04:39.730 [SpringApplicationShutdownHook] INFO  c.z.h.HikariDataSource - [close,350] - HikariPool-1 - Shutdown initiated...
16:04:39.736 [SpringApplicationShutdownHook] INFO  c.z.h.HikariDataSource - [close,352] - HikariPool-1 - Shutdown completed.
