21:50:51.565 [background-preinit] INFO  o.h.v.i.util.Version - [<clinit>,21] - HV000001: Hibernate Validator 8.0.0.Final
21:50:51.909 [main] INFO  c.a.n.c.u.ParamUtil - [<clinit>,87] - [settings] [req-serv] nacos-server port:8848
21:50:51.909 [main] INFO  c.a.n.c.u.ParamUtil - [<clinit>,98] - [settings] [http-client] connect timeout:1000
21:50:51.910 [main] INFO  c.a.n.c.u.ParamUtil - [<clinit>,105] - PER_TASK_CONFIG_SIZE: 3000.0
21:50:51.956 [main] INFO  c.a.n.p.a.s.c.ClientAuthPluginManager - [init,56] - [ClientAuthPluginManager] Load ClientAuthService com.alibaba.nacos.client.auth.impl.NacosClientAuthServiceImpl success.
21:50:51.956 [main] INFO  c.a.n.p.a.s.c.ClientAuthPluginManager - [init,56] - [ClientAuthPluginManager] Load ClientAuthService com.alibaba.nacos.client.auth.ram.RamClientAuthServiceImpl success.
21:50:51.961 [main] INFO  c.a.n.c.a.r.i.CredentialWatcher - [loadCredential,165] - null No credential found
21:50:53.690 [main] INFO  c.a.n.c.c.i.LocalConfigInfoProcessor - [<clinit>,63] - LOCAL_SNAPSHOT_PATH:C:\Users\YUAN\nacos\config
21:50:53.700 [main] INFO  c.a.n.c.r.client - [lambda$createClient$0,108] - [RpcClientFactory] create a new rpc client of 07b9f905-df07-4ab5-a2cd-753319f990e0_config-0
21:50:53.727 [main] INFO  c.a.n.c.r.client - [printIfInfoEnabled,63] - [07b9f905-df07-4ab5-a2cd-753319f990e0_config-0] Register server push request handler:com.alibaba.nacos.client.config.impl.ClientWorker$ConfigRpcTransportClient$$Lambda$582/0x000001840a397418
21:50:53.727 [main] INFO  c.a.n.c.r.client - [printIfInfoEnabled,63] - [07b9f905-df07-4ab5-a2cd-753319f990e0_config-0] Register server push request handler:com.alibaba.nacos.client.config.impl.ClientWorker$ConfigRpcTransportClient$$Lambda$583/0x000001840a397838
21:50:53.727 [main] INFO  c.a.n.c.r.client - [printIfInfoEnabled,63] - [07b9f905-df07-4ab5-a2cd-753319f990e0_config-0] Registry connection listener to current client:com.alibaba.nacos.client.config.impl.ClientWorker$ConfigRpcTransportClient$1
21:50:53.728 [main] INFO  c.a.n.c.r.client - [printIfInfoEnabled,63] - [07b9f905-df07-4ab5-a2cd-753319f990e0_config-0] RpcClient init, ServerListFactory = com.alibaba.nacos.client.config.impl.ClientWorker$ConfigRpcTransportClient$2
21:50:53.742 [main] INFO  c.a.n.c.r.client - [printIfInfoEnabled,63] - [07b9f905-df07-4ab5-a2cd-753319f990e0_config-0] Try to connect to server on start up, server: {serverIp = 'localhost', server main port = 8848}
21:50:53.786 [main] INFO  c.a.n.c.r.c.g.GrpcClient - [createNewManagedChannel,182] - grpc client connection server:localhost ip,serverPort:9848,grpcTslConfig:{"sslProvider":"OPENSSL","enableTls":false,"mutualAuthEnable":false,"trustAll":false}
21:50:55.363 [main] INFO  c.a.n.c.r.client - [printIfInfoEnabled,63] - [07b9f905-df07-4ab5-a2cd-753319f990e0_config-0] Success to connect to server [localhost:8848] on start up, connectionId = 1770299455136_172.17.0.1_51018
21:50:55.364 [com.alibaba.nacos.client.remote.worker] INFO  c.a.n.c.r.client - [printIfInfoEnabled,63] - [07b9f905-df07-4ab5-a2cd-753319f990e0_config-0] Notify connected event to listeners.
21:50:55.365 [com.alibaba.nacos.client.remote.worker] INFO  c.a.n.c.c.i.ClientWorker - [onConnected,639] - [07b9f905-df07-4ab5-a2cd-753319f990e0_config-0] Connected,notify listen context...
21:50:55.365 [main] INFO  c.a.n.c.r.client - [printIfInfoEnabled,63] - [07b9f905-df07-4ab5-a2cd-753319f990e0_config-0] Register server push request handler:com.alibaba.nacos.common.remote.client.RpcClient$ConnectResetRequestHandler
21:50:55.365 [main] INFO  c.a.n.c.r.client - [printIfInfoEnabled,63] - [07b9f905-df07-4ab5-a2cd-753319f990e0_config-0] Register server push request handler:com.alibaba.nacos.common.remote.client.RpcClient$$Lambda$604/0x000001840a4de150
21:50:55.420 [main] INFO  c.a.n.c.c.i.Limiter - [<clinit>,62] - limitTime:5.0
21:50:55.469 [main] INFO  c.a.n.c.c.u.JvmUtil - [<clinit>,54] - isMultiInstance:false
21:50:55.475 [main] INFO  o.s.c.b.c.PropertySourceBootstrapConfiguration - [initialize,108] - Located property source: [BootstrapPropertySource {name='bootstrapProperties-oj-system-local.yaml,DEFAULT_GROUP'}, BootstrapPropertySource {name='bootstrapProperties-oj-system.yaml,DEFAULT_GROUP'}, BootstrapPropertySource {name='bootstrapProperties-oj-system,DEFAULT_GROUP'}]
21:50:55.480 [main] INFO  c.b.s.OjSystemApplication - [logStartupProfileInfo,636] - The following 1 profile is active: "local"
21:50:56.172 [main] INFO  o.s.d.r.c.RepositoryConfigurationDelegate - [multipleStoresDetected,294] - Multiple Spring Data modules found, entering strict repository configuration mode
21:50:56.174 [main] INFO  o.s.d.r.c.RepositoryConfigurationDelegate - [registerRepositoriesIn,138] - Bootstrapping Spring Data Redis repositories in DEFAULT mode.
21:50:56.198 [main] INFO  o.s.d.r.c.RepositoryConfigurationDelegate - [registerRepositoriesIn,208] - Finished Spring Data repository scanning in 9 ms. Found 0 Redis repository interfaces.
21:50:56.395 [main] INFO  o.s.c.c.s.GenericScope - [setSerializationId,282] - BeanFactory id=2b1da559-5c2b-3911-8cd8-b78fee74f29d
21:50:56.903 [main] INFO  o.s.b.w.e.t.TomcatWebServer - [initialize,108] - Tomcat initialized with port(s): 9201 (http)
21:50:56.904 [main] INFO  o.a.c.c.AprLifecycleListener - [log,173] - An older version [1.3.1] of the Apache Tomcat Native library is installed, while Tomcat recommends a minimum version of [2.0.1]
21:50:56.905 [main] INFO  o.a.c.c.AprLifecycleListener - [log,173] - Loaded Apache Tomcat Native library [1.3.1] using APR version [1.7.4].
21:50:56.909 [main] INFO  o.a.c.c.AprLifecycleListener - [log,173] - OpenSSL successfully initialized [OpenSSL 3.0.14 4 Jun 2024]
21:50:56.923 [main] INFO  o.a.c.h.Http11NioProtocol - [log,173] - Initializing ProtocolHandler ["http-nio-9201"]
21:50:56.925 [main] INFO  o.a.c.c.StandardService - [log,173] - Starting service [Tomcat]
21:50:56.925 [main] INFO  o.a.c.c.StandardEngine - [log,173] - Starting Servlet engine: [Apache Tomcat/10.1.4]
21:50:57.062 [main] INFO  o.a.c.c.C.[.[.[/] - [log,173] - Initializing Spring embedded WebApplicationContext
21:50:57.062 [main] INFO  o.s.b.w.s.c.ServletWebServerApplicationContext - [prepareWebApplicationContext,291] - Root WebApplicationContext: initialization completed in 1567 ms
21:50:59.825 [main] INFO  o.s.c.c.u.InetUtils - [convertAddress,170] - Cannot determine local hostname
21:51:13.467 [main] INFO  o.s.c.c.u.InetUtils - [convertAddress,170] - Cannot determine local hostname
21:51:13.557 [main] INFO  o.a.c.h.Http11NioProtocol - [log,173] - Starting ProtocolHandler ["http-nio-9201"]
21:51:13.576 [main] INFO  o.s.b.w.e.t.TomcatWebServer - [start,220] - Tomcat started on port(s): 9201 (http) with context path ''
21:51:13.580 [main] INFO  c.a.n.client.naming - [initNamespaceForNaming,62] - initializer namespace from ans.namespace attribute : null
21:51:13.581 [main] INFO  c.a.n.client.naming - [lambda$initNamespaceForNaming$0,66] - initializer namespace from ALIBABA_ALIWARE_NAMESPACE attribute :null
21:51:13.581 [main] INFO  c.a.n.client.naming - [lambda$initNamespaceForNaming$1,73] - initializer namespace from namespace attribute :null
21:51:13.593 [main] INFO  c.a.n.p.a.s.c.ClientAuthPluginManager - [init,56] - [ClientAuthPluginManager] Load ClientAuthService com.alibaba.nacos.client.auth.impl.NacosClientAuthServiceImpl success.
21:51:13.593 [main] INFO  c.a.n.p.a.s.c.ClientAuthPluginManager - [init,56] - [ClientAuthPluginManager] Load ClientAuthService com.alibaba.nacos.client.auth.ram.RamClientAuthServiceImpl success.
21:51:13.597 [main] INFO  c.a.n.c.r.client - [lambda$createClient$0,108] - [RpcClientFactory] create a new rpc client of fd9f7329-1477-495b-bacc-ec066fbb31f9
21:51:13.599 [main] INFO  c.a.n.c.r.client - [printIfInfoEnabled,63] - [fd9f7329-1477-495b-bacc-ec066fbb31f9] RpcClient init, ServerListFactory = com.alibaba.nacos.client.naming.core.ServerListManager
21:51:13.599 [main] INFO  c.a.n.c.r.client - [printIfInfoEnabled,63] - [fd9f7329-1477-495b-bacc-ec066fbb31f9] Registry connection listener to current client:com.alibaba.nacos.client.naming.remote.gprc.redo.NamingGrpcRedoService
21:51:13.600 [main] INFO  c.a.n.c.r.client - [printIfInfoEnabled,63] - [fd9f7329-1477-495b-bacc-ec066fbb31f9] Register server push request handler:com.alibaba.nacos.client.naming.remote.gprc.NamingPushRequestHandler
21:51:13.600 [main] INFO  c.a.n.c.r.client - [printIfInfoEnabled,63] - [fd9f7329-1477-495b-bacc-ec066fbb31f9] Try to connect to server on start up, server: {serverIp = 'localhost', server main port = 8848}
21:51:13.600 [main] INFO  c.a.n.c.r.c.g.GrpcClient - [createNewManagedChannel,182] - grpc client connection server:localhost ip,serverPort:9848,grpcTslConfig:{"sslProvider":"OPENSSL","enableTls":false,"mutualAuthEnable":false,"trustAll":false}
21:51:13.732 [main] INFO  c.a.n.c.r.client - [printIfInfoEnabled,63] - [fd9f7329-1477-495b-bacc-ec066fbb31f9] Success to connect to server [localhost:8848] on start up, connectionId = 1770299473611_172.17.0.1_35884
21:51:13.732 [main] INFO  c.a.n.c.r.client - [printIfInfoEnabled,63] - [fd9f7329-1477-495b-bacc-ec066fbb31f9] Register server push request handler:com.alibaba.nacos.common.remote.client.RpcClient$ConnectResetRequestHandler
21:51:13.732 [com.alibaba.nacos.client.remote.worker] INFO  c.a.n.c.r.client - [printIfInfoEnabled,63] - [fd9f7329-1477-495b-bacc-ec066fbb31f9] Notify connected event to listeners.
21:51:13.732 [main] INFO  c.a.n.c.r.client - [printIfInfoEnabled,63] - [fd9f7329-1477-495b-bacc-ec066fbb31f9] Register server push request handler:com.alibaba.nacos.common.remote.client.RpcClient$$Lambda$604/0x000001840a4de150
21:51:13.732 [com.alibaba.nacos.client.remote.worker] INFO  c.a.n.client.naming - [onConnected,78] - Grpc connection connect
21:51:13.734 [main] INFO  c.a.n.client.naming - [registerService,121] - [REGISTER-SERVICE] 1b90f136-42ba-4e2e-9214-fe3fa7476e5e registering service oj-system with instance Instance{instanceId='null', ip='26.167.161.225', port=9201, weight=1.0, healthy=true, enabled=true, ephemeral=true, clusterName='DEFAULT', serviceName='null', metadata={IPv6=[2001:0:14c9:d502:3435:2397:d85d:6b08], preserved.register.source=SPRING_CLOUD}}
21:51:13.752 [main] INFO  c.a.c.n.r.NacosServiceRegistry - [register,76] - nacos registry, DEFAULT_GROUP oj-system 26.167.161.225:9201 register finished
21:51:15.317 [main] INFO  o.s.c.c.u.InetUtils - [convertAddress,170] - Cannot determine local hostname
21:51:15.328 [main] INFO  c.b.s.OjSystemApplication - [logStarted,57] - Started OjSystemApplication in 25.704 seconds (process running for 27.337)
21:51:15.332 [main] INFO  c.a.n.c.c.i.CacheData - [<clinit>,67] - nacos.cache.data.init.snapshot = true 
21:51:15.334 [main] INFO  c.a.n.c.c.i.ClientWorker - [addCacheDataIfAbsent,380] - [fixed-1b90f136-42ba-4e2e-9214-fe3fa7476e5e-localhost_8848] [subscribe] oj-system-local.yaml+DEFAULT_GROUP+1b90f136-42ba-4e2e-9214-fe3fa7476e5e
21:51:15.353 [main] INFO  c.a.n.c.c.i.CacheData - [addListener,197] - [fixed-1b90f136-42ba-4e2e-9214-fe3fa7476e5e-localhost_8848] [add-listener] ok, tenant=1b90f136-42ba-4e2e-9214-fe3fa7476e5e, dataId=oj-system-local.yaml, group=DEFAULT_GROUP, cnt=1
21:51:15.353 [main] INFO  c.a.c.n.r.NacosContextRefresher - [registerNacosListener,129] - [Nacos Config] Listening config: dataId=oj-system-local.yaml, group=DEFAULT_GROUP
21:51:15.353 [main] INFO  c.a.n.c.c.i.ClientWorker - [addCacheDataIfAbsent,380] - [fixed-1b90f136-42ba-4e2e-9214-fe3fa7476e5e-localhost_8848] [subscribe] oj-system+DEFAULT_GROUP+1b90f136-42ba-4e2e-9214-fe3fa7476e5e
21:51:15.355 [main] INFO  c.a.n.c.c.i.CacheData - [addListener,197] - [fixed-1b90f136-42ba-4e2e-9214-fe3fa7476e5e-localhost_8848] [add-listener] ok, tenant=1b90f136-42ba-4e2e-9214-fe3fa7476e5e, dataId=oj-system, group=DEFAULT_GROUP, cnt=1
21:51:15.355 [main] INFO  c.a.c.n.r.NacosContextRefresher - [registerNacosListener,129] - [Nacos Config] Listening config: dataId=oj-system, group=DEFAULT_GROUP
21:51:15.355 [main] INFO  c.a.n.c.c.i.ClientWorker - [addCacheDataIfAbsent,380] - [fixed-1b90f136-42ba-4e2e-9214-fe3fa7476e5e-localhost_8848] [subscribe] oj-system.yaml+DEFAULT_GROUP+1b90f136-42ba-4e2e-9214-fe3fa7476e5e
21:51:15.355 [main] INFO  c.a.n.c.c.i.CacheData - [addListener,197] - [fixed-1b90f136-42ba-4e2e-9214-fe3fa7476e5e-localhost_8848] [add-listener] ok, tenant=1b90f136-42ba-4e2e-9214-fe3fa7476e5e, dataId=oj-system.yaml, group=DEFAULT_GROUP, cnt=1
21:51:15.355 [main] INFO  c.a.c.n.r.NacosContextRefresher - [registerNacosListener,129] - [Nacos Config] Listening config: dataId=oj-system.yaml, group=DEFAULT_GROUP
21:53:48.538 [http-nio-9201-exec-1] INFO  o.a.c.c.C.[.[.[/] - [log,173] - Initializing Spring DispatcherServlet 'dispatcherServlet'
21:53:48.538 [http-nio-9201-exec-1] INFO  o.s.w.s.DispatcherServlet - [initServletBean,532] - Initializing Servlet 'dispatcherServlet'
21:53:48.539 [http-nio-9201-exec-1] INFO  o.s.w.s.DispatcherServlet - [initServletBean,554] - Completed initialization in 0 ms
22:01:23.977 [SpringApplicationShutdownHook] INFO  c.a.c.n.r.NacosServiceRegistry - [deregister,95] - De-registering from Nacos Server now...
22:01:23.978 [SpringApplicationShutdownHook] INFO  c.a.n.client.naming - [deregisterService,217] - [DEREGISTER-SERVICE] 1b90f136-42ba-4e2e-9214-fe3fa7476e5e deregistering service oj-system with instance: Instance{instanceId='null', ip='26.167.161.225', port=9201, weight=1.0, healthy=true, enabled=true, ephemeral=true, clusterName='DEFAULT', serviceName='null', metadata={}}
22:01:23.987 [SpringApplicationShutdownHook] INFO  c.a.c.n.r.NacosServiceRegistry - [deregister,115] - De-registration finished.
22:01:23.987 [SpringApplicationShutdownHook] INFO  c.a.n.client.naming - [shutdown,256] - com.alibaba.nacos.client.naming.cache.ServiceInfoHolder do shutdown begin
22:01:23.987 [SpringApplicationShutdownHook] INFO  c.a.n.client.naming - [shutdown,136] - com.alibaba.nacos.client.naming.backups.FailoverReactor do shutdown begin
22:01:23.988 [SpringApplicationShutdownHook] INFO  c.a.n.client.naming - [shutdown,138] - com.alibaba.nacos.client.naming.backups.FailoverReactor do shutdown stop
22:01:23.988 [SpringApplicationShutdownHook] INFO  c.a.n.client.naming - [shutdown,258] - com.alibaba.nacos.client.naming.cache.ServiceInfoHolder do shutdown stop
22:01:23.988 [SpringApplicationShutdownHook] INFO  c.a.n.client.naming - [shutdown,204] - com.alibaba.nacos.client.naming.remote.NamingClientProxyDelegate do shutdown begin
22:01:23.988 [SpringApplicationShutdownHook] INFO  c.a.n.client.naming - [shutdown,143] - com.alibaba.nacos.client.naming.core.ServiceInfoUpdateService do shutdown begin
22:01:23.988 [SpringApplicationShutdownHook] INFO  c.a.n.client.naming - [shutdown,145] - com.alibaba.nacos.client.naming.core.ServiceInfoUpdateService do shutdown stop
22:01:23.988 [SpringApplicationShutdownHook] INFO  c.a.n.client.naming - [shutdown,194] - com.alibaba.nacos.client.naming.core.ServerListManager do shutdown begin
22:01:23.988 [SpringApplicationShutdownHook] INFO  c.a.n.client.naming - [shutdown,199] - com.alibaba.nacos.client.naming.core.ServerListManager do shutdown stop
22:01:23.988 [SpringApplicationShutdownHook] INFO  c.a.n.client.naming - [shutdown,484] - com.alibaba.nacos.client.naming.remote.http.NamingHttpClientProxy do shutdown begin
22:01:23.988 [SpringApplicationShutdownHook] INFO  c.a.n.client.naming - [shutdown,486] - com.alibaba.nacos.client.naming.remote.http.NamingHttpClientProxy do shutdown stop
22:01:23.988 [SpringApplicationShutdownHook] INFO  c.a.n.c.r.client - [shutdown,429] - Shutdown rpc client, set status to shutdown
22:01:23.989 [SpringApplicationShutdownHook] INFO  c.a.n.c.r.client - [shutdown,431] - Shutdown client event executor java.util.concurrent.ScheduledThreadPoolExecutor@67775505[Running, pool size = 2, active threads = 2, queued tasks = 0, completed tasks = 0]
22:01:23.989 [SpringApplicationShutdownHook] INFO  c.a.n.c.r.client - [closeConnection,584] - Close current connection 1770299473611_172.17.0.1_35884
22:01:23.994 [nacos-grpc-client-executor-localhost-136] INFO  c.a.n.c.r.c.g.GrpcClient - [printIfInfoEnabled,63] - [1770299473611_172.17.0.1_35884]Ignore complete event,isRunning:false,isAbandon=false
22:01:23.997 [SpringApplicationShutdownHook] INFO  c.a.n.c.r.c.g.GrpcClient - [shutdown,159] - Shutdown grpc executor java.util.concurrent.ThreadPoolExecutor@21872765[Running, pool size = 4, active threads = 0, queued tasks = 0, completed tasks = 137]
22:01:23.998 [SpringApplicationShutdownHook] INFO  c.a.n.client.naming - [shutdown,318] - Shutdown grpc redo service executor java.util.concurrent.ScheduledThreadPoolExecutor@2d112aac[Running, pool size = 1, active threads = 0, queued tasks = 1, completed tasks = 202]
22:01:23.998 [SpringApplicationShutdownHook] INFO  c.a.n.c.a.r.i.CredentialWatcher - [stop,106] - [null] CredentialWatcher is stopped
22:01:23.998 [SpringApplicationShutdownHook] INFO  c.a.n.c.a.r.i.CredentialService - [free,100] - [null] CredentialService is freed
22:01:23.998 [SpringApplicationShutdownHook] INFO  c.a.n.client.naming - [shutdown,211] - com.alibaba.nacos.client.naming.remote.NamingClientProxyDelegate do shutdown stop
22:01:32.438 [background-preinit] INFO  o.h.v.i.util.Version - [<clinit>,21] - HV000001: Hibernate Validator 8.0.0.Final
22:01:32.722 [main] INFO  c.a.n.c.u.ParamUtil - [<clinit>,87] - [settings] [req-serv] nacos-server port:8848
22:01:32.722 [main] INFO  c.a.n.c.u.ParamUtil - [<clinit>,98] - [settings] [http-client] connect timeout:1000
22:01:32.723 [main] INFO  c.a.n.c.u.ParamUtil - [<clinit>,105] - PER_TASK_CONFIG_SIZE: 3000.0
22:01:32.765 [main] INFO  c.a.n.p.a.s.c.ClientAuthPluginManager - [init,56] - [ClientAuthPluginManager] Load ClientAuthService com.alibaba.nacos.client.auth.impl.NacosClientAuthServiceImpl success.
22:01:32.765 [main] INFO  c.a.n.p.a.s.c.ClientAuthPluginManager - [init,56] - [ClientAuthPluginManager] Load ClientAuthService com.alibaba.nacos.client.auth.ram.RamClientAuthServiceImpl success.
22:01:32.771 [main] INFO  c.a.n.c.a.r.i.CredentialWatcher - [loadCredential,165] - null No credential found
22:01:37.248 [background-preinit] INFO  o.h.v.i.util.Version - [<clinit>,21] - HV000001: Hibernate Validator 8.0.0.Final
22:01:37.554 [main] INFO  c.a.n.c.u.ParamUtil - [<clinit>,87] - [settings] [req-serv] nacos-server port:8848
22:01:37.554 [main] INFO  c.a.n.c.u.ParamUtil - [<clinit>,98] - [settings] [http-client] connect timeout:1000
22:01:37.556 [main] INFO  c.a.n.c.u.ParamUtil - [<clinit>,105] - PER_TASK_CONFIG_SIZE: 3000.0
22:01:37.594 [main] INFO  c.a.n.p.a.s.c.ClientAuthPluginManager - [init,56] - [ClientAuthPluginManager] Load ClientAuthService com.alibaba.nacos.client.auth.impl.NacosClientAuthServiceImpl success.
22:01:37.594 [main] INFO  c.a.n.p.a.s.c.ClientAuthPluginManager - [init,56] - [ClientAuthPluginManager] Load ClientAuthService com.alibaba.nacos.client.auth.ram.RamClientAuthServiceImpl success.
22:01:37.598 [main] INFO  c.a.n.c.a.r.i.CredentialWatcher - [loadCredential,165] - null No credential found
22:01:39.187 [main] INFO  c.a.n.c.c.i.LocalConfigInfoProcessor - [<clinit>,63] - LOCAL_SNAPSHOT_PATH:C:\Users\YUAN\nacos\config
22:01:39.191 [main] INFO  c.a.n.c.r.client - [lambda$createClient$0,108] - [RpcClientFactory] create a new rpc client of c53e4fae-21c4-4dfb-8f22-0378055712ba_config-0
22:01:39.215 [main] INFO  c.a.n.c.r.client - [printIfInfoEnabled,63] - [c53e4fae-21c4-4dfb-8f22-0378055712ba_config-0] Register server push request handler:com.alibaba.nacos.client.config.impl.ClientWorker$ConfigRpcTransportClient$$Lambda$582/0x0000028a42396da8
22:01:39.216 [main] INFO  c.a.n.c.r.client - [printIfInfoEnabled,63] - [c53e4fae-21c4-4dfb-8f22-0378055712ba_config-0] Register server push request handler:com.alibaba.nacos.client.config.impl.ClientWorker$ConfigRpcTransportClient$$Lambda$583/0x0000028a423971c8
22:01:39.216 [main] INFO  c.a.n.c.r.client - [printIfInfoEnabled,63] - [c53e4fae-21c4-4dfb-8f22-0378055712ba_config-0] Registry connection listener to current client:com.alibaba.nacos.client.config.impl.ClientWorker$ConfigRpcTransportClient$1
22:01:39.217 [main] INFO  c.a.n.c.r.client - [printIfInfoEnabled,63] - [c53e4fae-21c4-4dfb-8f22-0378055712ba_config-0] RpcClient init, ServerListFactory = com.alibaba.nacos.client.config.impl.ClientWorker$ConfigRpcTransportClient$2
22:01:39.229 [main] INFO  c.a.n.c.r.client - [printIfInfoEnabled,63] - [c53e4fae-21c4-4dfb-8f22-0378055712ba_config-0] Try to connect to server on start up, server: {serverIp = 'localhost', server main port = 8848}
22:01:39.271 [main] INFO  c.a.n.c.r.c.g.GrpcClient - [createNewManagedChannel,182] - grpc client connection server:localhost ip,serverPort:9848,grpcTslConfig:{"sslProvider":"OPENSSL","enableTls":false,"mutualAuthEnable":false,"trustAll":false}
22:01:40.616 [main] INFO  c.a.n.c.r.client - [printIfInfoEnabled,63] - [c53e4fae-21c4-4dfb-8f22-0378055712ba_config-0] Success to connect to server [localhost:8848] on start up, connectionId = 1770300100408_172.17.0.1_57096
22:01:40.617 [com.alibaba.nacos.client.remote.worker] INFO  c.a.n.c.r.client - [printIfInfoEnabled,63] - [c53e4fae-21c4-4dfb-8f22-0378055712ba_config-0] Notify connected event to listeners.
22:01:40.617 [main] INFO  c.a.n.c.r.client - [printIfInfoEnabled,63] - [c53e4fae-21c4-4dfb-8f22-0378055712ba_config-0] Register server push request handler:com.alibaba.nacos.common.remote.client.RpcClient$ConnectResetRequestHandler
22:01:40.617 [com.alibaba.nacos.client.remote.worker] INFO  c.a.n.c.c.i.ClientWorker - [onConnected,639] - [c53e4fae-21c4-4dfb-8f22-0378055712ba_config-0] Connected,notify listen context...
22:01:40.617 [main] INFO  c.a.n.c.r.client - [printIfInfoEnabled,63] - [c53e4fae-21c4-4dfb-8f22-0378055712ba_config-0] Register server push request handler:com.alibaba.nacos.common.remote.client.RpcClient$$Lambda$604/0x0000028a424de150
22:01:40.672 [main] INFO  c.a.n.c.c.i.Limiter - [<clinit>,62] - limitTime:5.0
22:01:40.697 [main] INFO  c.a.n.c.c.u.JvmUtil - [<clinit>,54] - isMultiInstance:false
22:01:40.702 [main] INFO  o.s.c.b.c.PropertySourceBootstrapConfiguration - [initialize,108] - Located property source: [BootstrapPropertySource {name='bootstrapProperties-oj-system-local.yaml,DEFAULT_GROUP'}, BootstrapPropertySource {name='bootstrapProperties-oj-system.yaml,DEFAULT_GROUP'}, BootstrapPropertySource {name='bootstrapProperties-oj-system,DEFAULT_GROUP'}]
22:01:40.706 [main] INFO  c.b.s.OjSystemApplication - [logStartupProfileInfo,636] - The following 1 profile is active: "local"
22:01:41.290 [main] INFO  o.s.d.r.c.RepositoryConfigurationDelegate - [multipleStoresDetected,294] - Multiple Spring Data modules found, entering strict repository configuration mode
22:01:41.292 [main] INFO  o.s.d.r.c.RepositoryConfigurationDelegate - [registerRepositoriesIn,138] - Bootstrapping Spring Data Redis repositories in DEFAULT mode.
22:01:41.318 [main] INFO  o.s.d.r.c.RepositoryConfigurationDelegate - [registerRepositoriesIn,208] - Finished Spring Data repository scanning in 9 ms. Found 0 Redis repository interfaces.
22:01:41.498 [main] INFO  o.s.c.c.s.GenericScope - [setSerializationId,282] - BeanFactory id=2b1da559-5c2b-3911-8cd8-b78fee74f29d
22:01:41.884 [main] INFO  o.s.b.w.e.t.TomcatWebServer - [initialize,108] - Tomcat initialized with port(s): 9201 (http)
22:01:41.884 [main] INFO  o.a.c.c.AprLifecycleListener - [log,173] - An older version [1.3.1] of the Apache Tomcat Native library is installed, while Tomcat recommends a minimum version of [2.0.1]
22:01:41.884 [main] INFO  o.a.c.c.AprLifecycleListener - [log,173] - Loaded Apache Tomcat Native library [1.3.1] using APR version [1.7.4].
22:01:41.888 [main] INFO  o.a.c.c.AprLifecycleListener - [log,173] - OpenSSL successfully initialized [OpenSSL 3.0.14 4 Jun 2024]
22:01:41.899 [main] INFO  o.a.c.h.Http11NioProtocol - [log,173] - Initializing ProtocolHandler ["http-nio-9201"]
22:01:41.899 [main] INFO  o.a.c.c.StandardService - [log,173] - Starting service [Tomcat]
22:01:41.899 [main] INFO  o.a.c.c.StandardEngine - [log,173] - Starting Servlet engine: [Apache Tomcat/10.1.4]
22:01:41.999 [main] INFO  o.a.c.c.C.[.[.[/] - [log,173] - Initializing Spring embedded WebApplicationContext
22:01:42.000 [main] INFO  o.s.b.w.s.c.ServletWebServerApplicationContext - [prepareWebApplicationContext,291] - Root WebApplicationContext: initialization completed in 1281 ms
22:01:44.576 [main] INFO  o.s.c.c.u.InetUtils - [convertAddress,170] - Cannot determine local hostname
22:01:58.099 [main] INFO  o.s.c.c.u.InetUtils - [convertAddress,170] - Cannot determine local hostname
22:01:58.173 [main] INFO  o.a.c.h.Http11NioProtocol - [log,173] - Starting ProtocolHandler ["http-nio-9201"]
22:01:58.185 [main] INFO  o.s.b.w.e.t.TomcatWebServer - [start,220] - Tomcat started on port(s): 9201 (http) with context path ''
22:01:58.188 [main] INFO  c.a.n.client.naming - [initNamespaceForNaming,62] - initializer namespace from ans.namespace attribute : null
22:01:58.188 [main] INFO  c.a.n.client.naming - [lambda$initNamespaceForNaming$0,66] - initializer namespace from ALIBABA_ALIWARE_NAMESPACE attribute :null
22:01:58.189 [main] INFO  c.a.n.client.naming - [lambda$initNamespaceForNaming$1,73] - initializer namespace from namespace attribute :null
22:01:58.197 [main] INFO  c.a.n.p.a.s.c.ClientAuthPluginManager - [init,56] - [ClientAuthPluginManager] Load ClientAuthService com.alibaba.nacos.client.auth.impl.NacosClientAuthServiceImpl success.
22:01:58.197 [main] INFO  c.a.n.p.a.s.c.ClientAuthPluginManager - [init,56] - [ClientAuthPluginManager] Load ClientAuthService com.alibaba.nacos.client.auth.ram.RamClientAuthServiceImpl success.
22:01:58.200 [main] INFO  c.a.n.c.r.client - [lambda$createClient$0,108] - [RpcClientFactory] create a new rpc client of 6b19e319-940f-4013-8120-58560f198106
22:01:58.202 [main] INFO  c.a.n.c.r.client - [printIfInfoEnabled,63] - [6b19e319-940f-4013-8120-58560f198106] RpcClient init, ServerListFactory = com.alibaba.nacos.client.naming.core.ServerListManager
22:01:58.202 [main] INFO  c.a.n.c.r.client - [printIfInfoEnabled,63] - [6b19e319-940f-4013-8120-58560f198106] Registry connection listener to current client:com.alibaba.nacos.client.naming.remote.gprc.redo.NamingGrpcRedoService
22:01:58.203 [main] INFO  c.a.n.c.r.client - [printIfInfoEnabled,63] - [6b19e319-940f-4013-8120-58560f198106] Register server push request handler:com.alibaba.nacos.client.naming.remote.gprc.NamingPushRequestHandler
22:01:58.203 [main] INFO  c.a.n.c.r.client - [printIfInfoEnabled,63] - [6b19e319-940f-4013-8120-58560f198106] Try to connect to server on start up, server: {serverIp = 'localhost', server main port = 8848}
22:01:58.203 [main] INFO  c.a.n.c.r.c.g.GrpcClient - [createNewManagedChannel,182] - grpc client connection server:localhost ip,serverPort:9848,grpcTslConfig:{"sslProvider":"OPENSSL","enableTls":false,"mutualAuthEnable":false,"trustAll":false}
22:01:58.330 [main] INFO  c.a.n.c.r.client - [printIfInfoEnabled,63] - [6b19e319-940f-4013-8120-58560f198106] Success to connect to server [localhost:8848] on start up, connectionId = 1770300118211_172.17.0.1_55606
22:01:58.331 [com.alibaba.nacos.client.remote.worker] INFO  c.a.n.c.r.client - [printIfInfoEnabled,63] - [6b19e319-940f-4013-8120-58560f198106] Notify connected event to listeners.
22:01:58.331 [main] INFO  c.a.n.c.r.client - [printIfInfoEnabled,63] - [6b19e319-940f-4013-8120-58560f198106] Register server push request handler:com.alibaba.nacos.common.remote.client.RpcClient$ConnectResetRequestHandler
22:01:58.331 [com.alibaba.nacos.client.remote.worker] INFO  c.a.n.client.naming - [onConnected,78] - Grpc connection connect
22:01:58.331 [main] INFO  c.a.n.c.r.client - [printIfInfoEnabled,63] - [6b19e319-940f-4013-8120-58560f198106] Register server push request handler:com.alibaba.nacos.common.remote.client.RpcClient$$Lambda$604/0x0000028a424de150
22:01:58.333 [main] INFO  c.a.n.client.naming - [registerService,121] - [REGISTER-SERVICE] 1b90f136-42ba-4e2e-9214-fe3fa7476e5e registering service oj-system with instance Instance{instanceId='null', ip='26.167.161.225', port=9201, weight=1.0, healthy=true, enabled=true, ephemeral=true, clusterName='DEFAULT', serviceName='null', metadata={IPv6=[2001:0:14c9:d502:3435:2397:d85d:6b08], preserved.register.source=SPRING_CLOUD}}
22:01:58.343 [main] INFO  c.a.c.n.r.NacosServiceRegistry - [register,76] - nacos registry, DEFAULT_GROUP oj-system 26.167.161.225:9201 register finished
22:01:59.660 [main] INFO  o.s.c.c.u.InetUtils - [convertAddress,170] - Cannot determine local hostname
22:01:59.669 [main] INFO  c.b.s.OjSystemApplication - [logStarted,57] - Started OjSystemApplication in 24.245 seconds (process running for 25.126)
22:01:59.672 [main] INFO  c.a.n.c.c.i.CacheData - [<clinit>,67] - nacos.cache.data.init.snapshot = true 
22:01:59.673 [main] INFO  c.a.n.c.c.i.ClientWorker - [addCacheDataIfAbsent,380] - [fixed-1b90f136-42ba-4e2e-9214-fe3fa7476e5e-localhost_8848] [subscribe] oj-system-local.yaml+DEFAULT_GROUP+1b90f136-42ba-4e2e-9214-fe3fa7476e5e
22:01:59.682 [main] INFO  c.a.n.c.c.i.CacheData - [addListener,197] - [fixed-1b90f136-42ba-4e2e-9214-fe3fa7476e5e-localhost_8848] [add-listener] ok, tenant=1b90f136-42ba-4e2e-9214-fe3fa7476e5e, dataId=oj-system-local.yaml, group=DEFAULT_GROUP, cnt=1
22:01:59.682 [main] INFO  c.a.c.n.r.NacosContextRefresher - [registerNacosListener,129] - [Nacos Config] Listening config: dataId=oj-system-local.yaml, group=DEFAULT_GROUP
22:01:59.682 [main] INFO  c.a.n.c.c.i.ClientWorker - [addCacheDataIfAbsent,380] - [fixed-1b90f136-42ba-4e2e-9214-fe3fa7476e5e-localhost_8848] [subscribe] oj-system+DEFAULT_GROUP+1b90f136-42ba-4e2e-9214-fe3fa7476e5e
22:01:59.683 [main] INFO  c.a.n.c.c.i.CacheData - [addListener,197] - [fixed-1b90f136-42ba-4e2e-9214-fe3fa7476e5e-localhost_8848] [add-listener] ok, tenant=1b90f136-42ba-4e2e-9214-fe3fa7476e5e, dataId=oj-system, group=DEFAULT_GROUP, cnt=1
22:01:59.683 [main] INFO  c.a.c.n.r.NacosContextRefresher - [registerNacosListener,129] - [Nacos Config] Listening config: dataId=oj-system, group=DEFAULT_GROUP
22:01:59.683 [main] INFO  c.a.n.c.c.i.ClientWorker - [addCacheDataIfAbsent,380] - [fixed-1b90f136-42ba-4e2e-9214-fe3fa7476e5e-localhost_8848] [subscribe] oj-system.yaml+DEFAULT_GROUP+1b90f136-42ba-4e2e-9214-fe3fa7476e5e
22:01:59.683 [main] INFO  c.a.n.c.c.i.CacheData - [addListener,197] - [fixed-1b90f136-42ba-4e2e-9214-fe3fa7476e5e-localhost_8848] [add-listener] ok, tenant=1b90f136-42ba-4e2e-9214-fe3fa7476e5e, dataId=oj-system.yaml, group=DEFAULT_GROUP, cnt=1
22:01:59.683 [main] INFO  c.a.c.n.r.NacosContextRefresher - [registerNacosListener,129] - [Nacos Config] Listening config: dataId=oj-system.yaml, group=DEFAULT_GROUP
22:02:11.018 [http-nio-9201-exec-3] INFO  o.a.c.c.C.[.[.[/] - [log,173] - Initializing Spring DispatcherServlet 'dispatcherServlet'
22:02:11.018 [http-nio-9201-exec-3] INFO  o.s.w.s.DispatcherServlet - [initServletBean,532] - Initializing Servlet 'dispatcherServlet'
22:02:11.019 [http-nio-9201-exec-3] INFO  o.s.w.s.DispatcherServlet - [initServletBean,554] - Completed initialization in 0 ms
22:04:19.114 [SpringApplicationShutdownHook] INFO  c.a.c.n.r.NacosServiceRegistry - [deregister,95] - De-registering from Nacos Server now...
22:04:19.114 [SpringApplicationShutdownHook] INFO  c.a.n.client.naming - [deregisterService,217] - [DEREGISTER-SERVICE] 1b90f136-42ba-4e2e-9214-fe3fa7476e5e deregistering service oj-system with instance: Instance{instanceId='null', ip='26.167.161.225', port=9201, weight=1.0, healthy=true, enabled=true, ephemeral=true, clusterName='DEFAULT', serviceName='null', metadata={}}
22:04:19.120 [SpringApplicationShutdownHook] INFO  c.a.c.n.r.NacosServiceRegistry - [deregister,115] - De-registration finished.
22:04:19.120 [SpringApplicationShutdownHook] INFO  c.a.n.client.naming - [shutdown,256] - com.alibaba.nacos.client.naming.cache.ServiceInfoHolder do shutdown begin
22:04:19.120 [SpringApplicationShutdownHook] INFO  c.a.n.client.naming - [shutdown,136] - com.alibaba.nacos.client.naming.backups.FailoverReactor do shutdown begin
22:04:19.120 [SpringApplicationShutdownHook] INFO  c.a.n.client.naming - [shutdown,138] - com.alibaba.nacos.client.naming.backups.FailoverReactor do shutdown stop
22:04:19.121 [SpringApplicationShutdownHook] INFO  c.a.n.client.naming - [shutdown,258] - com.alibaba.nacos.client.naming.cache.ServiceInfoHolder do shutdown stop
22:04:19.121 [SpringApplicationShutdownHook] INFO  c.a.n.client.naming - [shutdown,204] - com.alibaba.nacos.client.naming.remote.NamingClientProxyDelegate do shutdown begin
22:04:19.121 [SpringApplicationShutdownHook] INFO  c.a.n.client.naming - [shutdown,143] - com.alibaba.nacos.client.naming.core.ServiceInfoUpdateService do shutdown begin
22:04:19.121 [SpringApplicationShutdownHook] INFO  c.a.n.client.naming - [shutdown,145] - com.alibaba.nacos.client.naming.core.ServiceInfoUpdateService do shutdown stop
22:04:19.121 [SpringApplicationShutdownHook] INFO  c.a.n.client.naming - [shutdown,194] - com.alibaba.nacos.client.naming.core.ServerListManager do shutdown begin
22:04:19.121 [SpringApplicationShutdownHook] INFO  c.a.n.client.naming - [shutdown,199] - com.alibaba.nacos.client.naming.core.ServerListManager do shutdown stop
22:04:19.121 [SpringApplicationShutdownHook] INFO  c.a.n.client.naming - [shutdown,484] - com.alibaba.nacos.client.naming.remote.http.NamingHttpClientProxy do shutdown begin
22:04:19.121 [SpringApplicationShutdownHook] INFO  c.a.n.client.naming - [shutdown,486] - com.alibaba.nacos.client.naming.remote.http.NamingHttpClientProxy do shutdown stop
22:04:19.121 [SpringApplicationShutdownHook] INFO  c.a.n.c.r.client - [shutdown,429] - Shutdown rpc client, set status to shutdown
22:04:19.121 [SpringApplicationShutdownHook] INFO  c.a.n.c.r.client - [shutdown,431] - Shutdown client event executor java.util.concurrent.ScheduledThreadPoolExecutor@127e73c3[Running, pool size = 2, active threads = 2, queued tasks = 0, completed tasks = 0]
22:04:19.121 [SpringApplicationShutdownHook] INFO  c.a.n.c.r.client - [closeConnection,584] - Close current connection 1770300118211_172.17.0.1_55606
22:04:19.124 [nacos-grpc-client-executor-localhost-39] INFO  c.a.n.c.r.c.g.GrpcClient - [printIfInfoEnabled,63] - [1770300118211_172.17.0.1_55606]Ignore complete event,isRunning:false,isAbandon=false
22:04:19.126 [SpringApplicationShutdownHook] INFO  c.a.n.c.r.c.g.GrpcClient - [shutdown,159] - Shutdown grpc executor java.util.concurrent.ThreadPoolExecutor@5fad0a40[Running, pool size = 5, active threads = 0, queued tasks = 0, completed tasks = 40]
22:04:19.126 [SpringApplicationShutdownHook] INFO  c.a.n.client.naming - [shutdown,318] - Shutdown grpc redo service executor java.util.concurrent.ScheduledThreadPoolExecutor@5dfdce34[Running, pool size = 1, active threads = 0, queued tasks = 1, completed tasks = 46]
22:04:19.127 [SpringApplicationShutdownHook] INFO  c.a.n.c.a.r.i.CredentialWatcher - [stop,106] - [null] CredentialWatcher is stopped
22:04:19.127 [SpringApplicationShutdownHook] INFO  c.a.n.c.a.r.i.CredentialService - [free,100] - [null] CredentialService is freed
22:04:19.127 [SpringApplicationShutdownHook] INFO  c.a.n.client.naming - [shutdown,211] - com.alibaba.nacos.client.naming.remote.NamingClientProxyDelegate do shutdown stop
22:04:23.034 [background-preinit] INFO  o.h.v.i.util.Version - [<clinit>,21] - HV000001: Hibernate Validator 8.0.0.Final
22:04:23.362 [main] INFO  c.a.n.c.u.ParamUtil - [<clinit>,87] - [settings] [req-serv] nacos-server port:8848
22:04:23.362 [main] INFO  c.a.n.c.u.ParamUtil - [<clinit>,98] - [settings] [http-client] connect timeout:1000
22:04:23.364 [main] INFO  c.a.n.c.u.ParamUtil - [<clinit>,105] - PER_TASK_CONFIG_SIZE: 3000.0
22:04:23.403 [main] INFO  c.a.n.p.a.s.c.ClientAuthPluginManager - [init,56] - [ClientAuthPluginManager] Load ClientAuthService com.alibaba.nacos.client.auth.impl.NacosClientAuthServiceImpl success.
22:04:23.404 [main] INFO  c.a.n.p.a.s.c.ClientAuthPluginManager - [init,56] - [ClientAuthPluginManager] Load ClientAuthService com.alibaba.nacos.client.auth.ram.RamClientAuthServiceImpl success.
22:04:23.408 [main] INFO  c.a.n.c.a.r.i.CredentialWatcher - [loadCredential,165] - null No credential found
22:04:24.936 [main] INFO  c.a.n.c.c.i.LocalConfigInfoProcessor - [<clinit>,63] - LOCAL_SNAPSHOT_PATH:C:\Users\YUAN\nacos\config
22:04:24.940 [main] INFO  c.a.n.c.r.client - [lambda$createClient$0,108] - [RpcClientFactory] create a new rpc client of 636f422f-7db1-408a-99b8-c1ac7d46d37f_config-0
22:04:24.969 [main] INFO  c.a.n.c.r.client - [printIfInfoEnabled,63] - [636f422f-7db1-408a-99b8-c1ac7d46d37f_config-0] Register server push request handler:com.alibaba.nacos.client.config.impl.ClientWorker$ConfigRpcTransportClient$$Lambda$582/0x00000151013975a8
22:04:24.970 [main] INFO  c.a.n.c.r.client - [printIfInfoEnabled,63] - [636f422f-7db1-408a-99b8-c1ac7d46d37f_config-0] Register server push request handler:com.alibaba.nacos.client.config.impl.ClientWorker$ConfigRpcTransportClient$$Lambda$583/0x00000151013979c8
22:04:24.970 [main] INFO  c.a.n.c.r.client - [printIfInfoEnabled,63] - [636f422f-7db1-408a-99b8-c1ac7d46d37f_config-0] Registry connection listener to current client:com.alibaba.nacos.client.config.impl.ClientWorker$ConfigRpcTransportClient$1
22:04:24.970 [main] INFO  c.a.n.c.r.client - [printIfInfoEnabled,63] - [636f422f-7db1-408a-99b8-c1ac7d46d37f_config-0] RpcClient init, ServerListFactory = com.alibaba.nacos.client.config.impl.ClientWorker$ConfigRpcTransportClient$2
22:04:24.982 [main] INFO  c.a.n.c.r.client - [printIfInfoEnabled,63] - [636f422f-7db1-408a-99b8-c1ac7d46d37f_config-0] Try to connect to server on start up, server: {serverIp = 'localhost', server main port = 8848}
22:04:25.023 [main] INFO  c.a.n.c.r.c.g.GrpcClient - [createNewManagedChannel,182] - grpc client connection server:localhost ip,serverPort:9848,grpcTslConfig:{"sslProvider":"OPENSSL","enableTls":false,"mutualAuthEnable":false,"trustAll":false}
22:04:26.407 [main] INFO  c.a.n.c.r.client - [printIfInfoEnabled,63] - [636f422f-7db1-408a-99b8-c1ac7d46d37f_config-0] Success to connect to server [localhost:8848] on start up, connectionId = 1770300266195_172.17.0.1_39596
22:04:26.408 [com.alibaba.nacos.client.remote.worker] INFO  c.a.n.c.r.client - [printIfInfoEnabled,63] - [636f422f-7db1-408a-99b8-c1ac7d46d37f_config-0] Notify connected event to listeners.
22:04:26.408 [com.alibaba.nacos.client.remote.worker] INFO  c.a.n.c.c.i.ClientWorker - [onConnected,639] - [636f422f-7db1-408a-99b8-c1ac7d46d37f_config-0] Connected,notify listen context...
22:04:26.408 [main] INFO  c.a.n.c.r.client - [printIfInfoEnabled,63] - [636f422f-7db1-408a-99b8-c1ac7d46d37f_config-0] Register server push request handler:com.alibaba.nacos.common.remote.client.RpcClient$ConnectResetRequestHandler
22:04:26.409 [main] INFO  c.a.n.c.r.client - [printIfInfoEnabled,63] - [636f422f-7db1-408a-99b8-c1ac7d46d37f_config-0] Register server push request handler:com.alibaba.nacos.common.remote.client.RpcClient$$Lambda$604/0x00000151014de558
22:04:26.463 [main] INFO  c.a.n.c.c.i.Limiter - [<clinit>,62] - limitTime:5.0
22:04:26.512 [main] INFO  c.a.n.c.c.u.JvmUtil - [<clinit>,54] - isMultiInstance:false
22:04:26.516 [main] INFO  o.s.c.b.c.PropertySourceBootstrapConfiguration - [initialize,108] - Located property source: [BootstrapPropertySource {name='bootstrapProperties-oj-system-local.yaml,DEFAULT_GROUP'}, BootstrapPropertySource {name='bootstrapProperties-oj-system.yaml,DEFAULT_GROUP'}, BootstrapPropertySource {name='bootstrapProperties-oj-system,DEFAULT_GROUP'}]
22:04:26.520 [main] INFO  c.b.s.OjSystemApplication - [logStartupProfileInfo,636] - The following 1 profile is active: "local"
22:04:27.111 [main] INFO  o.s.d.r.c.RepositoryConfigurationDelegate - [multipleStoresDetected,294] - Multiple Spring Data modules found, entering strict repository configuration mode
22:04:27.115 [main] INFO  o.s.d.r.c.RepositoryConfigurationDelegate - [registerRepositoriesIn,138] - Bootstrapping Spring Data Redis repositories in DEFAULT mode.
22:04:27.136 [main] INFO  o.s.d.r.c.RepositoryConfigurationDelegate - [registerRepositoriesIn,208] - Finished Spring Data repository scanning in 10 ms. Found 0 Redis repository interfaces.
22:04:27.314 [main] INFO  o.s.c.c.s.GenericScope - [setSerializationId,282] - BeanFactory id=2b1da559-5c2b-3911-8cd8-b78fee74f29d
22:04:27.728 [main] INFO  o.s.b.w.e.t.TomcatWebServer - [initialize,108] - Tomcat initialized with port(s): 9201 (http)
22:04:27.729 [main] INFO  o.a.c.c.AprLifecycleListener - [log,173] - An older version [1.3.1] of the Apache Tomcat Native library is installed, while Tomcat recommends a minimum version of [2.0.1]
22:04:27.729 [main] INFO  o.a.c.c.AprLifecycleListener - [log,173] - Loaded Apache Tomcat Native library [1.3.1] using APR version [1.7.4].
22:04:27.732 [main] INFO  o.a.c.c.AprLifecycleListener - [log,173] - OpenSSL successfully initialized [OpenSSL 3.0.14 4 Jun 2024]
22:04:27.744 [main] INFO  o.a.c.h.Http11NioProtocol - [log,173] - Initializing ProtocolHandler ["http-nio-9201"]
22:04:27.745 [main] INFO  o.a.c.c.StandardService - [log,173] - Starting service [Tomcat]
22:04:27.745 [main] INFO  o.a.c.c.StandardEngine - [log,173] - Starting Servlet engine: [Apache Tomcat/10.1.4]
22:04:27.853 [main] INFO  o.a.c.c.C.[.[.[/] - [log,173] - Initializing Spring embedded WebApplicationContext
22:04:27.854 [main] INFO  o.s.b.w.s.c.ServletWebServerApplicationContext - [prepareWebApplicationContext,291] - Root WebApplicationContext: initialization completed in 1321 ms
22:04:30.381 [main] INFO  o.s.c.c.u.InetUtils - [convertAddress,170] - Cannot determine local hostname
22:04:43.681 [main] INFO  o.s.c.c.u.InetUtils - [convertAddress,170] - Cannot determine local hostname
22:04:43.740 [main] INFO  o.a.c.h.Http11NioProtocol - [log,173] - Starting ProtocolHandler ["http-nio-9201"]
22:04:43.752 [main] INFO  o.s.b.w.e.t.TomcatWebServer - [start,220] - Tomcat started on port(s): 9201 (http) with context path ''
22:04:43.756 [main] INFO  c.a.n.client.naming - [initNamespaceForNaming,62] - initializer namespace from ans.namespace attribute : null
22:04:43.756 [main] INFO  c.a.n.client.naming - [lambda$initNamespaceForNaming$0,66] - initializer namespace from ALIBABA_ALIWARE_NAMESPACE attribute :null
22:04:43.757 [main] INFO  c.a.n.client.naming - [lambda$initNamespaceForNaming$1,73] - initializer namespace from namespace attribute :null
22:04:43.765 [main] INFO  c.a.n.p.a.s.c.ClientAuthPluginManager - [init,56] - [ClientAuthPluginManager] Load ClientAuthService com.alibaba.nacos.client.auth.impl.NacosClientAuthServiceImpl success.
22:04:43.765 [main] INFO  c.a.n.p.a.s.c.ClientAuthPluginManager - [init,56] - [ClientAuthPluginManager] Load ClientAuthService com.alibaba.nacos.client.auth.ram.RamClientAuthServiceImpl success.
22:04:43.769 [main] INFO  c.a.n.c.r.client - [lambda$createClient$0,108] - [RpcClientFactory] create a new rpc client of ddc51bc1-d0e0-4859-aba3-5c6bee0084c0
22:04:43.770 [main] INFO  c.a.n.c.r.client - [printIfInfoEnabled,63] - [ddc51bc1-d0e0-4859-aba3-5c6bee0084c0] RpcClient init, ServerListFactory = com.alibaba.nacos.client.naming.core.ServerListManager
22:04:43.770 [main] INFO  c.a.n.c.r.client - [printIfInfoEnabled,63] - [ddc51bc1-d0e0-4859-aba3-5c6bee0084c0] Registry connection listener to current client:com.alibaba.nacos.client.naming.remote.gprc.redo.NamingGrpcRedoService
22:04:43.771 [main] INFO  c.a.n.c.r.client - [printIfInfoEnabled,63] - [ddc51bc1-d0e0-4859-aba3-5c6bee0084c0] Register server push request handler:com.alibaba.nacos.client.naming.remote.gprc.NamingPushRequestHandler
22:04:43.771 [main] INFO  c.a.n.c.r.client - [printIfInfoEnabled,63] - [ddc51bc1-d0e0-4859-aba3-5c6bee0084c0] Try to connect to server on start up, server: {serverIp = 'localhost', server main port = 8848}
22:04:43.772 [main] INFO  c.a.n.c.r.c.g.GrpcClient - [createNewManagedChannel,182] - grpc client connection server:localhost ip,serverPort:9848,grpcTslConfig:{"sslProvider":"OPENSSL","enableTls":false,"mutualAuthEnable":false,"trustAll":false}
22:04:43.898 [main] INFO  c.a.n.c.r.client - [printIfInfoEnabled,63] - [ddc51bc1-d0e0-4859-aba3-5c6bee0084c0] Success to connect to server [localhost:8848] on start up, connectionId = 1770300283783_172.17.0.1_57814
22:04:43.898 [main] INFO  c.a.n.c.r.client - [printIfInfoEnabled,63] - [ddc51bc1-d0e0-4859-aba3-5c6bee0084c0] Register server push request handler:com.alibaba.nacos.common.remote.client.RpcClient$ConnectResetRequestHandler
22:04:43.898 [main] INFO  c.a.n.c.r.client - [printIfInfoEnabled,63] - [ddc51bc1-d0e0-4859-aba3-5c6bee0084c0] Register server push request handler:com.alibaba.nacos.common.remote.client.RpcClient$$Lambda$604/0x00000151014de558
22:04:43.898 [com.alibaba.nacos.client.remote.worker] INFO  c.a.n.c.r.client - [printIfInfoEnabled,63] - [ddc51bc1-d0e0-4859-aba3-5c6bee0084c0] Notify connected event to listeners.
22:04:43.899 [com.alibaba.nacos.client.remote.worker] INFO  c.a.n.client.naming - [onConnected,78] - Grpc connection connect
22:04:43.900 [main] INFO  c.a.n.client.naming - [registerService,121] - [REGISTER-SERVICE] 1b90f136-42ba-4e2e-9214-fe3fa7476e5e registering service oj-system with instance Instance{instanceId='null', ip='26.167.161.225', port=9201, weight=1.0, healthy=true, enabled=true, ephemeral=true, clusterName='DEFAULT', serviceName='null', metadata={IPv6=[2001:0:14c9:d502:3435:2397:d85d:6b08], preserved.register.source=SPRING_CLOUD}}
22:04:43.911 [main] INFO  c.a.c.n.r.NacosServiceRegistry - [register,76] - nacos registry, DEFAULT_GROUP oj-system 26.167.161.225:9201 register finished
22:04:45.347 [main] INFO  o.s.c.c.u.InetUtils - [convertAddress,170] - Cannot determine local hostname
22:04:45.357 [main] INFO  c.b.s.OjSystemApplication - [logStarted,57] - Started OjSystemApplication in 24.126 seconds (process running for 24.952)
22:04:45.359 [main] INFO  c.a.n.c.c.i.CacheData - [<clinit>,67] - nacos.cache.data.init.snapshot = true 
22:04:45.362 [main] INFO  c.a.n.c.c.i.ClientWorker - [addCacheDataIfAbsent,380] - [fixed-1b90f136-42ba-4e2e-9214-fe3fa7476e5e-localhost_8848] [subscribe] oj-system-local.yaml+DEFAULT_GROUP+1b90f136-42ba-4e2e-9214-fe3fa7476e5e
22:04:45.370 [main] INFO  c.a.n.c.c.i.CacheData - [addListener,197] - [fixed-1b90f136-42ba-4e2e-9214-fe3fa7476e5e-localhost_8848] [add-listener] ok, tenant=1b90f136-42ba-4e2e-9214-fe3fa7476e5e, dataId=oj-system-local.yaml, group=DEFAULT_GROUP, cnt=1
22:04:45.370 [main] INFO  c.a.c.n.r.NacosContextRefresher - [registerNacosListener,129] - [Nacos Config] Listening config: dataId=oj-system-local.yaml, group=DEFAULT_GROUP
22:04:45.370 [main] INFO  c.a.n.c.c.i.ClientWorker - [addCacheDataIfAbsent,380] - [fixed-1b90f136-42ba-4e2e-9214-fe3fa7476e5e-localhost_8848] [subscribe] oj-system+DEFAULT_GROUP+1b90f136-42ba-4e2e-9214-fe3fa7476e5e
22:04:45.370 [main] INFO  c.a.n.c.c.i.CacheData - [addListener,197] - [fixed-1b90f136-42ba-4e2e-9214-fe3fa7476e5e-localhost_8848] [add-listener] ok, tenant=1b90f136-42ba-4e2e-9214-fe3fa7476e5e, dataId=oj-system, group=DEFAULT_GROUP, cnt=1
22:04:45.370 [main] INFO  c.a.c.n.r.NacosContextRefresher - [registerNacosListener,129] - [Nacos Config] Listening config: dataId=oj-system, group=DEFAULT_GROUP
22:04:45.372 [main] INFO  c.a.n.c.c.i.ClientWorker - [addCacheDataIfAbsent,380] - [fixed-1b90f136-42ba-4e2e-9214-fe3fa7476e5e-localhost_8848] [subscribe] oj-system.yaml+DEFAULT_GROUP+1b90f136-42ba-4e2e-9214-fe3fa7476e5e
22:04:45.372 [main] INFO  c.a.n.c.c.i.CacheData - [addListener,197] - [fixed-1b90f136-42ba-4e2e-9214-fe3fa7476e5e-localhost_8848] [add-listener] ok, tenant=1b90f136-42ba-4e2e-9214-fe3fa7476e5e, dataId=oj-system.yaml, group=DEFAULT_GROUP, cnt=1
22:04:45.372 [main] INFO  c.a.c.n.r.NacosContextRefresher - [registerNacosListener,129] - [Nacos Config] Listening config: dataId=oj-system.yaml, group=DEFAULT_GROUP
22:05:16.797 [http-nio-9201-exec-1] INFO  o.a.c.c.C.[.[.[/] - [log,173] - Initializing Spring DispatcherServlet 'dispatcherServlet'
22:05:16.797 [http-nio-9201-exec-1] INFO  o.s.w.s.DispatcherServlet - [initServletBean,532] - Initializing Servlet 'dispatcherServlet'
22:05:16.798 [http-nio-9201-exec-1] INFO  o.s.w.s.DispatcherServlet - [initServletBean,554] - Completed initialization in 1 ms
22:15:29.701 [SpringApplicationShutdownHook] INFO  c.a.c.n.r.NacosServiceRegistry - [deregister,95] - De-registering from Nacos Server now...
22:15:29.702 [SpringApplicationShutdownHook] INFO  c.a.n.client.naming - [deregisterService,217] - [DEREGISTER-SERVICE] 1b90f136-42ba-4e2e-9214-fe3fa7476e5e deregistering service oj-system with instance: Instance{instanceId='null', ip='26.167.161.225', port=9201, weight=1.0, healthy=true, enabled=true, ephemeral=true, clusterName='DEFAULT', serviceName='null', metadata={}}
22:15:29.706 [SpringApplicationShutdownHook] INFO  c.a.c.n.r.NacosServiceRegistry - [deregister,115] - De-registration finished.
22:15:29.706 [SpringApplicationShutdownHook] INFO  c.a.n.client.naming - [shutdown,256] - com.alibaba.nacos.client.naming.cache.ServiceInfoHolder do shutdown begin
22:15:29.707 [SpringApplicationShutdownHook] INFO  c.a.n.client.naming - [shutdown,136] - com.alibaba.nacos.client.naming.backups.FailoverReactor do shutdown begin
22:15:29.707 [SpringApplicationShutdownHook] INFO  c.a.n.client.naming - [shutdown,138] - com.alibaba.nacos.client.naming.backups.FailoverReactor do shutdown stop
22:15:29.707 [SpringApplicationShutdownHook] INFO  c.a.n.client.naming - [shutdown,258] - com.alibaba.nacos.client.naming.cache.ServiceInfoHolder do shutdown stop
22:15:29.707 [SpringApplicationShutdownHook] INFO  c.a.n.client.naming - [shutdown,204] - com.alibaba.nacos.client.naming.remote.NamingClientProxyDelegate do shutdown begin
22:15:29.707 [SpringApplicationShutdownHook] INFO  c.a.n.client.naming - [shutdown,143] - com.alibaba.nacos.client.naming.core.ServiceInfoUpdateService do shutdown begin
22:15:29.707 [SpringApplicationShutdownHook] INFO  c.a.n.client.naming - [shutdown,145] - com.alibaba.nacos.client.naming.core.ServiceInfoUpdateService do shutdown stop
22:15:29.707 [SpringApplicationShutdownHook] INFO  c.a.n.client.naming - [shutdown,194] - com.alibaba.nacos.client.naming.core.ServerListManager do shutdown begin
22:15:29.708 [SpringApplicationShutdownHook] INFO  c.a.n.client.naming - [shutdown,199] - com.alibaba.nacos.client.naming.core.ServerListManager do shutdown stop
22:15:29.708 [SpringApplicationShutdownHook] INFO  c.a.n.client.naming - [shutdown,484] - com.alibaba.nacos.client.naming.remote.http.NamingHttpClientProxy do shutdown begin
22:15:29.708 [SpringApplicationShutdownHook] INFO  c.a.n.client.naming - [shutdown,486] - com.alibaba.nacos.client.naming.remote.http.NamingHttpClientProxy do shutdown stop
22:15:29.708 [SpringApplicationShutdownHook] INFO  c.a.n.c.r.client - [shutdown,429] - Shutdown rpc client, set status to shutdown
22:15:29.708 [SpringApplicationShutdownHook] INFO  c.a.n.c.r.client - [shutdown,431] - Shutdown client event executor java.util.concurrent.ScheduledThreadPoolExecutor@47e1f9a5[Running, pool size = 2, active threads = 2, queued tasks = 0, completed tasks = 0]
22:15:29.708 [SpringApplicationShutdownHook] INFO  c.a.n.c.r.client - [closeConnection,584] - Close current connection 1770300283783_172.17.0.1_57814
22:15:29.710 [nacos-grpc-client-executor-localhost-143] INFO  c.a.n.c.r.c.g.GrpcClient - [printIfInfoEnabled,63] - [1770300283783_172.17.0.1_57814]Ignore complete event,isRunning:false,isAbandon=false
22:15:29.714 [SpringApplicationShutdownHook] INFO  c.a.n.c.r.c.g.GrpcClient - [shutdown,159] - Shutdown grpc executor java.util.concurrent.ThreadPoolExecutor@77859846[Running, pool size = 4, active threads = 0, queued tasks = 0, completed tasks = 144]
22:15:29.714 [SpringApplicationShutdownHook] INFO  c.a.n.client.naming - [shutdown,318] - Shutdown grpc redo service executor java.util.concurrent.ScheduledThreadPoolExecutor@64802c35[Running, pool size = 1, active threads = 0, queued tasks = 1, completed tasks = 214]
22:15:29.714 [SpringApplicationShutdownHook] INFO  c.a.n.c.a.r.i.CredentialWatcher - [stop,106] - [null] CredentialWatcher is stopped
22:15:29.715 [SpringApplicationShutdownHook] INFO  c.a.n.c.a.r.i.CredentialService - [free,100] - [null] CredentialService is freed
22:15:29.715 [SpringApplicationShutdownHook] INFO  c.a.n.client.naming - [shutdown,211] - com.alibaba.nacos.client.naming.remote.NamingClientProxyDelegate do shutdown stop
22:15:35.056 [background-preinit] INFO  o.h.v.i.util.Version - [<clinit>,21] - HV000001: Hibernate Validator 8.0.0.Final
22:15:35.331 [main] INFO  c.a.n.c.u.ParamUtil - [<clinit>,87] - [settings] [req-serv] nacos-server port:8848
22:15:35.331 [main] INFO  c.a.n.c.u.ParamUtil - [<clinit>,98] - [settings] [http-client] connect timeout:1000
22:15:35.332 [main] INFO  c.a.n.c.u.ParamUtil - [<clinit>,105] - PER_TASK_CONFIG_SIZE: 3000.0
22:15:35.370 [main] INFO  c.a.n.p.a.s.c.ClientAuthPluginManager - [init,56] - [ClientAuthPluginManager] Load ClientAuthService com.alibaba.nacos.client.auth.impl.NacosClientAuthServiceImpl success.
22:15:35.371 [main] INFO  c.a.n.p.a.s.c.ClientAuthPluginManager - [init,56] - [ClientAuthPluginManager] Load ClientAuthService com.alibaba.nacos.client.auth.ram.RamClientAuthServiceImpl success.
22:15:35.374 [main] INFO  c.a.n.c.a.r.i.CredentialWatcher - [loadCredential,165] - null No credential found
22:15:36.908 [main] INFO  c.a.n.c.c.i.LocalConfigInfoProcessor - [<clinit>,63] - LOCAL_SNAPSHOT_PATH:C:\Users\YUAN\nacos\config
22:15:36.917 [main] INFO  c.a.n.c.r.client - [lambda$createClient$0,108] - [RpcClientFactory] create a new rpc client of 42e6d3db-6f13-43d4-8044-0e9498e1f502_config-0
22:15:36.942 [main] INFO  c.a.n.c.r.client - [printIfInfoEnabled,63] - [42e6d3db-6f13-43d4-8044-0e9498e1f502_config-0] Register server push request handler:com.alibaba.nacos.client.config.impl.ClientWorker$ConfigRpcTransportClient$$Lambda$582/0x000002885b395d10
22:15:36.943 [main] INFO  c.a.n.c.r.client - [printIfInfoEnabled,63] - [42e6d3db-6f13-43d4-8044-0e9498e1f502_config-0] Register server push request handler:com.alibaba.nacos.client.config.impl.ClientWorker$ConfigRpcTransportClient$$Lambda$583/0x000002885b396130
22:15:36.944 [main] INFO  c.a.n.c.r.client - [printIfInfoEnabled,63] - [42e6d3db-6f13-43d4-8044-0e9498e1f502_config-0] Registry connection listener to current client:com.alibaba.nacos.client.config.impl.ClientWorker$ConfigRpcTransportClient$1
22:15:36.944 [main] INFO  c.a.n.c.r.client - [printIfInfoEnabled,63] - [42e6d3db-6f13-43d4-8044-0e9498e1f502_config-0] RpcClient init, ServerListFactory = com.alibaba.nacos.client.config.impl.ClientWorker$ConfigRpcTransportClient$2
22:15:36.953 [main] INFO  c.a.n.c.r.client - [printIfInfoEnabled,63] - [42e6d3db-6f13-43d4-8044-0e9498e1f502_config-0] Try to connect to server on start up, server: {serverIp = 'localhost', server main port = 8848}
22:15:36.994 [main] INFO  c.a.n.c.r.c.g.GrpcClient - [createNewManagedChannel,182] - grpc client connection server:localhost ip,serverPort:9848,grpcTslConfig:{"sslProvider":"OPENSSL","enableTls":false,"mutualAuthEnable":false,"trustAll":false}
22:15:38.365 [main] INFO  c.a.n.c.r.client - [printIfInfoEnabled,63] - [42e6d3db-6f13-43d4-8044-0e9498e1f502_config-0] Success to connect to server [localhost:8848] on start up, connectionId = 1770300938145_172.17.0.1_52288
22:15:38.367 [com.alibaba.nacos.client.remote.worker] INFO  c.a.n.c.r.client - [printIfInfoEnabled,63] - [42e6d3db-6f13-43d4-8044-0e9498e1f502_config-0] Notify connected event to listeners.
22:15:38.367 [main] INFO  c.a.n.c.r.client - [printIfInfoEnabled,63] - [42e6d3db-6f13-43d4-8044-0e9498e1f502_config-0] Register server push request handler:com.alibaba.nacos.common.remote.client.RpcClient$ConnectResetRequestHandler
22:15:38.367 [com.alibaba.nacos.client.remote.worker] INFO  c.a.n.c.c.i.ClientWorker - [onConnected,639] - [42e6d3db-6f13-43d4-8044-0e9498e1f502_config-0] Connected,notify listen context...
22:15:38.368 [main] INFO  c.a.n.c.r.client - [printIfInfoEnabled,63] - [42e6d3db-6f13-43d4-8044-0e9498e1f502_config-0] Register server push request handler:com.alibaba.nacos.common.remote.client.RpcClient$$Lambda$604/0x000002885b4dd1a0
22:15:38.419 [main] INFO  c.a.n.c.c.i.Limiter - [<clinit>,62] - limitTime:5.0
22:15:38.447 [main] INFO  c.a.n.c.c.u.JvmUtil - [<clinit>,54] - isMultiInstance:false
22:15:38.453 [main] INFO  o.s.c.b.c.PropertySourceBootstrapConfiguration - [initialize,108] - Located property source: [BootstrapPropertySource {name='bootstrapProperties-oj-system-local.yaml,DEFAULT_GROUP'}, BootstrapPropertySource {name='bootstrapProperties-oj-system.yaml,DEFAULT_GROUP'}, BootstrapPropertySource {name='bootstrapProperties-oj-system,DEFAULT_GROUP'}]
22:15:38.459 [main] INFO  c.b.s.OjSystemApplication - [logStartupProfileInfo,636] - The following 1 profile is active: "local"
22:15:39.080 [main] INFO  o.s.d.r.c.RepositoryConfigurationDelegate - [multipleStoresDetected,294] - Multiple Spring Data modules found, entering strict repository configuration mode
22:15:39.083 [main] INFO  o.s.d.r.c.RepositoryConfigurationDelegate - [registerRepositoriesIn,138] - Bootstrapping Spring Data Redis repositories in DEFAULT mode.
22:15:39.114 [main] INFO  o.s.d.r.c.RepositoryConfigurationDelegate - [registerRepositoriesIn,208] - Finished Spring Data repository scanning in 14 ms. Found 0 Redis repository interfaces.
22:15:39.312 [main] INFO  o.s.c.c.s.GenericScope - [setSerializationId,282] - BeanFactory id=2b1da559-5c2b-3911-8cd8-b78fee74f29d
22:15:39.727 [main] INFO  o.s.b.w.e.t.TomcatWebServer - [initialize,108] - Tomcat initialized with port(s): 9201 (http)
22:15:39.728 [main] INFO  o.a.c.c.AprLifecycleListener - [log,173] - An older version [1.3.1] of the Apache Tomcat Native library is installed, while Tomcat recommends a minimum version of [2.0.1]
22:15:39.728 [main] INFO  o.a.c.c.AprLifecycleListener - [log,173] - Loaded Apache Tomcat Native library [1.3.1] using APR version [1.7.4].
22:15:39.736 [main] INFO  o.a.c.c.AprLifecycleListener - [log,173] - OpenSSL successfully initialized [OpenSSL 3.0.14 4 Jun 2024]
22:15:39.748 [main] INFO  o.a.c.h.Http11NioProtocol - [log,173] - Initializing ProtocolHandler ["http-nio-9201"]
22:15:39.749 [main] INFO  o.a.c.c.StandardService - [log,173] - Starting service [Tomcat]
22:15:39.749 [main] INFO  o.a.c.c.StandardEngine - [log,173] - Starting Servlet engine: [Apache Tomcat/10.1.4]
22:15:39.856 [main] INFO  o.a.c.c.C.[.[.[/] - [log,173] - Initializing Spring embedded WebApplicationContext
22:15:39.856 [main] INFO  o.s.b.w.s.c.ServletWebServerApplicationContext - [prepareWebApplicationContext,291] - Root WebApplicationContext: initialization completed in 1383 ms
22:15:42.322 [main] INFO  o.s.c.c.u.InetUtils - [convertAddress,170] - Cannot determine local hostname
22:15:54.838 [main] INFO  o.s.c.c.u.InetUtils - [convertAddress,170] - Cannot determine local hostname
22:15:54.897 [main] INFO  o.a.c.h.Http11NioProtocol - [log,173] - Starting ProtocolHandler ["http-nio-9201"]
22:15:54.911 [main] INFO  o.s.b.w.e.t.TomcatWebServer - [start,220] - Tomcat started on port(s): 9201 (http) with context path ''
22:15:54.915 [main] INFO  c.a.n.client.naming - [initNamespaceForNaming,62] - initializer namespace from ans.namespace attribute : null
22:15:54.915 [main] INFO  c.a.n.client.naming - [lambda$initNamespaceForNaming$0,66] - initializer namespace from ALIBABA_ALIWARE_NAMESPACE attribute :null
22:15:54.917 [main] INFO  c.a.n.client.naming - [lambda$initNamespaceForNaming$1,73] - initializer namespace from namespace attribute :null
22:15:54.926 [main] INFO  c.a.n.p.a.s.c.ClientAuthPluginManager - [init,56] - [ClientAuthPluginManager] Load ClientAuthService com.alibaba.nacos.client.auth.impl.NacosClientAuthServiceImpl success.
22:15:54.927 [main] INFO  c.a.n.p.a.s.c.ClientAuthPluginManager - [init,56] - [ClientAuthPluginManager] Load ClientAuthService com.alibaba.nacos.client.auth.ram.RamClientAuthServiceImpl success.
22:15:54.930 [main] INFO  c.a.n.c.r.client - [lambda$createClient$0,108] - [RpcClientFactory] create a new rpc client of a2b43c9b-4ae5-4db7-a132-d1ea54749d98
22:15:54.932 [main] INFO  c.a.n.c.r.client - [printIfInfoEnabled,63] - [a2b43c9b-4ae5-4db7-a132-d1ea54749d98] RpcClient init, ServerListFactory = com.alibaba.nacos.client.naming.core.ServerListManager
22:15:54.932 [main] INFO  c.a.n.c.r.client - [printIfInfoEnabled,63] - [a2b43c9b-4ae5-4db7-a132-d1ea54749d98] Registry connection listener to current client:com.alibaba.nacos.client.naming.remote.gprc.redo.NamingGrpcRedoService
22:15:54.933 [main] INFO  c.a.n.c.r.client - [printIfInfoEnabled,63] - [a2b43c9b-4ae5-4db7-a132-d1ea54749d98] Register server push request handler:com.alibaba.nacos.client.naming.remote.gprc.NamingPushRequestHandler
22:15:54.933 [main] INFO  c.a.n.c.r.client - [printIfInfoEnabled,63] - [a2b43c9b-4ae5-4db7-a132-d1ea54749d98] Try to connect to server on start up, server: {serverIp = 'localhost', server main port = 8848}
22:15:54.933 [main] INFO  c.a.n.c.r.c.g.GrpcClient - [createNewManagedChannel,182] - grpc client connection server:localhost ip,serverPort:9848,grpcTslConfig:{"sslProvider":"OPENSSL","enableTls":false,"mutualAuthEnable":false,"trustAll":false}
22:15:55.056 [main] INFO  c.a.n.c.r.client - [printIfInfoEnabled,63] - [a2b43c9b-4ae5-4db7-a132-d1ea54749d98] Success to connect to server [localhost:8848] on start up, connectionId = 1770300954939_172.17.0.1_52520
22:15:55.057 [main] INFO  c.a.n.c.r.client - [printIfInfoEnabled,63] - [a2b43c9b-4ae5-4db7-a132-d1ea54749d98] Register server push request handler:com.alibaba.nacos.common.remote.client.RpcClient$ConnectResetRequestHandler
22:15:55.057 [com.alibaba.nacos.client.remote.worker] INFO  c.a.n.c.r.client - [printIfInfoEnabled,63] - [a2b43c9b-4ae5-4db7-a132-d1ea54749d98] Notify connected event to listeners.
22:15:55.057 [main] INFO  c.a.n.c.r.client - [printIfInfoEnabled,63] - [a2b43c9b-4ae5-4db7-a132-d1ea54749d98] Register server push request handler:com.alibaba.nacos.common.remote.client.RpcClient$$Lambda$604/0x000002885b4dd1a0
22:15:55.057 [com.alibaba.nacos.client.remote.worker] INFO  c.a.n.client.naming - [onConnected,78] - Grpc connection connect
22:15:55.058 [main] INFO  c.a.n.client.naming - [registerService,121] - [REGISTER-SERVICE] 1b90f136-42ba-4e2e-9214-fe3fa7476e5e registering service oj-system with instance Instance{instanceId='null', ip='26.167.161.225', port=9201, weight=1.0, healthy=true, enabled=true, ephemeral=true, clusterName='DEFAULT', serviceName='null', metadata={IPv6=[2001:0:14c9:d502:284f:2397:d85d:6b08], preserved.register.source=SPRING_CLOUD}}
22:15:55.068 [main] INFO  c.a.c.n.r.NacosServiceRegistry - [register,76] - nacos registry, DEFAULT_GROUP oj-system 26.167.161.225:9201 register finished
22:15:56.514 [main] INFO  o.s.c.c.u.InetUtils - [convertAddress,170] - Cannot determine local hostname
22:15:56.524 [main] INFO  c.b.s.OjSystemApplication - [logStarted,57] - Started OjSystemApplication in 23.305 seconds (process running for 24.15)
22:15:56.527 [main] INFO  c.a.n.c.c.i.CacheData - [<clinit>,67] - nacos.cache.data.init.snapshot = true 
22:15:56.528 [main] INFO  c.a.n.c.c.i.ClientWorker - [addCacheDataIfAbsent,380] - [fixed-1b90f136-42ba-4e2e-9214-fe3fa7476e5e-localhost_8848] [subscribe] oj-system-local.yaml+DEFAULT_GROUP+1b90f136-42ba-4e2e-9214-fe3fa7476e5e
22:15:56.537 [main] INFO  c.a.n.c.c.i.CacheData - [addListener,197] - [fixed-1b90f136-42ba-4e2e-9214-fe3fa7476e5e-localhost_8848] [add-listener] ok, tenant=1b90f136-42ba-4e2e-9214-fe3fa7476e5e, dataId=oj-system-local.yaml, group=DEFAULT_GROUP, cnt=1
22:15:56.537 [main] INFO  c.a.c.n.r.NacosContextRefresher - [registerNacosListener,129] - [Nacos Config] Listening config: dataId=oj-system-local.yaml, group=DEFAULT_GROUP
22:15:56.540 [main] INFO  c.a.n.c.c.i.ClientWorker - [addCacheDataIfAbsent,380] - [fixed-1b90f136-42ba-4e2e-9214-fe3fa7476e5e-localhost_8848] [subscribe] oj-system+DEFAULT_GROUP+1b90f136-42ba-4e2e-9214-fe3fa7476e5e
22:15:56.541 [main] INFO  c.a.n.c.c.i.CacheData - [addListener,197] - [fixed-1b90f136-42ba-4e2e-9214-fe3fa7476e5e-localhost_8848] [add-listener] ok, tenant=1b90f136-42ba-4e2e-9214-fe3fa7476e5e, dataId=oj-system, group=DEFAULT_GROUP, cnt=1
22:15:56.541 [main] INFO  c.a.c.n.r.NacosContextRefresher - [registerNacosListener,129] - [Nacos Config] Listening config: dataId=oj-system, group=DEFAULT_GROUP
22:15:56.541 [main] INFO  c.a.n.c.c.i.ClientWorker - [addCacheDataIfAbsent,380] - [fixed-1b90f136-42ba-4e2e-9214-fe3fa7476e5e-localhost_8848] [subscribe] oj-system.yaml+DEFAULT_GROUP+1b90f136-42ba-4e2e-9214-fe3fa7476e5e
22:15:56.541 [main] INFO  c.a.n.c.c.i.CacheData - [addListener,197] - [fixed-1b90f136-42ba-4e2e-9214-fe3fa7476e5e-localhost_8848] [add-listener] ok, tenant=1b90f136-42ba-4e2e-9214-fe3fa7476e5e, dataId=oj-system.yaml, group=DEFAULT_GROUP, cnt=1
22:15:56.541 [main] INFO  c.a.c.n.r.NacosContextRefresher - [registerNacosListener,129] - [Nacos Config] Listening config: dataId=oj-system.yaml, group=DEFAULT_GROUP
22:16:31.763 [http-nio-9201-exec-1] INFO  o.a.c.c.C.[.[.[/] - [log,173] - Initializing Spring DispatcherServlet 'dispatcherServlet'
22:16:31.763 [http-nio-9201-exec-1] INFO  o.s.w.s.DispatcherServlet - [initServletBean,532] - Initializing Servlet 'dispatcherServlet'
22:16:31.764 [http-nio-9201-exec-1] INFO  o.s.w.s.DispatcherServlet - [initServletBean,554] - Completed initialization in 1 ms
22:29:12.033 [SpringApplicationShutdownHook] INFO  c.a.c.n.r.NacosServiceRegistry - [deregister,95] - De-registering from Nacos Server now...
22:29:12.034 [SpringApplicationShutdownHook] INFO  c.a.n.client.naming - [deregisterService,217] - [DEREGISTER-SERVICE] 1b90f136-42ba-4e2e-9214-fe3fa7476e5e deregistering service oj-system with instance: Instance{instanceId='null', ip='26.167.161.225', port=9201, weight=1.0, healthy=true, enabled=true, ephemeral=true, clusterName='DEFAULT', serviceName='null', metadata={}}
22:29:12.041 [SpringApplicationShutdownHook] INFO  c.a.c.n.r.NacosServiceRegistry - [deregister,115] - De-registration finished.
22:29:12.042 [SpringApplicationShutdownHook] INFO  c.a.n.client.naming - [shutdown,256] - com.alibaba.nacos.client.naming.cache.ServiceInfoHolder do shutdown begin
22:29:12.042 [SpringApplicationShutdownHook] INFO  c.a.n.client.naming - [shutdown,136] - com.alibaba.nacos.client.naming.backups.FailoverReactor do shutdown begin
22:29:12.042 [SpringApplicationShutdownHook] INFO  c.a.n.client.naming - [shutdown,138] - com.alibaba.nacos.client.naming.backups.FailoverReactor do shutdown stop
22:29:12.042 [SpringApplicationShutdownHook] INFO  c.a.n.client.naming - [shutdown,258] - com.alibaba.nacos.client.naming.cache.ServiceInfoHolder do shutdown stop
22:29:12.042 [SpringApplicationShutdownHook] INFO  c.a.n.client.naming - [shutdown,204] - com.alibaba.nacos.client.naming.remote.NamingClientProxyDelegate do shutdown begin
22:29:12.042 [SpringApplicationShutdownHook] INFO  c.a.n.client.naming - [shutdown,143] - com.alibaba.nacos.client.naming.core.ServiceInfoUpdateService do shutdown begin
22:29:12.043 [SpringApplicationShutdownHook] INFO  c.a.n.client.naming - [shutdown,145] - com.alibaba.nacos.client.naming.core.ServiceInfoUpdateService do shutdown stop
22:29:12.043 [SpringApplicationShutdownHook] INFO  c.a.n.client.naming - [shutdown,194] - com.alibaba.nacos.client.naming.core.ServerListManager do shutdown begin
22:29:12.043 [SpringApplicationShutdownHook] INFO  c.a.n.client.naming - [shutdown,199] - com.alibaba.nacos.client.naming.core.ServerListManager do shutdown stop
22:29:12.043 [SpringApplicationShutdownHook] INFO  c.a.n.client.naming - [shutdown,484] - com.alibaba.nacos.client.naming.remote.http.NamingHttpClientProxy do shutdown begin
22:29:12.043 [SpringApplicationShutdownHook] INFO  c.a.n.client.naming - [shutdown,486] - com.alibaba.nacos.client.naming.remote.http.NamingHttpClientProxy do shutdown stop
22:29:12.043 [SpringApplicationShutdownHook] INFO  c.a.n.c.r.client - [shutdown,429] - Shutdown rpc client, set status to shutdown
22:29:12.043 [SpringApplicationShutdownHook] INFO  c.a.n.c.r.client - [shutdown,431] - Shutdown client event executor java.util.concurrent.ScheduledThreadPoolExecutor@19df871f[Running, pool size = 2, active threads = 2, queued tasks = 0, completed tasks = 0]
22:29:12.043 [SpringApplicationShutdownHook] INFO  c.a.n.c.r.client - [closeConnection,584] - Close current connection 1770300954939_172.17.0.1_52520
22:29:12.047 [nacos-grpc-client-executor-localhost-174] INFO  c.a.n.c.r.c.g.GrpcClient - [printIfInfoEnabled,63] - [1770300954939_172.17.0.1_52520]Ignore complete event,isRunning:false,isAbandon=false
22:29:12.052 [SpringApplicationShutdownHook] INFO  c.a.n.c.r.c.g.GrpcClient - [shutdown,159] - Shutdown grpc executor java.util.concurrent.ThreadPoolExecutor@3c8d332d[Running, pool size = 4, active threads = 0, queued tasks = 0, completed tasks = 175]
22:29:12.052 [SpringApplicationShutdownHook] INFO  c.a.n.client.naming - [shutdown,318] - Shutdown grpc redo service executor java.util.concurrent.ScheduledThreadPoolExecutor@2610547d[Running, pool size = 1, active threads = 0, queued tasks = 1, completed tasks = 264]
22:29:12.052 [SpringApplicationShutdownHook] INFO  c.a.n.c.a.r.i.CredentialWatcher - [stop,106] - [null] CredentialWatcher is stopped
22:29:12.053 [SpringApplicationShutdownHook] INFO  c.a.n.c.a.r.i.CredentialService - [free,100] - [null] CredentialService is freed
22:29:12.053 [SpringApplicationShutdownHook] INFO  c.a.n.client.naming - [shutdown,211] - com.alibaba.nacos.client.naming.remote.NamingClientProxyDelegate do shutdown stop
22:30:50.409 [background-preinit] INFO  o.h.v.i.util.Version - [<clinit>,21] - HV000001: Hibernate Validator 8.0.0.Final
22:30:50.828 [main] INFO  c.a.n.c.u.ParamUtil - [<clinit>,87] - [settings] [req-serv] nacos-server port:8848
22:30:50.829 [main] INFO  c.a.n.c.u.ParamUtil - [<clinit>,98] - [settings] [http-client] connect timeout:1000
22:30:50.830 [main] INFO  c.a.n.c.u.ParamUtil - [<clinit>,105] - PER_TASK_CONFIG_SIZE: 3000.0
22:30:50.889 [main] INFO  c.a.n.p.a.s.c.ClientAuthPluginManager - [init,56] - [ClientAuthPluginManager] Load ClientAuthService com.alibaba.nacos.client.auth.impl.NacosClientAuthServiceImpl success.
22:30:50.889 [main] INFO  c.a.n.p.a.s.c.ClientAuthPluginManager - [init,56] - [ClientAuthPluginManager] Load ClientAuthService com.alibaba.nacos.client.auth.ram.RamClientAuthServiceImpl success.
22:30:50.894 [main] INFO  c.a.n.c.a.r.i.CredentialWatcher - [loadCredential,165] - null No credential found
22:30:52.570 [main] INFO  c.a.n.c.c.i.LocalConfigInfoProcessor - [<clinit>,63] - LOCAL_SNAPSHOT_PATH:C:\Users\YUAN\nacos\config
22:30:52.576 [main] INFO  c.a.n.c.r.client - [lambda$createClient$0,108] - [RpcClientFactory] create a new rpc client of a0fedeed-c8d5-413b-843a-4f2eeb948e27_config-0
22:30:52.608 [main] INFO  c.a.n.c.r.client - [printIfInfoEnabled,63] - [a0fedeed-c8d5-413b-843a-4f2eeb948e27_config-0] Register server push request handler:com.alibaba.nacos.client.config.impl.ClientWorker$ConfigRpcTransportClient$$Lambda$582/0x000001cb29396908
22:30:52.610 [main] INFO  c.a.n.c.r.client - [printIfInfoEnabled,63] - [a0fedeed-c8d5-413b-843a-4f2eeb948e27_config-0] Register server push request handler:com.alibaba.nacos.client.config.impl.ClientWorker$ConfigRpcTransportClient$$Lambda$583/0x000001cb29396d28
22:30:52.610 [main] INFO  c.a.n.c.r.client - [printIfInfoEnabled,63] - [a0fedeed-c8d5-413b-843a-4f2eeb948e27_config-0] Registry connection listener to current client:com.alibaba.nacos.client.config.impl.ClientWorker$ConfigRpcTransportClient$1
22:30:52.610 [main] INFO  c.a.n.c.r.client - [printIfInfoEnabled,63] - [a0fedeed-c8d5-413b-843a-4f2eeb948e27_config-0] RpcClient init, ServerListFactory = com.alibaba.nacos.client.config.impl.ClientWorker$ConfigRpcTransportClient$2
22:30:52.623 [main] INFO  c.a.n.c.r.client - [printIfInfoEnabled,63] - [a0fedeed-c8d5-413b-843a-4f2eeb948e27_config-0] Try to connect to server on start up, server: {serverIp = 'localhost', server main port = 8848}
22:30:52.675 [main] INFO  c.a.n.c.r.c.g.GrpcClient - [createNewManagedChannel,182] - grpc client connection server:localhost ip,serverPort:9848,grpcTslConfig:{"sslProvider":"OPENSSL","enableTls":false,"mutualAuthEnable":false,"trustAll":false}
22:30:54.289 [main] INFO  c.a.n.c.r.client - [printIfInfoEnabled,63] - [a0fedeed-c8d5-413b-843a-4f2eeb948e27_config-0] Success to connect to server [localhost:8848] on start up, connectionId = 1770301854054_172.17.0.1_33340
22:30:54.291 [com.alibaba.nacos.client.remote.worker] INFO  c.a.n.c.r.client - [printIfInfoEnabled,63] - [a0fedeed-c8d5-413b-843a-4f2eeb948e27_config-0] Notify connected event to listeners.
22:30:54.291 [com.alibaba.nacos.client.remote.worker] INFO  c.a.n.c.c.i.ClientWorker - [onConnected,639] - [a0fedeed-c8d5-413b-843a-4f2eeb948e27_config-0] Connected,notify listen context...
22:30:54.292 [main] INFO  c.a.n.c.r.client - [printIfInfoEnabled,63] - [a0fedeed-c8d5-413b-843a-4f2eeb948e27_config-0] Register server push request handler:com.alibaba.nacos.common.remote.client.RpcClient$ConnectResetRequestHandler
22:30:54.292 [main] INFO  c.a.n.c.r.client - [printIfInfoEnabled,63] - [a0fedeed-c8d5-413b-843a-4f2eeb948e27_config-0] Register server push request handler:com.alibaba.nacos.common.remote.client.RpcClient$$Lambda$604/0x000001cb294de150
22:30:54.360 [main] INFO  c.a.n.c.c.i.Limiter - [<clinit>,62] - limitTime:5.0
22:30:54.401 [main] INFO  c.a.n.c.c.u.JvmUtil - [<clinit>,54] - isMultiInstance:false
22:30:54.409 [main] INFO  o.s.c.b.c.PropertySourceBootstrapConfiguration - [initialize,108] - Located property source: [BootstrapPropertySource {name='bootstrapProperties-oj-system-local.yaml,DEFAULT_GROUP'}, BootstrapPropertySource {name='bootstrapProperties-oj-system.yaml,DEFAULT_GROUP'}, BootstrapPropertySource {name='bootstrapProperties-oj-system,DEFAULT_GROUP'}]
22:30:54.418 [main] INFO  c.b.s.OjSystemApplication - [logStartupProfileInfo,636] - The following 1 profile is active: "local"
22:30:55.283 [main] INFO  o.s.d.r.c.RepositoryConfigurationDelegate - [multipleStoresDetected,294] - Multiple Spring Data modules found, entering strict repository configuration mode
22:30:55.286 [main] INFO  o.s.d.r.c.RepositoryConfigurationDelegate - [registerRepositoriesIn,138] - Bootstrapping Spring Data Redis repositories in DEFAULT mode.
22:30:55.320 [main] INFO  o.s.d.r.c.RepositoryConfigurationDelegate - [registerRepositoriesIn,208] - Finished Spring Data repository scanning in 15 ms. Found 0 Redis repository interfaces.
22:30:55.589 [main] INFO  o.s.c.c.s.GenericScope - [setSerializationId,282] - BeanFactory id=2b1da559-5c2b-3911-8cd8-b78fee74f29d
22:30:56.236 [main] INFO  o.s.b.w.e.t.TomcatWebServer - [initialize,108] - Tomcat initialized with port(s): 9201 (http)
22:30:56.237 [main] INFO  o.a.c.c.AprLifecycleListener - [log,173] - An older version [1.3.1] of the Apache Tomcat Native library is installed, while Tomcat recommends a minimum version of [2.0.1]
22:30:56.237 [main] INFO  o.a.c.c.AprLifecycleListener - [log,173] - Loaded Apache Tomcat Native library [1.3.1] using APR version [1.7.4].
22:30:56.257 [main] INFO  o.a.c.c.AprLifecycleListener - [log,173] - OpenSSL successfully initialized [OpenSSL 3.0.14 4 Jun 2024]
22:30:56.284 [main] INFO  o.a.c.h.Http11NioProtocol - [log,173] - Initializing ProtocolHandler ["http-nio-9201"]
22:30:56.285 [main] INFO  o.a.c.c.StandardService - [log,173] - Starting service [Tomcat]
22:30:56.285 [main] INFO  o.a.c.c.StandardEngine - [log,173] - Starting Servlet engine: [Apache Tomcat/10.1.4]
22:30:56.444 [main] INFO  o.a.c.c.C.[.[.[/] - [log,173] - Initializing Spring embedded WebApplicationContext
22:30:56.444 [main] INFO  o.s.b.w.s.c.ServletWebServerApplicationContext - [prepareWebApplicationContext,291] - Root WebApplicationContext: initialization completed in 2006 ms
22:30:59.626 [main] INFO  o.s.c.c.u.InetUtils - [convertAddress,170] - Cannot determine local hostname
22:31:13.311 [main] INFO  o.s.c.c.u.InetUtils - [convertAddress,170] - Cannot determine local hostname
22:31:13.400 [main] INFO  o.a.c.h.Http11NioProtocol - [log,173] - Starting ProtocolHandler ["http-nio-9201"]
22:31:13.419 [main] INFO  o.s.b.w.e.t.TomcatWebServer - [start,220] - Tomcat started on port(s): 9201 (http) with context path ''
22:31:13.420 [main] INFO  c.a.n.client.naming - [initNamespaceForNaming,62] - initializer namespace from ans.namespace attribute : null
22:31:13.424 [main] INFO  c.a.n.client.naming - [lambda$initNamespaceForNaming$0,66] - initializer namespace from ALIBABA_ALIWARE_NAMESPACE attribute :null
22:31:13.424 [main] INFO  c.a.n.client.naming - [lambda$initNamespaceForNaming$1,73] - initializer namespace from namespace attribute :null
22:31:13.436 [main] INFO  c.a.n.p.a.s.c.ClientAuthPluginManager - [init,56] - [ClientAuthPluginManager] Load ClientAuthService com.alibaba.nacos.client.auth.impl.NacosClientAuthServiceImpl success.
22:31:13.436 [main] INFO  c.a.n.p.a.s.c.ClientAuthPluginManager - [init,56] - [ClientAuthPluginManager] Load ClientAuthService com.alibaba.nacos.client.auth.ram.RamClientAuthServiceImpl success.
22:31:13.439 [main] INFO  c.a.n.c.r.client - [lambda$createClient$0,108] - [RpcClientFactory] create a new rpc client of f6863924-d3f4-423c-831f-d1cb891d5b09
22:31:13.441 [main] INFO  c.a.n.c.r.client - [printIfInfoEnabled,63] - [f6863924-d3f4-423c-831f-d1cb891d5b09] RpcClient init, ServerListFactory = com.alibaba.nacos.client.naming.core.ServerListManager
22:31:13.442 [main] INFO  c.a.n.c.r.client - [printIfInfoEnabled,63] - [f6863924-d3f4-423c-831f-d1cb891d5b09] Registry connection listener to current client:com.alibaba.nacos.client.naming.remote.gprc.redo.NamingGrpcRedoService
22:31:13.442 [main] INFO  c.a.n.c.r.client - [printIfInfoEnabled,63] - [f6863924-d3f4-423c-831f-d1cb891d5b09] Register server push request handler:com.alibaba.nacos.client.naming.remote.gprc.NamingPushRequestHandler
22:31:13.443 [main] INFO  c.a.n.c.r.client - [printIfInfoEnabled,63] - [f6863924-d3f4-423c-831f-d1cb891d5b09] Try to connect to server on start up, server: {serverIp = 'localhost', server main port = 8848}
22:31:13.443 [main] INFO  c.a.n.c.r.c.g.GrpcClient - [createNewManagedChannel,182] - grpc client connection server:localhost ip,serverPort:9848,grpcTslConfig:{"sslProvider":"OPENSSL","enableTls":false,"mutualAuthEnable":false,"trustAll":false}
22:31:13.573 [main] INFO  c.a.n.c.r.client - [printIfInfoEnabled,63] - [f6863924-d3f4-423c-831f-d1cb891d5b09] Success to connect to server [localhost:8848] on start up, connectionId = 1770301873453_172.17.0.1_52430
22:31:13.574 [main] INFO  c.a.n.c.r.client - [printIfInfoEnabled,63] - [f6863924-d3f4-423c-831f-d1cb891d5b09] Register server push request handler:com.alibaba.nacos.common.remote.client.RpcClient$ConnectResetRequestHandler
22:31:13.574 [com.alibaba.nacos.client.remote.worker] INFO  c.a.n.c.r.client - [printIfInfoEnabled,63] - [f6863924-d3f4-423c-831f-d1cb891d5b09] Notify connected event to listeners.
22:31:13.574 [main] INFO  c.a.n.c.r.client - [printIfInfoEnabled,63] - [f6863924-d3f4-423c-831f-d1cb891d5b09] Register server push request handler:com.alibaba.nacos.common.remote.client.RpcClient$$Lambda$604/0x000001cb294de150
22:31:13.574 [com.alibaba.nacos.client.remote.worker] INFO  c.a.n.client.naming - [onConnected,78] - Grpc connection connect
22:31:13.576 [main] INFO  c.a.n.client.naming - [registerService,121] - [REGISTER-SERVICE] 1b90f136-42ba-4e2e-9214-fe3fa7476e5e registering service oj-system with instance Instance{instanceId='null', ip='26.167.161.225', port=9201, weight=1.0, healthy=true, enabled=true, ephemeral=true, clusterName='DEFAULT', serviceName='null', metadata={IPv6=[2001:0:14c9:d502:284f:2397:d85d:6b08], preserved.register.source=SPRING_CLOUD}}
22:31:13.589 [main] INFO  c.a.c.n.r.NacosServiceRegistry - [register,76] - nacos registry, DEFAULT_GROUP oj-system 26.167.161.225:9201 register finished
22:31:14.981 [main] INFO  o.s.c.c.u.InetUtils - [convertAddress,170] - Cannot determine local hostname
22:31:14.993 [main] INFO  c.b.s.OjSystemApplication - [logStarted,57] - Started OjSystemApplication in 26.598 seconds (process running for 27.61)
22:31:14.996 [main] INFO  c.a.n.c.c.i.CacheData - [<clinit>,67] - nacos.cache.data.init.snapshot = true 
22:31:14.998 [main] INFO  c.a.n.c.c.i.ClientWorker - [addCacheDataIfAbsent,380] - [fixed-1b90f136-42ba-4e2e-9214-fe3fa7476e5e-localhost_8848] [subscribe] oj-system-local.yaml+DEFAULT_GROUP+1b90f136-42ba-4e2e-9214-fe3fa7476e5e
22:31:15.009 [main] INFO  c.a.n.c.c.i.CacheData - [addListener,197] - [fixed-1b90f136-42ba-4e2e-9214-fe3fa7476e5e-localhost_8848] [add-listener] ok, tenant=1b90f136-42ba-4e2e-9214-fe3fa7476e5e, dataId=oj-system-local.yaml, group=DEFAULT_GROUP, cnt=1
22:31:15.009 [main] INFO  c.a.c.n.r.NacosContextRefresher - [registerNacosListener,129] - [Nacos Config] Listening config: dataId=oj-system-local.yaml, group=DEFAULT_GROUP
22:31:15.009 [main] INFO  c.a.n.c.c.i.ClientWorker - [addCacheDataIfAbsent,380] - [fixed-1b90f136-42ba-4e2e-9214-fe3fa7476e5e-localhost_8848] [subscribe] oj-system+DEFAULT_GROUP+1b90f136-42ba-4e2e-9214-fe3fa7476e5e
22:31:15.010 [main] INFO  c.a.n.c.c.i.CacheData - [addListener,197] - [fixed-1b90f136-42ba-4e2e-9214-fe3fa7476e5e-localhost_8848] [add-listener] ok, tenant=1b90f136-42ba-4e2e-9214-fe3fa7476e5e, dataId=oj-system, group=DEFAULT_GROUP, cnt=1
22:31:15.010 [main] INFO  c.a.c.n.r.NacosContextRefresher - [registerNacosListener,129] - [Nacos Config] Listening config: dataId=oj-system, group=DEFAULT_GROUP
22:31:15.010 [main] INFO  c.a.n.c.c.i.ClientWorker - [addCacheDataIfAbsent,380] - [fixed-1b90f136-42ba-4e2e-9214-fe3fa7476e5e-localhost_8848] [subscribe] oj-system.yaml+DEFAULT_GROUP+1b90f136-42ba-4e2e-9214-fe3fa7476e5e
22:31:15.010 [main] INFO  c.a.n.c.c.i.CacheData - [addListener,197] - [fixed-1b90f136-42ba-4e2e-9214-fe3fa7476e5e-localhost_8848] [add-listener] ok, tenant=1b90f136-42ba-4e2e-9214-fe3fa7476e5e, dataId=oj-system.yaml, group=DEFAULT_GROUP, cnt=1
22:31:15.010 [main] INFO  c.a.c.n.r.NacosContextRefresher - [registerNacosListener,129] - [Nacos Config] Listening config: dataId=oj-system.yaml, group=DEFAULT_GROUP
22:31:32.374 [http-nio-9201-exec-1] INFO  o.a.c.c.C.[.[.[/] - [log,173] - Initializing Spring DispatcherServlet 'dispatcherServlet'
22:31:32.374 [http-nio-9201-exec-1] INFO  o.s.w.s.DispatcherServlet - [initServletBean,532] - Initializing Servlet 'dispatcherServlet'
22:31:32.376 [http-nio-9201-exec-1] INFO  o.s.w.s.DispatcherServlet - [initServletBean,554] - Completed initialization in 2 ms
22:37:06.974 [SpringApplicationShutdownHook] INFO  c.a.c.n.r.NacosServiceRegistry - [deregister,95] - De-registering from Nacos Server now...
22:37:06.974 [SpringApplicationShutdownHook] INFO  c.a.n.client.naming - [deregisterService,217] - [DEREGISTER-SERVICE] 1b90f136-42ba-4e2e-9214-fe3fa7476e5e deregistering service oj-system with instance: Instance{instanceId='null', ip='26.167.161.225', port=9201, weight=1.0, healthy=true, enabled=true, ephemeral=true, clusterName='DEFAULT', serviceName='null', metadata={}}
22:37:06.981 [SpringApplicationShutdownHook] INFO  c.a.c.n.r.NacosServiceRegistry - [deregister,115] - De-registration finished.
22:37:06.982 [SpringApplicationShutdownHook] INFO  c.a.n.client.naming - [shutdown,256] - com.alibaba.nacos.client.naming.cache.ServiceInfoHolder do shutdown begin
22:37:06.982 [SpringApplicationShutdownHook] INFO  c.a.n.client.naming - [shutdown,136] - com.alibaba.nacos.client.naming.backups.FailoverReactor do shutdown begin
22:37:06.982 [SpringApplicationShutdownHook] INFO  c.a.n.client.naming - [shutdown,138] - com.alibaba.nacos.client.naming.backups.FailoverReactor do shutdown stop
22:37:06.982 [SpringApplicationShutdownHook] INFO  c.a.n.client.naming - [shutdown,258] - com.alibaba.nacos.client.naming.cache.ServiceInfoHolder do shutdown stop
22:37:06.982 [SpringApplicationShutdownHook] INFO  c.a.n.client.naming - [shutdown,204] - com.alibaba.nacos.client.naming.remote.NamingClientProxyDelegate do shutdown begin
22:37:06.982 [SpringApplicationShutdownHook] INFO  c.a.n.client.naming - [shutdown,143] - com.alibaba.nacos.client.naming.core.ServiceInfoUpdateService do shutdown begin
22:37:06.982 [SpringApplicationShutdownHook] INFO  c.a.n.client.naming - [shutdown,145] - com.alibaba.nacos.client.naming.core.ServiceInfoUpdateService do shutdown stop
22:37:06.982 [SpringApplicationShutdownHook] INFO  c.a.n.client.naming - [shutdown,194] - com.alibaba.nacos.client.naming.core.ServerListManager do shutdown begin
22:37:06.982 [SpringApplicationShutdownHook] INFO  c.a.n.client.naming - [shutdown,199] - com.alibaba.nacos.client.naming.core.ServerListManager do shutdown stop
22:37:06.983 [SpringApplicationShutdownHook] INFO  c.a.n.client.naming - [shutdown,484] - com.alibaba.nacos.client.naming.remote.http.NamingHttpClientProxy do shutdown begin
22:37:06.983 [SpringApplicationShutdownHook] INFO  c.a.n.client.naming - [shutdown,486] - com.alibaba.nacos.client.naming.remote.http.NamingHttpClientProxy do shutdown stop
22:37:06.983 [SpringApplicationShutdownHook] INFO  c.a.n.c.r.client - [shutdown,429] - Shutdown rpc client, set status to shutdown
22:37:06.983 [SpringApplicationShutdownHook] INFO  c.a.n.c.r.client - [shutdown,431] - Shutdown client event executor java.util.concurrent.ScheduledThreadPoolExecutor@e65062b[Running, pool size = 2, active threads = 2, queued tasks = 0, completed tasks = 0]
22:37:06.983 [SpringApplicationShutdownHook] INFO  c.a.n.c.r.client - [closeConnection,584] - Close current connection 1770301873453_172.17.0.1_52430
22:37:06.988 [SpringApplicationShutdownHook] INFO  c.a.n.c.r.c.g.GrpcClient - [shutdown,159] - Shutdown grpc executor java.util.concurrent.ThreadPoolExecutor@979be0d[Running, pool size = 4, active threads = 0, queued tasks = 0, completed tasks = 81]
22:37:06.989 [SpringApplicationShutdownHook] INFO  c.a.n.client.naming - [shutdown,318] - Shutdown grpc redo service executor java.util.concurrent.ScheduledThreadPoolExecutor@38c97538[Running, pool size = 1, active threads = 0, queued tasks = 1, completed tasks = 117]
22:37:06.989 [SpringApplicationShutdownHook] INFO  c.a.n.c.a.r.i.CredentialWatcher - [stop,106] - [null] CredentialWatcher is stopped
22:37:06.989 [SpringApplicationShutdownHook] INFO  c.a.n.c.a.r.i.CredentialService - [free,100] - [null] CredentialService is freed
22:37:06.989 [SpringApplicationShutdownHook] INFO  c.a.n.client.naming - [shutdown,211] - com.alibaba.nacos.client.naming.remote.NamingClientProxyDelegate do shutdown stop
