16:09:01.375 [background-preinit] INFO  o.h.v.i.util.Version - [<clinit>,21] - HV000001: Hibernate Validator 8.0.0.Final
16:09:01.742 [main] INFO  c.a.n.c.u.ParamUtil - [<clinit>,87] - [settings] [req-serv] nacos-server port:8848
16:09:01.742 [main] INFO  c.a.n.c.u.ParamUtil - [<clinit>,98] - [settings] [http-client] connect timeout:1000
16:09:01.744 [main] INFO  c.a.n.c.u.ParamUtil - [<clinit>,105] - PER_TASK_CONFIG_SIZE: 3000.0
16:09:01.808 [main] INFO  c.a.n.p.a.s.c.ClientAuthPluginManager - [init,56] - [ClientAuthPluginManager] Load ClientAuthService com.alibaba.nacos.client.auth.impl.NacosClientAuthServiceImpl success.
16:09:01.808 [main] INFO  c.a.n.p.a.s.c.ClientAuthPluginManager - [init,56] - [ClientAuthPluginManager] Load ClientAuthService com.alibaba.nacos.client.auth.ram.RamClientAuthServiceImpl success.
16:09:01.815 [main] INFO  c.a.n.c.a.r.i.CredentialWatcher - [loadCredential,165] - null No credential found
16:09:03.590 [main] INFO  c.a.n.c.c.i.LocalConfigInfoProcessor - [<clinit>,63] - LOCAL_SNAPSHOT_PATH:C:\Users\YUAN\nacos\config
16:09:03.596 [main] INFO  c.a.n.c.r.client - [lambda$createClient$0,108] - [RpcClientFactory] create a new rpc client of 9344778c-3062-46e0-8ef7-9d7df34d293b_config-0
16:09:03.630 [main] INFO  c.a.n.c.r.client - [printIfInfoEnabled,63] - [9344778c-3062-46e0-8ef7-9d7df34d293b_config-0] Register server push request handler:com.alibaba.nacos.client.config.impl.ClientWorker$ConfigRpcTransportClient$$Lambda$582/0x000001ac013973b0
16:09:03.630 [main] INFO  c.a.n.c.r.client - [printIfInfoEnabled,63] - [9344778c-3062-46e0-8ef7-9d7df34d293b_config-0] Register server push request handler:com.alibaba.nacos.client.config.impl.ClientWorker$ConfigRpcTransportClient$$Lambda$583/0x000001ac013977d0
16:09:03.630 [main] INFO  c.a.n.c.r.client - [printIfInfoEnabled,63] - [9344778c-3062-46e0-8ef7-9d7df34d293b_config-0] Registry connection listener to current client:com.alibaba.nacos.client.config.impl.ClientWorker$ConfigRpcTransportClient$1
16:09:03.631 [main] INFO  c.a.n.c.r.client - [printIfInfoEnabled,63] - [9344778c-3062-46e0-8ef7-9d7df34d293b_config-0] RpcClient init, ServerListFactory = com.alibaba.nacos.client.config.impl.ClientWorker$ConfigRpcTransportClient$2
16:09:03.641 [main] INFO  c.a.n.c.r.client - [printIfInfoEnabled,63] - [9344778c-3062-46e0-8ef7-9d7df34d293b_config-0] Try to connect to server on start up, server: {serverIp = 'localhost', server main port = 8848}
16:09:03.690 [main] INFO  c.a.n.c.r.c.g.GrpcClient - [createNewManagedChannel,182] - grpc client connection server:localhost ip,serverPort:9848,grpcTslConfig:{"sslProvider":"OPENSSL","enableTls":false,"mutualAuthEnable":false,"trustAll":false}
16:09:05.176 [main] INFO  c.a.n.c.r.client - [printIfInfoEnabled,63] - [9344778c-3062-46e0-8ef7-9d7df34d293b_config-0] Success to connect to server [localhost:8848] on start up, connectionId = 1770538144951_172.17.0.1_52818
16:09:05.177 [com.alibaba.nacos.client.remote.worker] INFO  c.a.n.c.r.client - [printIfInfoEnabled,63] - [9344778c-3062-46e0-8ef7-9d7df34d293b_config-0] Notify connected event to listeners.
16:09:05.177 [com.alibaba.nacos.client.remote.worker] INFO  c.a.n.c.c.i.ClientWorker - [onConnected,639] - [9344778c-3062-46e0-8ef7-9d7df34d293b_config-0] Connected,notify listen context...
16:09:05.177 [main] INFO  c.a.n.c.r.client - [printIfInfoEnabled,63] - [9344778c-3062-46e0-8ef7-9d7df34d293b_config-0] Register server push request handler:com.alibaba.nacos.common.remote.client.RpcClient$ConnectResetRequestHandler
16:09:05.177 [main] INFO  c.a.n.c.r.client - [printIfInfoEnabled,63] - [9344778c-3062-46e0-8ef7-9d7df34d293b_config-0] Register server push request handler:com.alibaba.nacos.common.remote.client.RpcClient$$Lambda$604/0x000001ac014de788
16:09:05.231 [main] INFO  c.a.n.c.c.i.Limiter - [<clinit>,62] - limitTime:5.0
16:09:05.264 [main] INFO  c.a.n.c.c.u.JvmUtil - [<clinit>,54] - isMultiInstance:false
16:09:05.269 [main] INFO  o.s.c.b.c.PropertySourceBootstrapConfiguration - [initialize,108] - Located property source: [BootstrapPropertySource {name='bootstrapProperties-oj-system-local.yaml,DEFAULT_GROUP'}, BootstrapPropertySource {name='bootstrapProperties-oj-system.yaml,DEFAULT_GROUP'}, BootstrapPropertySource {name='bootstrapProperties-oj-system,DEFAULT_GROUP'}]
16:09:05.274 [main] INFO  c.b.s.OjSystemApplication - [logStartupProfileInfo,636] - The following 1 profile is active: "local"
16:09:05.963 [main] INFO  o.s.d.r.c.RepositoryConfigurationDelegate - [multipleStoresDetected,294] - Multiple Spring Data modules found, entering strict repository configuration mode
16:09:05.966 [main] INFO  o.s.d.r.c.RepositoryConfigurationDelegate - [registerRepositoriesIn,138] - Bootstrapping Spring Data Redis repositories in DEFAULT mode.
16:09:05.990 [main] INFO  o.s.d.r.c.RepositoryConfigurationDelegate - [registerRepositoriesIn,208] - Finished Spring Data repository scanning in 11 ms. Found 0 Redis repository interfaces.
16:09:06.175 [main] INFO  o.s.c.c.s.GenericScope - [setSerializationId,282] - BeanFactory id=2b1da559-5c2b-3911-8cd8-b78fee74f29d
16:09:06.610 [main] INFO  o.s.b.w.e.t.TomcatWebServer - [initialize,108] - Tomcat initialized with port(s): 9201 (http)
16:09:06.611 [main] INFO  o.a.c.c.AprLifecycleListener - [log,173] - An older version [1.3.1] of the Apache Tomcat Native library is installed, while Tomcat recommends a minimum version of [2.0.1]
16:09:06.611 [main] INFO  o.a.c.c.AprLifecycleListener - [log,173] - Loaded Apache Tomcat Native library [1.3.1] using APR version [1.7.4].
16:09:06.615 [main] INFO  o.a.c.c.AprLifecycleListener - [log,173] - OpenSSL successfully initialized [OpenSSL 3.0.14 4 Jun 2024]
16:09:06.629 [main] INFO  o.a.c.h.Http11NioProtocol - [log,173] - Initializing ProtocolHandler ["http-nio-9201"]
16:09:06.629 [main] INFO  o.a.c.c.StandardService - [log,173] - Starting service [Tomcat]
16:09:06.629 [main] INFO  o.a.c.c.StandardEngine - [log,173] - Starting Servlet engine: [Apache Tomcat/10.1.4]
16:09:06.759 [main] INFO  o.a.c.c.C.[.[.[/] - [log,173] - Initializing Spring embedded WebApplicationContext
16:09:06.759 [main] INFO  o.s.b.w.s.c.ServletWebServerApplicationContext - [prepareWebApplicationContext,291] - Root WebApplicationContext: initialization completed in 1471 ms
16:09:09.449 [main] INFO  o.s.c.c.u.InetUtils - [convertAddress,170] - Cannot determine local hostname
16:09:21.693 [main] INFO  o.s.c.c.u.InetUtils - [convertAddress,170] - Cannot determine local hostname
16:09:21.797 [main] INFO  o.a.c.h.Http11NioProtocol - [log,173] - Starting ProtocolHandler ["http-nio-9201"]
16:09:21.821 [main] INFO  o.s.b.w.e.t.TomcatWebServer - [start,220] - Tomcat started on port(s): 9201 (http) with context path ''
16:09:21.828 [main] INFO  c.a.n.client.naming - [initNamespaceForNaming,62] - initializer namespace from ans.namespace attribute : null
16:09:21.828 [main] INFO  c.a.n.client.naming - [lambda$initNamespaceForNaming$0,66] - initializer namespace from ALIBABA_ALIWARE_NAMESPACE attribute :null
16:09:21.830 [main] INFO  c.a.n.client.naming - [lambda$initNamespaceForNaming$1,73] - initializer namespace from namespace attribute :null
16:09:21.846 [main] INFO  c.a.n.p.a.s.c.ClientAuthPluginManager - [init,56] - [ClientAuthPluginManager] Load ClientAuthService com.alibaba.nacos.client.auth.impl.NacosClientAuthServiceImpl success.
16:09:21.847 [main] INFO  c.a.n.p.a.s.c.ClientAuthPluginManager - [init,56] - [ClientAuthPluginManager] Load ClientAuthService com.alibaba.nacos.client.auth.ram.RamClientAuthServiceImpl success.
16:09:21.853 [main] INFO  c.a.n.c.r.client - [lambda$createClient$0,108] - [RpcClientFactory] create a new rpc client of 04707753-fcc1-4a41-b1ac-47b768a71804
16:09:21.856 [main] INFO  c.a.n.c.r.client - [printIfInfoEnabled,63] - [04707753-fcc1-4a41-b1ac-47b768a71804] RpcClient init, ServerListFactory = com.alibaba.nacos.client.naming.core.ServerListManager
16:09:21.857 [main] INFO  c.a.n.c.r.client - [printIfInfoEnabled,63] - [04707753-fcc1-4a41-b1ac-47b768a71804] Registry connection listener to current client:com.alibaba.nacos.client.naming.remote.gprc.redo.NamingGrpcRedoService
16:09:21.857 [main] INFO  c.a.n.c.r.client - [printIfInfoEnabled,63] - [04707753-fcc1-4a41-b1ac-47b768a71804] Register server push request handler:com.alibaba.nacos.client.naming.remote.gprc.NamingPushRequestHandler
16:09:21.858 [main] INFO  c.a.n.c.r.client - [printIfInfoEnabled,63] - [04707753-fcc1-4a41-b1ac-47b768a71804] Try to connect to server on start up, server: {serverIp = 'localhost', server main port = 8848}
16:09:21.858 [main] INFO  c.a.n.c.r.c.g.GrpcClient - [createNewManagedChannel,182] - grpc client connection server:localhost ip,serverPort:9848,grpcTslConfig:{"sslProvider":"OPENSSL","enableTls":false,"mutualAuthEnable":false,"trustAll":false}
16:09:21.986 [main] INFO  c.a.n.c.r.client - [printIfInfoEnabled,63] - [04707753-fcc1-4a41-b1ac-47b768a71804] Success to connect to server [localhost:8848] on start up, connectionId = 1770538161869_172.17.0.1_56352
16:09:21.986 [main] INFO  c.a.n.c.r.client - [printIfInfoEnabled,63] - [04707753-fcc1-4a41-b1ac-47b768a71804] Register server push request handler:com.alibaba.nacos.common.remote.client.RpcClient$ConnectResetRequestHandler
16:09:21.987 [main] INFO  c.a.n.c.r.client - [printIfInfoEnabled,63] - [04707753-fcc1-4a41-b1ac-47b768a71804] Register server push request handler:com.alibaba.nacos.common.remote.client.RpcClient$$Lambda$604/0x000001ac014de788
16:09:21.986 [com.alibaba.nacos.client.remote.worker] INFO  c.a.n.c.r.client - [printIfInfoEnabled,63] - [04707753-fcc1-4a41-b1ac-47b768a71804] Notify connected event to listeners.
16:09:21.987 [com.alibaba.nacos.client.remote.worker] INFO  c.a.n.client.naming - [onConnected,78] - Grpc connection connect
16:09:21.988 [main] INFO  c.a.n.client.naming - [registerService,121] - [REGISTER-SERVICE] 1b90f136-42ba-4e2e-9214-fe3fa7476e5e registering service oj-system with instance Instance{instanceId='null', ip='26.167.161.225', port=9201, weight=1.0, healthy=true, enabled=true, ephemeral=true, clusterName='DEFAULT', serviceName='null', metadata={IPv6=[2001:0:14c9:d502:20d2:21a3:d85d:6b08], preserved.register.source=SPRING_CLOUD}}
16:09:22.013 [main] INFO  c.a.c.n.r.NacosServiceRegistry - [register,76] - nacos registry, DEFAULT_GROUP oj-system 26.167.161.225:9201 register finished
16:09:23.650 [main] INFO  o.s.c.c.u.InetUtils - [convertAddress,170] - Cannot determine local hostname
16:09:23.667 [main] INFO  c.b.s.OjSystemApplication - [logStarted,57] - Started OjSystemApplication in 24.201 seconds (process running for 25.791)
16:09:23.674 [main] INFO  c.a.n.c.c.i.CacheData - [<clinit>,67] - nacos.cache.data.init.snapshot = true 
16:09:23.676 [main] INFO  c.a.n.c.c.i.ClientWorker - [addCacheDataIfAbsent,380] - [fixed-1b90f136-42ba-4e2e-9214-fe3fa7476e5e-localhost_8848] [subscribe] oj-system-local.yaml+DEFAULT_GROUP+1b90f136-42ba-4e2e-9214-fe3fa7476e5e
16:09:23.696 [main] INFO  c.a.n.c.c.i.CacheData - [addListener,197] - [fixed-1b90f136-42ba-4e2e-9214-fe3fa7476e5e-localhost_8848] [add-listener] ok, tenant=1b90f136-42ba-4e2e-9214-fe3fa7476e5e, dataId=oj-system-local.yaml, group=DEFAULT_GROUP, cnt=1
16:09:23.696 [main] INFO  c.a.c.n.r.NacosContextRefresher - [registerNacosListener,129] - [Nacos Config] Listening config: dataId=oj-system-local.yaml, group=DEFAULT_GROUP
16:09:23.697 [main] INFO  c.a.n.c.c.i.ClientWorker - [addCacheDataIfAbsent,380] - [fixed-1b90f136-42ba-4e2e-9214-fe3fa7476e5e-localhost_8848] [subscribe] oj-system+DEFAULT_GROUP+1b90f136-42ba-4e2e-9214-fe3fa7476e5e
16:09:23.698 [main] INFO  c.a.n.c.c.i.CacheData - [addListener,197] - [fixed-1b90f136-42ba-4e2e-9214-fe3fa7476e5e-localhost_8848] [add-listener] ok, tenant=1b90f136-42ba-4e2e-9214-fe3fa7476e5e, dataId=oj-system, group=DEFAULT_GROUP, cnt=1
16:09:23.698 [main] INFO  c.a.c.n.r.NacosContextRefresher - [registerNacosListener,129] - [Nacos Config] Listening config: dataId=oj-system, group=DEFAULT_GROUP
16:09:23.698 [main] INFO  c.a.n.c.c.i.ClientWorker - [addCacheDataIfAbsent,380] - [fixed-1b90f136-42ba-4e2e-9214-fe3fa7476e5e-localhost_8848] [subscribe] oj-system.yaml+DEFAULT_GROUP+1b90f136-42ba-4e2e-9214-fe3fa7476e5e
16:09:23.698 [main] INFO  c.a.n.c.c.i.CacheData - [addListener,197] - [fixed-1b90f136-42ba-4e2e-9214-fe3fa7476e5e-localhost_8848] [add-listener] ok, tenant=1b90f136-42ba-4e2e-9214-fe3fa7476e5e, dataId=oj-system.yaml, group=DEFAULT_GROUP, cnt=1
16:09:23.698 [main] INFO  c.a.c.n.r.NacosContextRefresher - [registerNacosListener,129] - [Nacos Config] Listening config: dataId=oj-system.yaml, group=DEFAULT_GROUP
16:34:35.335 [http-nio-9201-exec-1] INFO  o.a.c.c.C.[.[.[/] - [log,173] - Initializing Spring DispatcherServlet 'dispatcherServlet'
16:34:35.340 [http-nio-9201-exec-1] INFO  o.s.w.s.DispatcherServlet - [initServletBean,532] - Initializing Servlet 'dispatcherServlet'
16:34:35.366 [http-nio-9201-exec-1] INFO  o.s.w.s.DispatcherServlet - [initServletBean,554] - Completed initialization in 25 ms
16:34:35.647 [http-nio-9201-exec-1] INFO  c.z.h.HikariDataSource - [getConnection,110] - HikariPool-1 - Starting...
16:34:36.124 [http-nio-9201-exec-1] INFO  c.z.h.p.HikariPool - [checkFailFast,565] - HikariPool-1 - Added connection com.mysql.cj.jdbc.ConnectionImpl@40de7dd5
16:34:36.127 [http-nio-9201-exec-1] INFO  c.z.h.HikariDataSource - [getConnection,123] - HikariPool-1 - Start completed.
