11:02:46.569 [main] INFO  c.a.n.c.u.ParamUtil - [<clinit>,87] - [settings] [req-serv] nacos-server port:8848
11:02:46.570 [main] INFO  c.a.n.c.u.ParamUtil - [<clinit>,98] - [settings] [http-client] connect timeout:1000
11:02:46.571 [main] INFO  c.a.n.c.u.ParamUtil - [<clinit>,105] - PER_TASK_CONFIG_SIZE: 3000.0
11:02:46.616 [main] INFO  c.a.n.p.a.s.c.ClientAuthPluginManager - [init,56] - [ClientAuthPluginManager] Load ClientAuthService com.alibaba.nacos.client.auth.impl.NacosClientAuthServiceImpl success.
11:02:46.616 [main] INFO  c.a.n.p.a.s.c.ClientAuthPluginManager - [init,56] - [ClientAuthPluginManager] Load ClientAuthService com.alibaba.nacos.client.auth.ram.RamClientAuthServiceImpl success.
11:02:46.623 [main] INFO  c.a.n.c.a.r.i.CredentialWatcher - [loadCredential,165] - null No credential found
11:02:48.413 [main] INFO  c.a.n.c.c.i.LocalConfigInfoProcessor - [<clinit>,63] - LOCAL_SNAPSHOT_PATH:C:\Users\YUAN\nacos\config
11:02:48.419 [main] INFO  c.a.n.c.r.client - [lambda$createClient$0,108] - [RpcClientFactory] create a new rpc client of 1a94bbe9-e5c0-465e-a891-2924a6d3ad96_config-0
11:02:48.447 [main] INFO  c.a.n.c.r.client - [printIfInfoEnabled,63] - [1a94bbe9-e5c0-465e-a891-2924a6d3ad96_config-0] Register server push request handler:com.alibaba.nacos.client.config.impl.ClientWorker$ConfigRpcTransportClient$$Lambda$576/0x000001bfcc312e60
11:02:48.447 [main] INFO  c.a.n.c.r.client - [printIfInfoEnabled,63] - [1a94bbe9-e5c0-465e-a891-2924a6d3ad96_config-0] Register server push request handler:com.alibaba.nacos.client.config.impl.ClientWorker$ConfigRpcTransportClient$$Lambda$577/0x000001bfcc313280
11:02:48.448 [main] INFO  c.a.n.c.r.client - [printIfInfoEnabled,63] - [1a94bbe9-e5c0-465e-a891-2924a6d3ad96_config-0] Registry connection listener to current client:com.alibaba.nacos.client.config.impl.ClientWorker$ConfigRpcTransportClient$1
11:02:48.449 [main] INFO  c.a.n.c.r.client - [printIfInfoEnabled,63] - [1a94bbe9-e5c0-465e-a891-2924a6d3ad96_config-0] RpcClient init, ServerListFactory = com.alibaba.nacos.client.config.impl.ClientWorker$ConfigRpcTransportClient$2
11:02:48.460 [main] INFO  c.a.n.c.r.client - [printIfInfoEnabled,63] - [1a94bbe9-e5c0-465e-a891-2924a6d3ad96_config-0] Try to connect to server on start up, server: {serverIp = 'localhost', server main port = 8848}
11:02:48.514 [main] INFO  c.a.n.c.r.c.g.GrpcClient - [createNewManagedChannel,182] - grpc client connection server:localhost ip,serverPort:9848,grpcTslConfig:{"sslProvider":"OPENSSL","enableTls":false,"mutualAuthEnable":false,"trustAll":false}
11:02:50.399 [main] INFO  c.a.n.c.r.client - [printIfInfoEnabled,63] - [1a94bbe9-e5c0-465e-a891-2924a6d3ad96_config-0] Try to connect to server on start up, server: {serverIp = 'localhost', server main port = 8848}
11:02:50.399 [main] INFO  c.a.n.c.r.c.g.GrpcClient - [createNewManagedChannel,182] - grpc client connection server:localhost ip,serverPort:9848,grpcTslConfig:{"sslProvider":"OPENSSL","enableTls":false,"mutualAuthEnable":false,"trustAll":false}
11:02:50.408 [main] INFO  c.a.n.c.r.client - [printIfInfoEnabled,63] - [1a94bbe9-e5c0-465e-a891-2924a6d3ad96_config-0] Try to connect to server on start up, server: {serverIp = 'localhost', server main port = 8848}
11:02:50.408 [main] INFO  c.a.n.c.r.c.g.GrpcClient - [createNewManagedChannel,182] - grpc client connection server:localhost ip,serverPort:9848,grpcTslConfig:{"sslProvider":"OPENSSL","enableTls":false,"mutualAuthEnable":false,"trustAll":false}
11:02:50.416 [com.alibaba.nacos.client.remote.worker] INFO  c.a.n.c.r.client - [printIfInfoEnabled,63] - [1a94bbe9-e5c0-465e-a891-2924a6d3ad96_config-0] Try to reconnect to a new server, server is  not appointed, will choose a random server.
11:02:50.416 [com.alibaba.nacos.client.remote.worker] INFO  c.a.n.c.r.c.g.GrpcClient - [createNewManagedChannel,182] - grpc client connection server:localhost ip,serverPort:9848,grpcTslConfig:{"sslProvider":"OPENSSL","enableTls":false,"mutualAuthEnable":false,"trustAll":false}
11:02:50.416 [main] INFO  c.a.n.c.r.client - [printIfInfoEnabled,63] - [1a94bbe9-e5c0-465e-a891-2924a6d3ad96_config-0] Register server push request handler:com.alibaba.nacos.common.remote.client.RpcClient$ConnectResetRequestHandler
11:02:50.416 [main] INFO  c.a.n.c.r.client - [printIfInfoEnabled,63] - [1a94bbe9-e5c0-465e-a891-2924a6d3ad96_config-0] Register server push request handler:com.alibaba.nacos.common.remote.client.RpcClient$$Lambda$597/0x000001bfcc476000
11:02:50.476 [main] INFO  c.a.n.c.c.i.Limiter - [<clinit>,62] - limitTime:5.0
11:02:50.525 [com.alibaba.nacos.client.remote.worker] INFO  c.a.n.c.r.c.g.GrpcClient - [createNewManagedChannel,182] - grpc client connection server:localhost ip,serverPort:9848,grpcTslConfig:{"sslProvider":"OPENSSL","enableTls":false,"mutualAuthEnable":false,"trustAll":false}
11:02:50.534 [com.alibaba.nacos.client.remote.worker] INFO  c.a.n.c.r.client - [printIfInfoEnabled,63] - [1a94bbe9-e5c0-465e-a891-2924a6d3ad96_config-0] Fail to connect server, after trying 1 times, last try server is {serverIp = 'localhost', server main port = 8848}, error = unknown
11:02:50.740 [com.alibaba.nacos.client.remote.worker] INFO  c.a.n.c.r.c.g.GrpcClient - [createNewManagedChannel,182] - grpc client connection server:localhost ip,serverPort:9848,grpcTslConfig:{"sslProvider":"OPENSSL","enableTls":false,"mutualAuthEnable":false,"trustAll":false}
11:02:50.748 [com.alibaba.nacos.client.remote.worker] INFO  c.a.n.c.r.client - [printIfInfoEnabled,63] - [1a94bbe9-e5c0-465e-a891-2924a6d3ad96_config-0] Fail to connect server, after trying 2 times, last try server is {serverIp = 'localhost', server main port = 8848}, error = unknown
11:02:51.050 [com.alibaba.nacos.client.remote.worker] INFO  c.a.n.c.r.c.g.GrpcClient - [createNewManagedChannel,182] - grpc client connection server:localhost ip,serverPort:9848,grpcTslConfig:{"sslProvider":"OPENSSL","enableTls":false,"mutualAuthEnable":false,"trustAll":false}
11:02:51.058 [com.alibaba.nacos.client.remote.worker] INFO  c.a.n.c.r.client - [printIfInfoEnabled,63] - [1a94bbe9-e5c0-465e-a891-2924a6d3ad96_config-0] Fail to connect server, after trying 3 times, last try server is {serverIp = 'localhost', server main port = 8848}, error = unknown
11:02:51.455 [main] INFO  c.a.n.c.c.u.JvmUtil - [<clinit>,54] - isMultiInstance:false
11:02:51.464 [main] INFO  o.s.c.b.c.PropertySourceBootstrapConfiguration - [initialize,108] - Located property source: [BootstrapPropertySource {name='bootstrapProperties-oj-system-local.yaml,DEFAULT_GROUP'}, BootstrapPropertySource {name='bootstrapProperties-oj-system.yaml,DEFAULT_GROUP'}, BootstrapPropertySource {name='bootstrapProperties-oj-system,DEFAULT_GROUP'}]
11:02:51.470 [com.alibaba.nacos.client.remote.worker] INFO  c.a.n.c.r.c.g.GrpcClient - [createNewManagedChannel,182] - grpc client connection server:localhost ip,serverPort:9848,grpcTslConfig:{"sslProvider":"OPENSSL","enableTls":false,"mutualAuthEnable":false,"trustAll":false}
11:02:51.471 [main] INFO  c.b.s.OjSystemApplication - [logStartupProfileInfo,636] - The following 1 profile is active: "local"
11:02:51.478 [com.alibaba.nacos.client.remote.worker] INFO  c.a.n.c.r.client - [printIfInfoEnabled,63] - [1a94bbe9-e5c0-465e-a891-2924a6d3ad96_config-0] Fail to connect server, after trying 4 times, last try server is {serverIp = 'localhost', server main port = 8848}, error = unknown
11:02:51.980 [com.alibaba.nacos.client.remote.worker] INFO  c.a.n.c.r.c.g.GrpcClient - [createNewManagedChannel,182] - grpc client connection server:localhost ip,serverPort:9848,grpcTslConfig:{"sslProvider":"OPENSSL","enableTls":false,"mutualAuthEnable":false,"trustAll":false}
11:02:51.987 [com.alibaba.nacos.client.remote.worker] INFO  c.a.n.c.r.client - [printIfInfoEnabled,63] - [1a94bbe9-e5c0-465e-a891-2924a6d3ad96_config-0] Fail to connect server, after trying 5 times, last try server is {serverIp = 'localhost', server main port = 8848}, error = unknown
11:02:52.322 [main] INFO  o.s.c.c.s.GenericScope - [setSerializationId,282] - BeanFactory id=af0e317a-cbe5-306d-ade6-0db1051cb3e5
11:02:52.599 [com.alibaba.nacos.client.remote.worker] INFO  c.a.n.c.r.c.g.GrpcClient - [createNewManagedChannel,182] - grpc client connection server:localhost ip,serverPort:9848,grpcTslConfig:{"sslProvider":"OPENSSL","enableTls":false,"mutualAuthEnable":false,"trustAll":false}
11:02:52.607 [com.alibaba.nacos.client.remote.worker] INFO  c.a.n.c.r.client - [printIfInfoEnabled,63] - [1a94bbe9-e5c0-465e-a891-2924a6d3ad96_config-0] Fail to connect server, after trying 6 times, last try server is {serverIp = 'localhost', server main port = 8848}, error = unknown
11:02:52.716 [main] INFO  o.s.b.w.e.t.TomcatWebServer - [initialize,108] - Tomcat initialized with port(s): 9201 (http)
11:02:52.717 [main] INFO  o.a.c.c.AprLifecycleListener - [log,173] - An older version [1.3.1] of the Apache Tomcat Native library is installed, while Tomcat recommends a minimum version of [2.0.1]
11:02:52.718 [main] INFO  o.a.c.c.AprLifecycleListener - [log,173] - Loaded Apache Tomcat Native library [1.3.1] using APR version [1.7.4].
11:02:52.723 [main] INFO  o.a.c.c.AprLifecycleListener - [log,173] - OpenSSL successfully initialized [OpenSSL 3.0.14 4 Jun 2024]
11:02:52.736 [main] INFO  o.a.c.h.Http11NioProtocol - [log,173] - Initializing ProtocolHandler ["http-nio-9201"]
11:02:52.737 [main] INFO  o.a.c.c.StandardService - [log,173] - Starting service [Tomcat]
11:02:52.737 [main] INFO  o.a.c.c.StandardEngine - [log,173] - Starting Servlet engine: [Apache Tomcat/10.1.4]
11:02:52.879 [main] INFO  o.a.c.c.C.[.[.[/] - [log,173] - Initializing Spring embedded WebApplicationContext
11:02:52.879 [main] INFO  o.s.b.w.s.c.ServletWebServerApplicationContext - [prepareWebApplicationContext,291] - Root WebApplicationContext: initialization completed in 1389 ms
11:02:53.317 [com.alibaba.nacos.client.remote.worker] INFO  c.a.n.c.r.c.g.GrpcClient - [createNewManagedChannel,182] - grpc client connection server:localhost ip,serverPort:9848,grpcTslConfig:{"sslProvider":"OPENSSL","enableTls":false,"mutualAuthEnable":false,"trustAll":false}
11:02:53.326 [com.alibaba.nacos.client.remote.worker] INFO  c.a.n.c.r.client - [printIfInfoEnabled,63] - [1a94bbe9-e5c0-465e-a891-2924a6d3ad96_config-0] Fail to connect server, after trying 7 times, last try server is {serverIp = 'localhost', server main port = 8848}, error = unknown
11:02:54.127 [com.alibaba.nacos.client.remote.worker] INFO  c.a.n.c.r.c.g.GrpcClient - [createNewManagedChannel,182] - grpc client connection server:localhost ip,serverPort:9848,grpcTslConfig:{"sslProvider":"OPENSSL","enableTls":false,"mutualAuthEnable":false,"trustAll":false}
11:02:54.134 [com.alibaba.nacos.client.remote.worker] INFO  c.a.n.c.r.client - [printIfInfoEnabled,63] - [1a94bbe9-e5c0-465e-a891-2924a6d3ad96_config-0] Fail to connect server, after trying 8 times, last try server is {serverIp = 'localhost', server main port = 8848}, error = unknown
11:02:55.041 [com.alibaba.nacos.client.remote.worker] INFO  c.a.n.c.r.c.g.GrpcClient - [createNewManagedChannel,182] - grpc client connection server:localhost ip,serverPort:9848,grpcTslConfig:{"sslProvider":"OPENSSL","enableTls":false,"mutualAuthEnable":false,"trustAll":false}
11:02:55.048 [com.alibaba.nacos.client.remote.worker] INFO  c.a.n.c.r.client - [printIfInfoEnabled,63] - [1a94bbe9-e5c0-465e-a891-2924a6d3ad96_config-0] Fail to connect server, after trying 9 times, last try server is {serverIp = 'localhost', server main port = 8848}, error = unknown
11:02:55.384 [main] INFO  o.s.c.c.u.InetUtils - [convertAddress,170] - Cannot determine local hostname
11:02:56.056 [com.alibaba.nacos.client.remote.worker] INFO  c.a.n.c.r.c.g.GrpcClient - [createNewManagedChannel,182] - grpc client connection server:localhost ip,serverPort:9848,grpcTslConfig:{"sslProvider":"OPENSSL","enableTls":false,"mutualAuthEnable":false,"trustAll":false}
11:02:56.145 [com.alibaba.nacos.client.remote.worker] INFO  c.a.n.c.r.client - [printIfInfoEnabled,63] - [1a94bbe9-e5c0-465e-a891-2924a6d3ad96_config-0] Fail to connect server, after trying 10 times, last try server is {serverIp = 'localhost', server main port = 8848}, error = unknown
11:02:57.247 [com.alibaba.nacos.client.remote.worker] INFO  c.a.n.c.r.c.g.GrpcClient - [createNewManagedChannel,182] - grpc client connection server:localhost ip,serverPort:9848,grpcTslConfig:{"sslProvider":"OPENSSL","enableTls":false,"mutualAuthEnable":false,"trustAll":false}
11:02:57.344 [com.alibaba.nacos.client.remote.worker] INFO  c.a.n.c.r.client - [printIfInfoEnabled,63] - [1a94bbe9-e5c0-465e-a891-2924a6d3ad96_config-0] Fail to connect server, after trying 11 times, last try server is {serverIp = 'localhost', server main port = 8848}, error = unknown
11:02:58.315 [main] INFO  o.s.c.c.u.InetUtils - [convertAddress,170] - Cannot determine local hostname
11:02:58.366 [main] INFO  o.a.c.h.Http11NioProtocol - [log,173] - Starting ProtocolHandler ["http-nio-9201"]
11:02:58.386 [main] INFO  o.s.b.w.e.t.TomcatWebServer - [start,220] - Tomcat started on port(s): 9201 (http) with context path ''
11:02:58.391 [main] INFO  c.a.n.client.naming - [initNamespaceForNaming,62] - initializer namespace from ans.namespace attribute : null
11:02:58.391 [main] INFO  c.a.n.client.naming - [lambda$initNamespaceForNaming$0,66] - initializer namespace from ALIBABA_ALIWARE_NAMESPACE attribute :null
11:02:58.391 [main] INFO  c.a.n.client.naming - [lambda$initNamespaceForNaming$1,73] - initializer namespace from namespace attribute :null
11:02:58.404 [main] INFO  c.a.n.p.a.s.c.ClientAuthPluginManager - [init,56] - [ClientAuthPluginManager] Load ClientAuthService com.alibaba.nacos.client.auth.impl.NacosClientAuthServiceImpl success.
11:02:58.404 [main] INFO  c.a.n.p.a.s.c.ClientAuthPluginManager - [init,56] - [ClientAuthPluginManager] Load ClientAuthService com.alibaba.nacos.client.auth.ram.RamClientAuthServiceImpl success.
11:02:58.409 [main] INFO  c.a.n.c.r.client - [lambda$createClient$0,108] - [RpcClientFactory] create a new rpc client of c548b86d-0169-47ba-80a5-8ed0a961e8d6
11:02:58.411 [main] INFO  c.a.n.c.r.client - [printIfInfoEnabled,63] - [c548b86d-0169-47ba-80a5-8ed0a961e8d6] RpcClient init, ServerListFactory = com.alibaba.nacos.client.naming.core.ServerListManager
11:02:58.411 [main] INFO  c.a.n.c.r.client - [printIfInfoEnabled,63] - [c548b86d-0169-47ba-80a5-8ed0a961e8d6] Registry connection listener to current client:com.alibaba.nacos.client.naming.remote.gprc.redo.NamingGrpcRedoService
11:02:58.411 [main] INFO  c.a.n.c.r.client - [printIfInfoEnabled,63] - [c548b86d-0169-47ba-80a5-8ed0a961e8d6] Register server push request handler:com.alibaba.nacos.client.naming.remote.gprc.NamingPushRequestHandler
11:02:58.411 [main] INFO  c.a.n.c.r.client - [printIfInfoEnabled,63] - [c548b86d-0169-47ba-80a5-8ed0a961e8d6] Try to connect to server on start up, server: {serverIp = 'localhost', server main port = 8848}
11:02:58.414 [main] INFO  c.a.n.c.r.c.g.GrpcClient - [createNewManagedChannel,182] - grpc client connection server:localhost ip,serverPort:9848,grpcTslConfig:{"sslProvider":"OPENSSL","enableTls":false,"mutualAuthEnable":false,"trustAll":false}
11:02:58.503 [main] INFO  c.a.n.c.r.client - [printIfInfoEnabled,63] - [c548b86d-0169-47ba-80a5-8ed0a961e8d6] Try to connect to server on start up, server: {serverIp = 'localhost', server main port = 8848}
11:02:58.503 [main] INFO  c.a.n.c.r.c.g.GrpcClient - [createNewManagedChannel,182] - grpc client connection server:localhost ip,serverPort:9848,grpcTslConfig:{"sslProvider":"OPENSSL","enableTls":false,"mutualAuthEnable":false,"trustAll":false}
11:02:58.511 [main] INFO  c.a.n.c.r.client - [printIfInfoEnabled,63] - [c548b86d-0169-47ba-80a5-8ed0a961e8d6] Try to connect to server on start up, server: {serverIp = 'localhost', server main port = 8848}
11:02:58.511 [main] INFO  c.a.n.c.r.c.g.GrpcClient - [createNewManagedChannel,182] - grpc client connection server:localhost ip,serverPort:9848,grpcTslConfig:{"sslProvider":"OPENSSL","enableTls":false,"mutualAuthEnable":false,"trustAll":false}
11:02:58.518 [com.alibaba.nacos.client.remote.worker] INFO  c.a.n.c.r.client - [printIfInfoEnabled,63] - [c548b86d-0169-47ba-80a5-8ed0a961e8d6] Try to reconnect to a new server, server is  not appointed, will choose a random server.
11:02:58.518 [main] INFO  c.a.n.c.r.client - [printIfInfoEnabled,63] - [c548b86d-0169-47ba-80a5-8ed0a961e8d6] Register server push request handler:com.alibaba.nacos.common.remote.client.RpcClient$ConnectResetRequestHandler
11:02:58.519 [com.alibaba.nacos.client.remote.worker] INFO  c.a.n.c.r.c.g.GrpcClient - [createNewManagedChannel,182] - grpc client connection server:localhost ip,serverPort:9848,grpcTslConfig:{"sslProvider":"OPENSSL","enableTls":false,"mutualAuthEnable":false,"trustAll":false}
11:02:58.519 [main] INFO  c.a.n.c.r.client - [printIfInfoEnabled,63] - [c548b86d-0169-47ba-80a5-8ed0a961e8d6] Register server push request handler:com.alibaba.nacos.common.remote.client.RpcClient$$Lambda$597/0x000001bfcc476000
11:02:58.520 [main] INFO  c.a.n.client.naming - [registerService,121] - [REGISTER-SERVICE] 1b90f136-42ba-4e2e-9214-fe3fa7476e5e registering service oj-system with instance Instance{instanceId='null', ip='26.167.161.225', port=9201, weight=1.0, healthy=true, enabled=true, ephemeral=true, clusterName='DEFAULT', serviceName='null', metadata={IPv6=[2001:0:14c9:d502:8c6:bfd8:2176:f5f9], preserved.register.source=SPRING_CLOUD}}
11:02:58.549 [com.alibaba.nacos.client.remote.worker] INFO  c.a.n.c.r.c.g.GrpcClient - [createNewManagedChannel,182] - grpc client connection server:localhost ip,serverPort:9848,grpcTslConfig:{"sslProvider":"OPENSSL","enableTls":false,"mutualAuthEnable":false,"trustAll":false}
11:02:58.558 [com.alibaba.nacos.client.remote.worker] INFO  c.a.n.c.r.client - [printIfInfoEnabled,63] - [1a94bbe9-e5c0-465e-a891-2924a6d3ad96_config-0] Fail to connect server, after trying 12 times, last try server is {serverIp = 'localhost', server main port = 8848}, error = unknown
11:02:58.626 [com.alibaba.nacos.client.remote.worker] INFO  c.a.n.c.r.c.g.GrpcClient - [createNewManagedChannel,182] - grpc client connection server:localhost ip,serverPort:9848,grpcTslConfig:{"sslProvider":"OPENSSL","enableTls":false,"mutualAuthEnable":false,"trustAll":false}
11:02:58.634 [com.alibaba.nacos.client.remote.worker] INFO  c.a.n.c.r.client - [printIfInfoEnabled,63] - [c548b86d-0169-47ba-80a5-8ed0a961e8d6] Fail to connect server, after trying 1 times, last try server is {serverIp = 'localhost', server main port = 8848}, error = unknown
11:02:58.843 [com.alibaba.nacos.client.remote.worker] INFO  c.a.n.c.r.c.g.GrpcClient - [createNewManagedChannel,182] - grpc client connection server:localhost ip,serverPort:9848,grpcTslConfig:{"sslProvider":"OPENSSL","enableTls":false,"mutualAuthEnable":false,"trustAll":false}
11:02:58.850 [com.alibaba.nacos.client.remote.worker] INFO  c.a.n.c.r.client - [printIfInfoEnabled,63] - [c548b86d-0169-47ba-80a5-8ed0a961e8d6] Fail to connect server, after trying 2 times, last try server is {serverIp = 'localhost', server main port = 8848}, error = unknown
11:02:58.857 [main] INFO  c.a.n.client.naming - [shutdown,256] - com.alibaba.nacos.client.naming.cache.ServiceInfoHolder do shutdown begin
11:02:58.857 [main] INFO  c.a.n.client.naming - [shutdown,136] - com.alibaba.nacos.client.naming.backups.FailoverReactor do shutdown begin
11:02:59.153 [com.alibaba.nacos.client.remote.worker] INFO  c.a.n.c.r.c.g.GrpcClient - [createNewManagedChannel,182] - grpc client connection server:localhost ip,serverPort:9848,grpcTslConfig:{"sslProvider":"OPENSSL","enableTls":false,"mutualAuthEnable":false,"trustAll":false}
11:02:59.161 [com.alibaba.nacos.client.remote.worker] INFO  c.a.n.c.r.client - [printIfInfoEnabled,63] - [c548b86d-0169-47ba-80a5-8ed0a961e8d6] Fail to connect server, after trying 3 times, last try server is {serverIp = 'localhost', server main port = 8848}, error = unknown
11:02:59.185 [main] INFO  c.a.n.client.naming - [shutdown,138] - com.alibaba.nacos.client.naming.backups.FailoverReactor do shutdown stop
11:02:59.185 [main] INFO  c.a.n.client.naming - [shutdown,258] - com.alibaba.nacos.client.naming.cache.ServiceInfoHolder do shutdown stop
11:02:59.185 [main] INFO  c.a.n.client.naming - [shutdown,204] - com.alibaba.nacos.client.naming.remote.NamingClientProxyDelegate do shutdown begin
11:02:59.185 [main] INFO  c.a.n.client.naming - [shutdown,143] - com.alibaba.nacos.client.naming.core.ServiceInfoUpdateService do shutdown begin
11:02:59.185 [main] INFO  c.a.n.client.naming - [shutdown,145] - com.alibaba.nacos.client.naming.core.ServiceInfoUpdateService do shutdown stop
11:02:59.185 [main] INFO  c.a.n.client.naming - [shutdown,194] - com.alibaba.nacos.client.naming.core.ServerListManager do shutdown begin
11:02:59.185 [main] INFO  c.a.n.client.naming - [shutdown,199] - com.alibaba.nacos.client.naming.core.ServerListManager do shutdown stop
11:02:59.185 [main] INFO  c.a.n.client.naming - [shutdown,484] - com.alibaba.nacos.client.naming.remote.http.NamingHttpClientProxy do shutdown begin
11:02:59.185 [main] INFO  c.a.n.client.naming - [shutdown,486] - com.alibaba.nacos.client.naming.remote.http.NamingHttpClientProxy do shutdown stop
11:02:59.185 [main] INFO  c.a.n.c.r.client - [shutdown,429] - Shutdown rpc client, set status to shutdown
11:02:59.185 [main] INFO  c.a.n.c.r.client - [shutdown,431] - Shutdown client event executor java.util.concurrent.ScheduledThreadPoolExecutor@4e6280de[Running, pool size = 2, active threads = 2, queued tasks = 0, completed tasks = 0]
11:02:59.185 [main] INFO  c.a.n.c.r.c.g.GrpcClient - [shutdown,159] - Shutdown grpc executor java.util.concurrent.ThreadPoolExecutor@2fca282c[Running, pool size = 28, active threads = 0, queued tasks = 0, completed tasks = 28]
11:02:59.185 [com.alibaba.nacos.client.remote.worker] INFO  c.a.n.c.r.client - [printIfInfoEnabled,63] - [c548b86d-0169-47ba-80a5-8ed0a961e8d6] Client is shutdown, stop reconnect to server
11:02:59.186 [main] INFO  c.a.n.client.naming - [shutdown,318] - Shutdown grpc redo service executor java.util.concurrent.ScheduledThreadPoolExecutor@4a2653a0[Running, pool size = 1, active threads = 0, queued tasks = 1, completed tasks = 0]
11:02:59.187 [main] INFO  c.a.n.c.a.r.i.CredentialWatcher - [stop,106] - [null] CredentialWatcher is stopped
11:02:59.187 [main] INFO  c.a.n.c.a.r.i.CredentialService - [free,100] - [null] CredentialService is freed
11:02:59.188 [main] INFO  c.a.n.client.naming - [shutdown,211] - com.alibaba.nacos.client.naming.remote.NamingClientProxyDelegate do shutdown stop
11:02:59.221 [main] INFO  o.a.c.h.Http11NioProtocol - [log,173] - Pausing ProtocolHandler ["http-nio-9201"]
11:02:59.222 [main] INFO  o.a.c.c.StandardService - [log,173] - Stopping service [Tomcat]
11:02:59.228 [main] INFO  o.a.c.h.Http11NioProtocol - [log,173] - Stopping ProtocolHandler ["http-nio-9201"]
11:02:59.230 [main] INFO  o.a.c.h.Http11NioProtocol - [log,173] - Destroying ProtocolHandler ["http-nio-9201"]
11:02:59.240 [main] INFO  o.s.b.a.l.ConditionEvaluationReportLogger - [logMessage,82] - 

Error starting ApplicationContext. To display the condition evaluation report re-run your application with 'debug' enabled.
11:19:52.083 [main] INFO  c.a.n.c.u.ParamUtil - [<clinit>,87] - [settings] [req-serv] nacos-server port:8848
11:19:52.083 [main] INFO  c.a.n.c.u.ParamUtil - [<clinit>,98] - [settings] [http-client] connect timeout:1000
11:19:52.085 [main] INFO  c.a.n.c.u.ParamUtil - [<clinit>,105] - PER_TASK_CONFIG_SIZE: 3000.0
11:19:52.139 [main] INFO  c.a.n.p.a.s.c.ClientAuthPluginManager - [init,56] - [ClientAuthPluginManager] Load ClientAuthService com.alibaba.nacos.client.auth.impl.NacosClientAuthServiceImpl success.
11:19:52.140 [main] INFO  c.a.n.p.a.s.c.ClientAuthPluginManager - [init,56] - [ClientAuthPluginManager] Load ClientAuthService com.alibaba.nacos.client.auth.ram.RamClientAuthServiceImpl success.
11:19:52.145 [main] INFO  c.a.n.c.a.r.i.CredentialWatcher - [loadCredential,165] - null No credential found
11:19:54.011 [main] INFO  c.a.n.c.c.i.LocalConfigInfoProcessor - [<clinit>,63] - LOCAL_SNAPSHOT_PATH:C:\Users\YUAN\nacos\config
11:19:54.018 [main] INFO  c.a.n.c.r.client - [lambda$createClient$0,108] - [RpcClientFactory] create a new rpc client of c7d54150-8e59-4b60-b990-54975375ddda_config-0
11:19:54.046 [main] INFO  c.a.n.c.r.client - [printIfInfoEnabled,63] - [c7d54150-8e59-4b60-b990-54975375ddda_config-0] Register server push request handler:com.alibaba.nacos.client.config.impl.ClientWorker$ConfigRpcTransportClient$$Lambda$576/0x000002c3c7314338
11:19:54.047 [main] INFO  c.a.n.c.r.client - [printIfInfoEnabled,63] - [c7d54150-8e59-4b60-b990-54975375ddda_config-0] Register server push request handler:com.alibaba.nacos.client.config.impl.ClientWorker$ConfigRpcTransportClient$$Lambda$577/0x000002c3c7314758
11:19:54.048 [main] INFO  c.a.n.c.r.client - [printIfInfoEnabled,63] - [c7d54150-8e59-4b60-b990-54975375ddda_config-0] Registry connection listener to current client:com.alibaba.nacos.client.config.impl.ClientWorker$ConfigRpcTransportClient$1
11:19:54.048 [main] INFO  c.a.n.c.r.client - [printIfInfoEnabled,63] - [c7d54150-8e59-4b60-b990-54975375ddda_config-0] RpcClient init, ServerListFactory = com.alibaba.nacos.client.config.impl.ClientWorker$ConfigRpcTransportClient$2
11:19:54.060 [main] INFO  c.a.n.c.r.client - [printIfInfoEnabled,63] - [c7d54150-8e59-4b60-b990-54975375ddda_config-0] Try to connect to server on start up, server: {serverIp = 'localhost', server main port = 8848}
11:19:54.113 [main] INFO  c.a.n.c.r.c.g.GrpcClient - [createNewManagedChannel,182] - grpc client connection server:localhost ip,serverPort:9848,grpcTslConfig:{"sslProvider":"OPENSSL","enableTls":false,"mutualAuthEnable":false,"trustAll":false}
11:19:56.318 [main] INFO  c.a.n.c.r.client - [printIfInfoEnabled,63] - [c7d54150-8e59-4b60-b990-54975375ddda_config-0] Success to connect to server [localhost:8848] on start up, connectionId = 1768274396038_172.17.0.1_48068
11:19:56.318 [com.alibaba.nacos.client.remote.worker] INFO  c.a.n.c.r.client - [printIfInfoEnabled,63] - [c7d54150-8e59-4b60-b990-54975375ddda_config-0] Notify connected event to listeners.
11:19:56.318 [com.alibaba.nacos.client.remote.worker] INFO  c.a.n.c.c.i.ClientWorker - [onConnected,639] - [c7d54150-8e59-4b60-b990-54975375ddda_config-0] Connected,notify listen context...
11:19:56.318 [main] INFO  c.a.n.c.r.client - [printIfInfoEnabled,63] - [c7d54150-8e59-4b60-b990-54975375ddda_config-0] Register server push request handler:com.alibaba.nacos.common.remote.client.RpcClient$ConnectResetRequestHandler
11:19:56.320 [main] INFO  c.a.n.c.r.client - [printIfInfoEnabled,63] - [c7d54150-8e59-4b60-b990-54975375ddda_config-0] Register server push request handler:com.alibaba.nacos.common.remote.client.RpcClient$$Lambda$598/0x000002c3c749f438
11:19:56.386 [main] INFO  c.a.n.c.c.i.Limiter - [<clinit>,62] - limitTime:5.0
11:19:56.459 [main] INFO  c.a.n.c.c.u.JvmUtil - [<clinit>,54] - isMultiInstance:false
11:19:56.466 [main] INFO  o.s.c.b.c.PropertySourceBootstrapConfiguration - [initialize,108] - Located property source: [BootstrapPropertySource {name='bootstrapProperties-oj-system-local.yaml,DEFAULT_GROUP'}, BootstrapPropertySource {name='bootstrapProperties-oj-system.yaml,DEFAULT_GROUP'}, BootstrapPropertySource {name='bootstrapProperties-oj-system,DEFAULT_GROUP'}]
11:19:56.472 [main] INFO  c.b.s.OjSystemApplication - [logStartupProfileInfo,636] - The following 1 profile is active: "local"
11:19:57.387 [main] INFO  o.s.c.c.s.GenericScope - [setSerializationId,282] - BeanFactory id=af0e317a-cbe5-306d-ade6-0db1051cb3e5
11:19:57.822 [main] INFO  o.s.b.w.e.t.TomcatWebServer - [initialize,108] - Tomcat initialized with port(s): 9201 (http)
11:19:57.823 [main] INFO  o.a.c.c.AprLifecycleListener - [log,173] - An older version [1.3.1] of the Apache Tomcat Native library is installed, while Tomcat recommends a minimum version of [2.0.1]
11:19:57.823 [main] INFO  o.a.c.c.AprLifecycleListener - [log,173] - Loaded Apache Tomcat Native library [1.3.1] using APR version [1.7.4].
11:19:57.840 [main] INFO  o.a.c.c.AprLifecycleListener - [log,173] - OpenSSL successfully initialized [OpenSSL 3.0.14 4 Jun 2024]
11:19:57.856 [main] INFO  o.a.c.h.Http11NioProtocol - [log,173] - Initializing ProtocolHandler ["http-nio-9201"]
11:19:57.857 [main] INFO  o.a.c.c.StandardService - [log,173] - Starting service [Tomcat]
11:19:57.857 [main] INFO  o.a.c.c.StandardEngine - [log,173] - Starting Servlet engine: [Apache Tomcat/10.1.4]
11:19:58.000 [main] INFO  o.a.c.c.C.[.[.[/] - [log,173] - Initializing Spring embedded WebApplicationContext
11:19:58.000 [main] INFO  o.s.b.w.s.c.ServletWebServerApplicationContext - [prepareWebApplicationContext,291] - Root WebApplicationContext: initialization completed in 1507 ms
11:20:00.547 [main] INFO  o.s.c.c.u.InetUtils - [convertAddress,170] - Cannot determine local hostname
11:20:03.815 [main] INFO  o.s.c.c.u.InetUtils - [convertAddress,170] - Cannot determine local hostname
11:20:03.864 [main] INFO  o.a.c.h.Http11NioProtocol - [log,173] - Starting ProtocolHandler ["http-nio-9201"]
11:20:03.883 [main] INFO  o.s.b.w.e.t.TomcatWebServer - [start,220] - Tomcat started on port(s): 9201 (http) with context path ''
11:20:03.888 [main] INFO  c.a.n.client.naming - [initNamespaceForNaming,62] - initializer namespace from ans.namespace attribute : null
11:20:03.888 [main] INFO  c.a.n.client.naming - [lambda$initNamespaceForNaming$0,66] - initializer namespace from ALIBABA_ALIWARE_NAMESPACE attribute :null
11:20:03.889 [main] INFO  c.a.n.client.naming - [lambda$initNamespaceForNaming$1,73] - initializer namespace from namespace attribute :null
11:20:03.901 [main] INFO  c.a.n.p.a.s.c.ClientAuthPluginManager - [init,56] - [ClientAuthPluginManager] Load ClientAuthService com.alibaba.nacos.client.auth.impl.NacosClientAuthServiceImpl success.
11:20:03.901 [main] INFO  c.a.n.p.a.s.c.ClientAuthPluginManager - [init,56] - [ClientAuthPluginManager] Load ClientAuthService com.alibaba.nacos.client.auth.ram.RamClientAuthServiceImpl success.
11:20:03.905 [main] INFO  c.a.n.c.r.client - [lambda$createClient$0,108] - [RpcClientFactory] create a new rpc client of 92bbe794-c8b9-4524-b3eb-34a71467f4e2
11:20:03.907 [main] INFO  c.a.n.c.r.client - [printIfInfoEnabled,63] - [92bbe794-c8b9-4524-b3eb-34a71467f4e2] RpcClient init, ServerListFactory = com.alibaba.nacos.client.naming.core.ServerListManager
11:20:03.907 [main] INFO  c.a.n.c.r.client - [printIfInfoEnabled,63] - [92bbe794-c8b9-4524-b3eb-34a71467f4e2] Registry connection listener to current client:com.alibaba.nacos.client.naming.remote.gprc.redo.NamingGrpcRedoService
11:20:03.908 [main] INFO  c.a.n.c.r.client - [printIfInfoEnabled,63] - [92bbe794-c8b9-4524-b3eb-34a71467f4e2] Register server push request handler:com.alibaba.nacos.client.naming.remote.gprc.NamingPushRequestHandler
11:20:03.908 [main] INFO  c.a.n.c.r.client - [printIfInfoEnabled,63] - [92bbe794-c8b9-4524-b3eb-34a71467f4e2] Try to connect to server on start up, server: {serverIp = 'localhost', server main port = 8848}
11:20:03.908 [main] INFO  c.a.n.c.r.c.g.GrpcClient - [createNewManagedChannel,182] - grpc client connection server:localhost ip,serverPort:9848,grpcTslConfig:{"sslProvider":"OPENSSL","enableTls":false,"mutualAuthEnable":false,"trustAll":false}
11:20:04.010 [http-nio-9201-exec-1] INFO  o.a.c.c.C.[.[.[/] - [log,173] - Initializing Spring DispatcherServlet 'dispatcherServlet'
11:20:04.011 [http-nio-9201-exec-1] INFO  o.s.w.s.DispatcherServlet - [initServletBean,532] - Initializing Servlet 'dispatcherServlet'
11:20:04.012 [http-nio-9201-exec-1] INFO  o.s.w.s.DispatcherServlet - [initServletBean,554] - Completed initialization in 1 ms
11:20:04.035 [main] INFO  c.a.n.c.r.client - [printIfInfoEnabled,63] - [92bbe794-c8b9-4524-b3eb-34a71467f4e2] Success to connect to server [localhost:8848] on start up, connectionId = 1768274403919_172.17.0.1_37498
11:20:04.035 [main] INFO  c.a.n.c.r.client - [printIfInfoEnabled,63] - [92bbe794-c8b9-4524-b3eb-34a71467f4e2] Register server push request handler:com.alibaba.nacos.common.remote.client.RpcClient$ConnectResetRequestHandler
11:20:04.035 [com.alibaba.nacos.client.remote.worker] INFO  c.a.n.c.r.client - [printIfInfoEnabled,63] - [92bbe794-c8b9-4524-b3eb-34a71467f4e2] Notify connected event to listeners.
11:20:04.035 [com.alibaba.nacos.client.remote.worker] INFO  c.a.n.client.naming - [onConnected,78] - Grpc connection connect
11:20:04.035 [main] INFO  c.a.n.c.r.client - [printIfInfoEnabled,63] - [92bbe794-c8b9-4524-b3eb-34a71467f4e2] Register server push request handler:com.alibaba.nacos.common.remote.client.RpcClient$$Lambda$598/0x000002c3c749f438
11:20:04.037 [main] INFO  c.a.n.client.naming - [registerService,121] - [REGISTER-SERVICE] 1b90f136-42ba-4e2e-9214-fe3fa7476e5e registering service oj-system with instance Instance{instanceId='null', ip='26.167.161.225', port=9201, weight=1.0, healthy=true, enabled=true, ephemeral=true, clusterName='DEFAULT', serviceName='null', metadata={IPv6=[2001:0:14c9:d502:8c6:bfd8:2176:f5f9], preserved.register.source=SPRING_CLOUD}}
11:20:04.066 [main] INFO  c.a.c.n.r.NacosServiceRegistry - [register,76] - nacos registry, DEFAULT_GROUP oj-system 26.167.161.225:9201 register finished
11:20:05.708 [main] INFO  o.s.c.c.u.InetUtils - [convertAddress,170] - Cannot determine local hostname
11:20:05.717 [main] INFO  c.b.s.OjSystemApplication - [logStarted,57] - Started OjSystemApplication in 16.265 seconds (process running for 17.459)
11:20:05.722 [main] INFO  c.a.n.c.c.i.CacheData - [<clinit>,67] - nacos.cache.data.init.snapshot = true 
11:20:05.724 [main] INFO  c.a.n.c.c.i.ClientWorker - [addCacheDataIfAbsent,380] - [fixed-1b90f136-42ba-4e2e-9214-fe3fa7476e5e-localhost_8848] [subscribe] oj-system-local.yaml+DEFAULT_GROUP+1b90f136-42ba-4e2e-9214-fe3fa7476e5e
11:20:05.735 [main] INFO  c.a.n.c.c.i.CacheData - [addListener,197] - [fixed-1b90f136-42ba-4e2e-9214-fe3fa7476e5e-localhost_8848] [add-listener] ok, tenant=1b90f136-42ba-4e2e-9214-fe3fa7476e5e, dataId=oj-system-local.yaml, group=DEFAULT_GROUP, cnt=1
11:20:05.735 [main] INFO  c.a.c.n.r.NacosContextRefresher - [registerNacosListener,129] - [Nacos Config] Listening config: dataId=oj-system-local.yaml, group=DEFAULT_GROUP
11:20:05.737 [main] INFO  c.a.n.c.c.i.ClientWorker - [addCacheDataIfAbsent,380] - [fixed-1b90f136-42ba-4e2e-9214-fe3fa7476e5e-localhost_8848] [subscribe] oj-system+DEFAULT_GROUP+1b90f136-42ba-4e2e-9214-fe3fa7476e5e
11:20:05.737 [main] INFO  c.a.n.c.c.i.CacheData - [addListener,197] - [fixed-1b90f136-42ba-4e2e-9214-fe3fa7476e5e-localhost_8848] [add-listener] ok, tenant=1b90f136-42ba-4e2e-9214-fe3fa7476e5e, dataId=oj-system, group=DEFAULT_GROUP, cnt=1
11:20:05.737 [main] INFO  c.a.c.n.r.NacosContextRefresher - [registerNacosListener,129] - [Nacos Config] Listening config: dataId=oj-system, group=DEFAULT_GROUP
11:20:05.738 [main] INFO  c.a.n.c.c.i.ClientWorker - [addCacheDataIfAbsent,380] - [fixed-1b90f136-42ba-4e2e-9214-fe3fa7476e5e-localhost_8848] [subscribe] oj-system.yaml+DEFAULT_GROUP+1b90f136-42ba-4e2e-9214-fe3fa7476e5e
11:20:05.738 [main] INFO  c.a.n.c.c.i.CacheData - [addListener,197] - [fixed-1b90f136-42ba-4e2e-9214-fe3fa7476e5e-localhost_8848] [add-listener] ok, tenant=1b90f136-42ba-4e2e-9214-fe3fa7476e5e, dataId=oj-system.yaml, group=DEFAULT_GROUP, cnt=1
11:20:05.738 [main] INFO  c.a.c.n.r.NacosContextRefresher - [registerNacosListener,129] - [Nacos Config] Listening config: dataId=oj-system.yaml, group=DEFAULT_GROUP
15:33:29.783 [SpringApplicationShutdownHook] INFO  c.a.c.n.r.NacosServiceRegistry - [deregister,95] - De-registering from Nacos Server now...
15:33:29.785 [SpringApplicationShutdownHook] INFO  c.a.n.client.naming - [deregisterService,217] - [DEREGISTER-SERVICE] 1b90f136-42ba-4e2e-9214-fe3fa7476e5e deregistering service oj-system with instance: Instance{instanceId='null', ip='26.167.161.225', port=9201, weight=1.0, healthy=true, enabled=true, ephemeral=true, clusterName='DEFAULT', serviceName='null', metadata={}}
15:33:29.799 [SpringApplicationShutdownHook] INFO  c.a.c.n.r.NacosServiceRegistry - [deregister,115] - De-registration finished.
15:33:29.800 [SpringApplicationShutdownHook] INFO  c.a.n.client.naming - [shutdown,256] - com.alibaba.nacos.client.naming.cache.ServiceInfoHolder do shutdown begin
15:33:29.800 [SpringApplicationShutdownHook] INFO  c.a.n.client.naming - [shutdown,136] - com.alibaba.nacos.client.naming.backups.FailoverReactor do shutdown begin
15:33:29.801 [SpringApplicationShutdownHook] INFO  c.a.n.client.naming - [shutdown,138] - com.alibaba.nacos.client.naming.backups.FailoverReactor do shutdown stop
15:33:29.801 [SpringApplicationShutdownHook] INFO  c.a.n.client.naming - [shutdown,258] - com.alibaba.nacos.client.naming.cache.ServiceInfoHolder do shutdown stop
15:33:29.801 [SpringApplicationShutdownHook] INFO  c.a.n.client.naming - [shutdown,204] - com.alibaba.nacos.client.naming.remote.NamingClientProxyDelegate do shutdown begin
15:33:29.801 [SpringApplicationShutdownHook] INFO  c.a.n.client.naming - [shutdown,143] - com.alibaba.nacos.client.naming.core.ServiceInfoUpdateService do shutdown begin
15:33:29.801 [SpringApplicationShutdownHook] INFO  c.a.n.client.naming - [shutdown,145] - com.alibaba.nacos.client.naming.core.ServiceInfoUpdateService do shutdown stop
15:33:29.802 [SpringApplicationShutdownHook] INFO  c.a.n.client.naming - [shutdown,194] - com.alibaba.nacos.client.naming.core.ServerListManager do shutdown begin
15:33:29.802 [SpringApplicationShutdownHook] INFO  c.a.n.client.naming - [shutdown,199] - com.alibaba.nacos.client.naming.core.ServerListManager do shutdown stop
15:33:29.802 [SpringApplicationShutdownHook] INFO  c.a.n.client.naming - [shutdown,484] - com.alibaba.nacos.client.naming.remote.http.NamingHttpClientProxy do shutdown begin
15:33:29.802 [SpringApplicationShutdownHook] INFO  c.a.n.client.naming - [shutdown,486] - com.alibaba.nacos.client.naming.remote.http.NamingHttpClientProxy do shutdown stop
15:33:29.802 [SpringApplicationShutdownHook] INFO  c.a.n.c.r.client - [shutdown,429] - Shutdown rpc client, set status to shutdown
15:33:29.803 [SpringApplicationShutdownHook] INFO  c.a.n.c.r.client - [shutdown,431] - Shutdown client event executor java.util.concurrent.ScheduledThreadPoolExecutor@38af0c23[Running, pool size = 2, active threads = 2, queued tasks = 0, completed tasks = 0]
15:33:29.803 [SpringApplicationShutdownHook] INFO  c.a.n.c.r.client - [closeConnection,584] - Close current connection 1768274403919_172.17.0.1_37498
15:33:29.807 [nacos-grpc-client-executor-localhost-3092] INFO  c.a.n.c.r.c.g.GrpcClient - [printIfInfoEnabled,63] - [1768274403919_172.17.0.1_37498]Ignore complete event,isRunning:false,isAbandon=false
15:33:29.818 [SpringApplicationShutdownHook] INFO  c.a.n.c.r.c.g.GrpcClient - [shutdown,159] - Shutdown grpc executor java.util.concurrent.ThreadPoolExecutor@2b5bd5a5[Running, pool size = 4, active threads = 0, queued tasks = 0, completed tasks = 3093]
15:33:29.818 [SpringApplicationShutdownHook] INFO  c.a.n.client.naming - [shutdown,318] - Shutdown grpc redo service executor java.util.concurrent.ScheduledThreadPoolExecutor@1c815e3c[Running, pool size = 1, active threads = 0, queued tasks = 1, completed tasks = 5055]
15:33:29.820 [SpringApplicationShutdownHook] INFO  c.a.n.c.a.r.i.CredentialWatcher - [stop,106] - [null] CredentialWatcher is stopped
15:33:29.821 [SpringApplicationShutdownHook] INFO  c.a.n.c.a.r.i.CredentialService - [free,100] - [null] CredentialService is freed
15:33:29.821 [SpringApplicationShutdownHook] INFO  c.a.n.client.naming - [shutdown,211] - com.alibaba.nacos.client.naming.remote.NamingClientProxyDelegate do shutdown stop
15:33:35.115 [main] INFO  c.a.n.c.u.ParamUtil - [<clinit>,87] - [settings] [req-serv] nacos-server port:8848
15:33:35.115 [main] INFO  c.a.n.c.u.ParamUtil - [<clinit>,98] - [settings] [http-client] connect timeout:1000
15:33:35.117 [main] INFO  c.a.n.c.u.ParamUtil - [<clinit>,105] - PER_TASK_CONFIG_SIZE: 3000.0
15:33:35.161 [main] INFO  c.a.n.p.a.s.c.ClientAuthPluginManager - [init,56] - [ClientAuthPluginManager] Load ClientAuthService com.alibaba.nacos.client.auth.impl.NacosClientAuthServiceImpl success.
15:33:35.162 [main] INFO  c.a.n.p.a.s.c.ClientAuthPluginManager - [init,56] - [ClientAuthPluginManager] Load ClientAuthService com.alibaba.nacos.client.auth.ram.RamClientAuthServiceImpl success.
15:33:35.168 [main] INFO  c.a.n.c.a.r.i.CredentialWatcher - [loadCredential,165] - null No credential found
15:33:36.966 [main] INFO  c.a.n.c.c.i.LocalConfigInfoProcessor - [<clinit>,63] - LOCAL_SNAPSHOT_PATH:C:\Users\YUAN\nacos\config
15:33:36.973 [main] INFO  c.a.n.c.r.client - [lambda$createClient$0,108] - [RpcClientFactory] create a new rpc client of e13c6995-2644-4cfe-ac9c-354270124426_config-0
15:33:37.008 [main] INFO  c.a.n.c.r.client - [printIfInfoEnabled,63] - [e13c6995-2644-4cfe-ac9c-354270124426_config-0] Register server push request handler:com.alibaba.nacos.client.config.impl.ClientWorker$ConfigRpcTransportClient$$Lambda$576/0x0000021ecf313680
15:33:37.008 [main] INFO  c.a.n.c.r.client - [printIfInfoEnabled,63] - [e13c6995-2644-4cfe-ac9c-354270124426_config-0] Register server push request handler:com.alibaba.nacos.client.config.impl.ClientWorker$ConfigRpcTransportClient$$Lambda$577/0x0000021ecf313aa0
15:33:37.009 [main] INFO  c.a.n.c.r.client - [printIfInfoEnabled,63] - [e13c6995-2644-4cfe-ac9c-354270124426_config-0] Registry connection listener to current client:com.alibaba.nacos.client.config.impl.ClientWorker$ConfigRpcTransportClient$1
15:33:37.010 [main] INFO  c.a.n.c.r.client - [printIfInfoEnabled,63] - [e13c6995-2644-4cfe-ac9c-354270124426_config-0] RpcClient init, ServerListFactory = com.alibaba.nacos.client.config.impl.ClientWorker$ConfigRpcTransportClient$2
15:33:37.023 [main] INFO  c.a.n.c.r.client - [printIfInfoEnabled,63] - [e13c6995-2644-4cfe-ac9c-354270124426_config-0] Try to connect to server on start up, server: {serverIp = 'localhost', server main port = 8848}
15:33:37.088 [main] INFO  c.a.n.c.r.c.g.GrpcClient - [createNewManagedChannel,182] - grpc client connection server:localhost ip,serverPort:9848,grpcTslConfig:{"sslProvider":"OPENSSL","enableTls":false,"mutualAuthEnable":false,"trustAll":false}
15:33:39.197 [main] INFO  c.a.n.c.r.client - [printIfInfoEnabled,63] - [e13c6995-2644-4cfe-ac9c-354270124426_config-0] Success to connect to server [localhost:8848] on start up, connectionId = 1768289618927_172.17.0.1_38090
15:33:39.199 [com.alibaba.nacos.client.remote.worker] INFO  c.a.n.c.r.client - [printIfInfoEnabled,63] - [e13c6995-2644-4cfe-ac9c-354270124426_config-0] Notify connected event to listeners.
15:33:39.199 [com.alibaba.nacos.client.remote.worker] INFO  c.a.n.c.c.i.ClientWorker - [onConnected,639] - [e13c6995-2644-4cfe-ac9c-354270124426_config-0] Connected,notify listen context...
15:33:39.199 [main] INFO  c.a.n.c.r.client - [printIfInfoEnabled,63] - [e13c6995-2644-4cfe-ac9c-354270124426_config-0] Register server push request handler:com.alibaba.nacos.common.remote.client.RpcClient$ConnectResetRequestHandler
15:33:39.200 [main] INFO  c.a.n.c.r.client - [printIfInfoEnabled,63] - [e13c6995-2644-4cfe-ac9c-354270124426_config-0] Register server push request handler:com.alibaba.nacos.common.remote.client.RpcClient$$Lambda$598/0x0000021ecf4a2c28
15:33:39.270 [main] INFO  c.a.n.c.c.i.Limiter - [<clinit>,62] - limitTime:5.0
15:33:39.313 [main] INFO  c.a.n.c.c.u.JvmUtil - [<clinit>,54] - isMultiInstance:false
15:33:39.320 [main] INFO  o.s.c.b.c.PropertySourceBootstrapConfiguration - [initialize,108] - Located property source: [BootstrapPropertySource {name='bootstrapProperties-oj-system-local.yaml,DEFAULT_GROUP'}, BootstrapPropertySource {name='bootstrapProperties-oj-system.yaml,DEFAULT_GROUP'}, BootstrapPropertySource {name='bootstrapProperties-oj-system,DEFAULT_GROUP'}]
15:33:39.328 [main] INFO  c.b.s.OjSystemApplication - [logStartupProfileInfo,636] - The following 1 profile is active: "local"
15:33:40.282 [main] INFO  o.s.c.c.s.GenericScope - [setSerializationId,282] - BeanFactory id=af0e317a-cbe5-306d-ade6-0db1051cb3e5
15:33:40.704 [main] INFO  o.s.b.w.e.t.TomcatWebServer - [initialize,108] - Tomcat initialized with port(s): 9201 (http)
15:33:40.705 [main] INFO  o.a.c.c.AprLifecycleListener - [log,173] - An older version [1.3.1] of the Apache Tomcat Native library is installed, while Tomcat recommends a minimum version of [2.0.1]
15:33:40.706 [main] INFO  o.a.c.c.AprLifecycleListener - [log,173] - Loaded Apache Tomcat Native library [1.3.1] using APR version [1.7.4].
15:33:40.713 [main] INFO  o.a.c.c.AprLifecycleListener - [log,173] - OpenSSL successfully initialized [OpenSSL 3.0.14 4 Jun 2024]
15:33:40.732 [main] INFO  o.a.c.h.Http11NioProtocol - [log,173] - Initializing ProtocolHandler ["http-nio-9201"]
15:33:40.733 [main] INFO  o.a.c.c.StandardService - [log,173] - Starting service [Tomcat]
15:33:40.733 [main] INFO  o.a.c.c.StandardEngine - [log,173] - Starting Servlet engine: [Apache Tomcat/10.1.4]
15:33:40.892 [main] INFO  o.a.c.c.C.[.[.[/] - [log,173] - Initializing Spring embedded WebApplicationContext
15:33:40.893 [main] INFO  o.s.b.w.s.c.ServletWebServerApplicationContext - [prepareWebApplicationContext,291] - Root WebApplicationContext: initialization completed in 1546 ms
15:33:43.530 [main] INFO  o.s.c.c.u.InetUtils - [convertAddress,170] - Cannot determine local hostname
15:33:46.488 [main] INFO  o.s.c.c.u.InetUtils - [convertAddress,170] - Cannot determine local hostname
15:33:46.541 [main] INFO  o.a.c.h.Http11NioProtocol - [log,173] - Starting ProtocolHandler ["http-nio-9201"]
15:33:46.560 [main] INFO  o.s.b.w.e.t.TomcatWebServer - [start,220] - Tomcat started on port(s): 9201 (http) with context path ''
15:33:46.566 [main] INFO  c.a.n.client.naming - [initNamespaceForNaming,62] - initializer namespace from ans.namespace attribute : null
15:33:46.566 [main] INFO  c.a.n.client.naming - [lambda$initNamespaceForNaming$0,66] - initializer namespace from ALIBABA_ALIWARE_NAMESPACE attribute :null
15:33:46.567 [main] INFO  c.a.n.client.naming - [lambda$initNamespaceForNaming$1,73] - initializer namespace from namespace attribute :null
15:33:46.579 [main] INFO  c.a.n.p.a.s.c.ClientAuthPluginManager - [init,56] - [ClientAuthPluginManager] Load ClientAuthService com.alibaba.nacos.client.auth.impl.NacosClientAuthServiceImpl success.
15:33:46.579 [main] INFO  c.a.n.p.a.s.c.ClientAuthPluginManager - [init,56] - [ClientAuthPluginManager] Load ClientAuthService com.alibaba.nacos.client.auth.ram.RamClientAuthServiceImpl success.
15:33:46.584 [main] INFO  c.a.n.c.r.client - [lambda$createClient$0,108] - [RpcClientFactory] create a new rpc client of 27c52f3e-0601-4522-a1e1-13e6f97a7c22
15:33:46.586 [main] INFO  c.a.n.c.r.client - [printIfInfoEnabled,63] - [27c52f3e-0601-4522-a1e1-13e6f97a7c22] RpcClient init, ServerListFactory = com.alibaba.nacos.client.naming.core.ServerListManager
15:33:46.586 [main] INFO  c.a.n.c.r.client - [printIfInfoEnabled,63] - [27c52f3e-0601-4522-a1e1-13e6f97a7c22] Registry connection listener to current client:com.alibaba.nacos.client.naming.remote.gprc.redo.NamingGrpcRedoService
15:33:46.587 [main] INFO  c.a.n.c.r.client - [printIfInfoEnabled,63] - [27c52f3e-0601-4522-a1e1-13e6f97a7c22] Register server push request handler:com.alibaba.nacos.client.naming.remote.gprc.NamingPushRequestHandler
15:33:46.588 [main] INFO  c.a.n.c.r.client - [printIfInfoEnabled,63] - [27c52f3e-0601-4522-a1e1-13e6f97a7c22] Try to connect to server on start up, server: {serverIp = 'localhost', server main port = 8848}
15:33:46.589 [main] INFO  c.a.n.c.r.c.g.GrpcClient - [createNewManagedChannel,182] - grpc client connection server:localhost ip,serverPort:9848,grpcTslConfig:{"sslProvider":"OPENSSL","enableTls":false,"mutualAuthEnable":false,"trustAll":false}
15:33:46.721 [main] INFO  c.a.n.c.r.client - [printIfInfoEnabled,63] - [27c52f3e-0601-4522-a1e1-13e6f97a7c22] Success to connect to server [localhost:8848] on start up, connectionId = 1768289626599_172.17.0.1_34012
15:33:46.721 [main] INFO  c.a.n.c.r.client - [printIfInfoEnabled,63] - [27c52f3e-0601-4522-a1e1-13e6f97a7c22] Register server push request handler:com.alibaba.nacos.common.remote.client.RpcClient$ConnectResetRequestHandler
15:33:46.721 [com.alibaba.nacos.client.remote.worker] INFO  c.a.n.c.r.client - [printIfInfoEnabled,63] - [27c52f3e-0601-4522-a1e1-13e6f97a7c22] Notify connected event to listeners.
15:33:46.721 [main] INFO  c.a.n.c.r.client - [printIfInfoEnabled,63] - [27c52f3e-0601-4522-a1e1-13e6f97a7c22] Register server push request handler:com.alibaba.nacos.common.remote.client.RpcClient$$Lambda$598/0x0000021ecf4a2c28
15:33:46.721 [com.alibaba.nacos.client.remote.worker] INFO  c.a.n.client.naming - [onConnected,78] - Grpc connection connect
15:33:46.723 [main] INFO  c.a.n.client.naming - [registerService,121] - [REGISTER-SERVICE] 1b90f136-42ba-4e2e-9214-fe3fa7476e5e registering service oj-system with instance Instance{instanceId='null', ip='26.167.161.225', port=9201, weight=1.0, healthy=true, enabled=true, ephemeral=true, clusterName='DEFAULT', serviceName='null', metadata={IPv6=[2001:0:14c9:d502:8c6:bfd8:2176:f5f9], preserved.register.source=SPRING_CLOUD}}
15:33:46.745 [main] INFO  c.a.c.n.r.NacosServiceRegistry - [register,76] - nacos registry, DEFAULT_GROUP oj-system 26.167.161.225:9201 register finished
15:33:48.476 [main] INFO  o.s.c.c.u.InetUtils - [convertAddress,170] - Cannot determine local hostname
15:33:48.486 [main] INFO  c.b.s.OjSystemApplication - [logStarted,57] - Started OjSystemApplication in 16.018 seconds (process running for 17.072)
15:33:48.491 [main] INFO  c.a.n.c.c.i.CacheData - [<clinit>,67] - nacos.cache.data.init.snapshot = true 
15:33:48.493 [main] INFO  c.a.n.c.c.i.ClientWorker - [addCacheDataIfAbsent,380] - [fixed-1b90f136-42ba-4e2e-9214-fe3fa7476e5e-localhost_8848] [subscribe] oj-system-local.yaml+DEFAULT_GROUP+1b90f136-42ba-4e2e-9214-fe3fa7476e5e
15:33:48.505 [main] INFO  c.a.n.c.c.i.CacheData - [addListener,197] - [fixed-1b90f136-42ba-4e2e-9214-fe3fa7476e5e-localhost_8848] [add-listener] ok, tenant=1b90f136-42ba-4e2e-9214-fe3fa7476e5e, dataId=oj-system-local.yaml, group=DEFAULT_GROUP, cnt=1
15:33:48.505 [main] INFO  c.a.c.n.r.NacosContextRefresher - [registerNacosListener,129] - [Nacos Config] Listening config: dataId=oj-system-local.yaml, group=DEFAULT_GROUP
15:33:48.506 [main] INFO  c.a.n.c.c.i.ClientWorker - [addCacheDataIfAbsent,380] - [fixed-1b90f136-42ba-4e2e-9214-fe3fa7476e5e-localhost_8848] [subscribe] oj-system+DEFAULT_GROUP+1b90f136-42ba-4e2e-9214-fe3fa7476e5e
15:33:48.506 [main] INFO  c.a.n.c.c.i.CacheData - [addListener,197] - [fixed-1b90f136-42ba-4e2e-9214-fe3fa7476e5e-localhost_8848] [add-listener] ok, tenant=1b90f136-42ba-4e2e-9214-fe3fa7476e5e, dataId=oj-system, group=DEFAULT_GROUP, cnt=1
15:33:48.506 [main] INFO  c.a.c.n.r.NacosContextRefresher - [registerNacosListener,129] - [Nacos Config] Listening config: dataId=oj-system, group=DEFAULT_GROUP
15:33:48.507 [main] INFO  c.a.n.c.c.i.ClientWorker - [addCacheDataIfAbsent,380] - [fixed-1b90f136-42ba-4e2e-9214-fe3fa7476e5e-localhost_8848] [subscribe] oj-system.yaml+DEFAULT_GROUP+1b90f136-42ba-4e2e-9214-fe3fa7476e5e
15:33:48.507 [main] INFO  c.a.n.c.c.i.CacheData - [addListener,197] - [fixed-1b90f136-42ba-4e2e-9214-fe3fa7476e5e-localhost_8848] [add-listener] ok, tenant=1b90f136-42ba-4e2e-9214-fe3fa7476e5e, dataId=oj-system.yaml, group=DEFAULT_GROUP, cnt=1
15:33:48.507 [main] INFO  c.a.c.n.r.NacosContextRefresher - [registerNacosListener,129] - [Nacos Config] Listening config: dataId=oj-system.yaml, group=DEFAULT_GROUP
16:42:04.924 [http-nio-9201-exec-1] INFO  o.a.c.c.C.[.[.[/] - [log,173] - Initializing Spring DispatcherServlet 'dispatcherServlet'
16:42:04.924 [http-nio-9201-exec-1] INFO  o.s.w.s.DispatcherServlet - [initServletBean,532] - Initializing Servlet 'dispatcherServlet'
16:42:04.925 [http-nio-9201-exec-1] INFO  o.s.w.s.DispatcherServlet - [initServletBean,554] - Completed initialization in 1 ms
16:42:05.056 [http-nio-9201-exec-1] INFO  c.z.h.HikariDataSource - [getConnection,110] - HikariPool-1 - Starting...
16:42:05.524 [http-nio-9201-exec-1] INFO  c.z.h.p.HikariPool - [checkFailFast,565] - HikariPool-1 - Added connection com.mysql.cj.jdbc.ConnectionImpl@4c2e24e0
16:42:05.526 [http-nio-9201-exec-1] INFO  c.z.h.HikariDataSource - [getConnection,123] - HikariPool-1 - Start completed.
21:02:05.820 [SpringApplicationShutdownHook] INFO  c.a.c.n.r.NacosServiceRegistry - [deregister,95] - De-registering from Nacos Server now...
21:02:05.821 [SpringApplicationShutdownHook] INFO  c.a.n.client.naming - [deregisterService,217] - [DEREGISTER-SERVICE] 1b90f136-42ba-4e2e-9214-fe3fa7476e5e deregistering service oj-system with instance: Instance{instanceId='null', ip='26.167.161.225', port=9201, weight=1.0, healthy=true, enabled=true, ephemeral=true, clusterName='DEFAULT', serviceName='null', metadata={}}
21:02:05.829 [SpringApplicationShutdownHook] INFO  c.a.c.n.r.NacosServiceRegistry - [deregister,115] - De-registration finished.
21:02:05.830 [SpringApplicationShutdownHook] INFO  c.a.n.client.naming - [shutdown,256] - com.alibaba.nacos.client.naming.cache.ServiceInfoHolder do shutdown begin
21:02:05.830 [SpringApplicationShutdownHook] INFO  c.a.n.client.naming - [shutdown,136] - com.alibaba.nacos.client.naming.backups.FailoverReactor do shutdown begin
21:02:05.831 [SpringApplicationShutdownHook] INFO  c.a.n.client.naming - [shutdown,138] - com.alibaba.nacos.client.naming.backups.FailoverReactor do shutdown stop
21:02:05.831 [SpringApplicationShutdownHook] INFO  c.a.n.client.naming - [shutdown,258] - com.alibaba.nacos.client.naming.cache.ServiceInfoHolder do shutdown stop
21:02:05.831 [SpringApplicationShutdownHook] INFO  c.a.n.client.naming - [shutdown,204] - com.alibaba.nacos.client.naming.remote.NamingClientProxyDelegate do shutdown begin
21:02:05.831 [SpringApplicationShutdownHook] INFO  c.a.n.client.naming - [shutdown,143] - com.alibaba.nacos.client.naming.core.ServiceInfoUpdateService do shutdown begin
21:02:05.832 [SpringApplicationShutdownHook] INFO  c.a.n.client.naming - [shutdown,145] - com.alibaba.nacos.client.naming.core.ServiceInfoUpdateService do shutdown stop
21:02:05.832 [SpringApplicationShutdownHook] INFO  c.a.n.client.naming - [shutdown,194] - com.alibaba.nacos.client.naming.core.ServerListManager do shutdown begin
21:02:05.832 [SpringApplicationShutdownHook] INFO  c.a.n.client.naming - [shutdown,199] - com.alibaba.nacos.client.naming.core.ServerListManager do shutdown stop
21:02:05.832 [SpringApplicationShutdownHook] INFO  c.a.n.client.naming - [shutdown,484] - com.alibaba.nacos.client.naming.remote.http.NamingHttpClientProxy do shutdown begin
21:02:05.832 [SpringApplicationShutdownHook] INFO  c.a.n.client.naming - [shutdown,486] - com.alibaba.nacos.client.naming.remote.http.NamingHttpClientProxy do shutdown stop
21:02:05.833 [SpringApplicationShutdownHook] INFO  c.a.n.c.r.client - [shutdown,429] - Shutdown rpc client, set status to shutdown
21:02:05.833 [SpringApplicationShutdownHook] INFO  c.a.n.c.r.client - [shutdown,431] - Shutdown client event executor java.util.concurrent.ScheduledThreadPoolExecutor@26280dbe[Running, pool size = 2, active threads = 2, queued tasks = 0, completed tasks = 0]
21:02:05.833 [SpringApplicationShutdownHook] INFO  c.a.n.c.r.client - [closeConnection,584] - Close current connection 1768289626599_172.17.0.1_34012
21:02:05.852 [SpringApplicationShutdownHook] INFO  c.a.n.c.r.c.g.GrpcClient - [shutdown,159] - Shutdown grpc executor java.util.concurrent.ThreadPoolExecutor@3a50259b[Running, pool size = 4, active threads = 0, queued tasks = 0, completed tasks = 3955]
21:02:05.852 [SpringApplicationShutdownHook] INFO  c.a.n.client.naming - [shutdown,318] - Shutdown grpc redo service executor java.util.concurrent.ScheduledThreadPoolExecutor@3dc01497[Running, pool size = 1, active threads = 0, queued tasks = 1, completed tasks = 6549]
21:02:05.855 [SpringApplicationShutdownHook] INFO  c.a.n.c.a.r.i.CredentialWatcher - [stop,106] - [null] CredentialWatcher is stopped
21:02:05.855 [SpringApplicationShutdownHook] INFO  c.a.n.c.a.r.i.CredentialService - [free,100] - [null] CredentialService is freed
21:02:05.855 [SpringApplicationShutdownHook] INFO  c.a.n.client.naming - [shutdown,211] - com.alibaba.nacos.client.naming.remote.NamingClientProxyDelegate do shutdown stop
21:02:05.857 [SpringApplicationShutdownHook] INFO  c.z.h.HikariDataSource - [close,350] - HikariPool-1 - Shutdown initiated...
21:02:05.864 [SpringApplicationShutdownHook] INFO  c.z.h.HikariDataSource - [close,352] - HikariPool-1 - Shutdown completed.
